#
# A fatal error has been detected by the Java Runtime Environment:
#
#  SIGSEGV (0xb) at pc=0xb6de377a, pid=8787, tid=1721285440
#
# JRE version: 6.0_27-b27
# Java VM: OpenJDK Server VM (20.0-b12 mixed mode linux-x86 )
# Derivative: IcedTea6 1.12.5
# Distribution: Ubuntu 12.04 LTS, package 6b27-1.12.5-0ubuntu0.12.04.1
# Problematic frame:
# V  [libjvm.so+0x4ff77a]  methodOopDesc::fast_exception_handler_bci_for(KlassHandle, int, Thread*)+0x1a
#
# If you would like to submit a bug report, please include
# instructions how to reproduce the bug and visit:
#   https://bugs.launchpad.net/ubuntu/+source/openjdk-6/
# The crash happened outside the Java Virtual Machine in native code.
# See problematic frame for where to report the bug.
#

---------------  T H R E A D  ---------------

Current thread (0x6a1d4c00):  JavaThread "Thread-2" [_thread_in_native, id=8817, stack(0x6693b000,0x6698c000)]

siginfo:si_signo=SIGSEGV: si_errno=0, si_code=1 (SEGV_MAPERR), si_addr=0x616a0037

Registers:
EAX=0x616a001b, EBX=0xb7147ff4, ECX=0x6ab026f0, EDX=0x00000004
ESP=0x6697a9a8, EBP=0x6b2d2380, ESI=0x6a1d4c00, EDI=0x6ab026ec
EIP=0xb6de377a, EFLAGS=0x00210292, CR2=0x616a0037

Top of Stack: (sp=0x6697a9a8)
0x6697a9a8:   b339b688 b33a545e 00000000 b7147ff4
0x6697a9b8:   6a1d4c00 6ab026ec 00000000 b6c75238
0x6697a9c8:   6a1d4c00 6b2df360 00000000 6b3dc730
0x6697a9d8:   6a1d4c00 b33a545e 6b2d1188 b6bee837
0x6697a9e8:   6b3dd520 6b3dd4dc 6b3dd398 b7147ff4
0x6697a9f8:   6a1d4c00 6ab026ec 6b2d0ec0 b6c750b3
0x6697aa08:   6b2d2380 6ab026fc 00000004 6a1d4c00
0x6697aa18:   00000000 6697aaa4 6697aa84 6b3dd398 

Instructions: (pc=0xb6de377a)
0xb6de375a:   bc 27 00 00 00 00 55 57 56 53 83 ec 4c e8 00 00
0xb6de376a:   00 00 5b 81 c3 88 48 36 00 8b 6c 24 60 8b 45 08
0xb6de377a:   8b 70 1c 85 f6 0f 84 1b 03 00 00 8b 4c 24 6c 8b
0xb6de378a:   b9 a4 00 00 00 8b 57 08 83 fa fb 0f 87 c5 02 00 

Register to memory mapping:

EAX=0x616a001b is an unknown value
EBX=0xb7147ff4: <offset 0x863ff4> in /usr/lib/jvm/java-6-openjdk-i386/jre/lib/i386/server/libjvm.so at 0xb68e4000
ECX=0x6ab026f0 is an unknown value
EDX=0x00000004 is an unknown value
ESP=0x6697a9a8 is pointing into the stack for thread: 0x6a1d4c00
EBP=0x6b2d2380 is an oop
{symbol} 
 - klass: {other class}
ESI=0x6a1d4c00 is a thread
EDI=0x6ab026ec is an unknown value


Stack: [0x6693b000,0x6698c000],  sp=0x6697a9a8,  free space=254k
Native frames: (J=compiled Java code, j=interpreted, Vv=VM code, C=native code)
V  [libjvm.so+0x4ff77a]  methodOopDesc::fast_exception_handler_bci_for(KlassHandle, int, Thread*)+0x1a

Java frames: (J=compiled Java code, j=interpreted, Vv=VM code)
j  java.io.FileOutputStream.write([BII)V+4
j  java.io.BufferedOutputStream.flushBuffer()V+20
j  java.io.BufferedOutputStream.flush()V+1
j  java.io.PrintStream.write([BII)V+30
j  sun.nio.cs.StreamEncoder.writeBytes()V+120
j  sun.nio.cs.StreamEncoder.implFlushBuffer()V+11
j  sun.nio.cs.StreamEncoder.flushBuffer()V+15
j  java.io.OutputStreamWriter.flushBuffer()V+4
j  java.io.PrintStream.write(Ljava/lang/String;)V+27
j  java.io.PrintStream.print(Ljava/lang/String;)V+9
j  java.io.PrintStream.println(Ljava/lang/String;)V+6
j  org.openforis.calc.r.R$RCallbacks.rWriteConsole(Lorg/rosuda/JRI/Rengine;Ljava/lang/String;I)V+4
j  org.rosuda.JRI.Rengine.jriWriteConsole(Ljava/lang/String;I)V+14
v  ~StubRoutines::call_stub

---------------  P R O C E S S  ---------------

Java Threads: ( => current thread )
=>0x6a1d4c00 JavaThread "Thread-2" [_thread_in_native, id=8817, stack(0x6693b000,0x6698c000)]
  0x6a104400 JavaThread "Thread-1" [_thread_in_Java, id=8816, stack(0x684af000,0x68500000)]
  0x68a53800 JavaThread "SimpleAsyncTaskExecutor-1" [_thread_in_vm, id=8815, stack(0x69797000,0x697e8000)]
  0xb66d6c00 JavaThread "Low Memory Detector" daemon [_thread_blocked, id=8813, stack(0x6a02e000,0x6a07f000)]
  0xb66d5000 JavaThread "C2 CompilerThread1" daemon [_thread_blocked, id=8812, stack(0x6a07f000,0x6a100000)]
  0xb66d3000 JavaThread "C2 CompilerThread0" daemon [_thread_blocked, id=8811, stack(0x6a22e000,0x6a2af000)]
  0x6a300800 JavaThread "JDWP Command Reader" daemon [_thread_in_native, id=8806, stack(0x6a2af000,0x6a300000)]
  0xb66d1400 JavaThread "JDWP Event Helper Thread" daemon [_thread_blocked, id=8804, stack(0x6a44a000,0x6a49b000)]
  0xb66cec00 JavaThread "JDWP Transport Listener: dt_socket" daemon [_thread_blocked, id=8803, stack(0x6a82e000,0x6a87f000)]
  0xb66c5800 JavaThread "Signal Dispatcher" daemon [_thread_blocked, id=8801, stack(0x6aa2e000,0x6aa7f000)]
  0xb66b6800 JavaThread "Finalizer" daemon [_thread_blocked, id=8800, stack(0x6ac2e000,0x6ac7f000)]
  0xb66b5000 JavaThread "Reference Handler" daemon [_thread_blocked, id=8799, stack(0x6a49b000,0x6a4ec000)]
  0xb6609800 JavaThread "main" [_thread_blocked, id=8793, stack(0xb6764000,0xb67b5000)]

Other Threads:
  0xb66b2400 VMThread [stack: 0x6a4ec000,0x6a56d000] [id=8798]
  0xb66d8800 WatcherThread [stack: 0x69fad000,0x6a02e000] [id=8814]

VM state:not at safepoint (normal execution)

VM Mutex/Monitor currently owned by a thread: None

Heap
 PSYoungGen      total 67648K, used 9953K [0x9dd80000, 0xa2560000, 0xb32d0000)
  eden space 64768K, 10% used [0x9dd80000,0x9e469fa8,0xa1cc0000)
  from space 2880K, 99% used [0xa2090000,0xa235e7d8,0xa2360000)
  to   space 3904K, 0% used [0xa1cc0000,0xa1cc0000,0xa2090000)
 PSOldGen        total 43712K, used 1179K [0x732d0000, 0x75d80000, 0x9dd80000)
  object space 43712K, 2% used [0x732d0000,0x733f6d60,0x75d80000)
 PSPermGen       total 20992K, used 20923K [0x6b2d0000, 0x6c750000, 0x732d0000)
  object space 20992K, 99% used [0x6b2d0000,0x6c73ecb8,0x6c750000)

Code Cache  [0xb3399000, 0xb35d9000, 0xb6399000)
 total_blobs=450 nmethods=317 adapters=95 free_code_cache=48934784 largest_free_block=11328

Dynamic libraries:
08048000-08051000 r-xp 00000000 fc:01 8435083    /usr/lib/jvm/java-6-openjdk-i386/jre/bin/java
08051000-08052000 r--p 00008000 fc:01 8435083    /usr/lib/jvm/java-6-openjdk-i386/jre/bin/java
08052000-08053000 rw-p 00009000 fc:01 8435083    /usr/lib/jvm/java-6-openjdk-i386/jre/bin/java
09f44000-09f65000 rw-p 00000000 00:00 0          [heap]
62a00000-62aed000 rw-p 00000000 00:00 0 
62aed000-62b00000 ---p 00000000 00:00 0 
62c00000-62cce000 rw-p 00000000 00:00 0 
62cce000-62d00000 ---p 00000000 00:00 0 
62d00000-62deb000 rw-p 00000000 00:00 0 
62deb000-62e00000 ---p 00000000 00:00 0 
62e00000-62eff000 rw-p 00000000 00:00 0 
62eff000-62f00000 ---p 00000000 00:00 0 
62f00000-62feb000 rw-p 00000000 00:00 0 
62feb000-63000000 ---p 00000000 00:00 0 
63000000-63100000 rw-p 00000000 00:00 0 
63151000-6324f000 r-xp 00000000 fc:01 16929333   /usr/lib/i386-linux-gnu/libgfortran.so.3.0.0
6324f000-63250000 r--p 000fe000 fc:01 16929333   /usr/lib/i386-linux-gnu/libgfortran.so.3.0.0
63250000-63251000 rw-p 000ff000 fc:01 16929333   /usr/lib/i386-linux-gnu/libgfortran.so.3.0.0
63251000-63252000 rw-p 00000000 00:00 0 
63252000-639ef000 r-xp 00000000 fc:01 16930289   /usr/lib/lapack/liblapack.so.3gf.0
639ef000-639f0000 r--p 0079c000 fc:01 16930289   /usr/lib/lapack/liblapack.so.3gf.0
639f0000-639f3000 rw-p 0079d000 fc:01 16930289   /usr/lib/lapack/liblapack.so.3gf.0
639f3000-63b00000 rw-p 00000000 00:00 0 
63b00000-63b73000 rw-p 00000000 00:00 0 
63b73000-63c00000 ---p 00000000 00:00 0 
63cd0000-63e00000 rw-p 00000000 00:00 0 
63e00000-63eff000 rw-p 00000000 00:00 0 
63eff000-63f00000 ---p 00000000 00:00 0 
63f00000-63fff000 rw-p 00000000 00:00 0 
63fff000-64000000 ---p 00000000 00:00 0 
64000000-64100000 rw-p 00000000 00:00 0 
64142000-64180000 r-xp 00000000 fc:01 8577866    /usr/lib/R/library/grDevices/libs/grDevices.so
64180000-64183000 r--p 0003d000 fc:01 8577866    /usr/lib/R/library/grDevices/libs/grDevices.so
64183000-64185000 rw-p 00040000 fc:01 8577866    /usr/lib/R/library/grDevices/libs/grDevices.so
64185000-64186000 rw-p 00000000 00:00 0 
64200000-6425b000 rw-p 00000000 00:00 0 
6425b000-64300000 ---p 00000000 00:00 0 
64300000-643eb000 rw-p 00000000 00:00 0 
643eb000-64400000 ---p 00000000 00:00 0 
64400000-644f4000 rw-p 00000000 00:00 0 
644f4000-64500000 ---p 00000000 00:00 0 
64500000-645ca000 rw-p 00000000 00:00 0 
645ca000-64600000 ---p 00000000 00:00 0 
64600000-646fd000 rw-p 00000000 00:00 0 
646fd000-64700000 ---p 00000000 00:00 0 
647f7000-64900000 rw-p 00000000 00:00 0 
64900000-649c3000 rw-p 00000000 00:00 0 
649c3000-64a00000 ---p 00000000 00:00 0 
64a00000-64b00000 rw-p 00000000 00:00 0 
64b00000-64bce000 rw-p 00000000 00:00 0 
64bce000-64c00000 ---p 00000000 00:00 0 
64c00000-64ceb000 rw-p 00000000 00:00 0 
64ceb000-64d00000 ---p 00000000 00:00 0 
64d00000-64dce000 rw-p 00000000 00:00 0 
64dce000-64e00000 ---p 00000000 00:00 0 
64e00000-64eeb000 rw-p 00000000 00:00 0 
64eeb000-64f00000 ---p 00000000 00:00 0 
64f00000-64feb000 rw-p 00000000 00:00 0 
64feb000-65000000 ---p 00000000 00:00 0 
650ec000-6530c000 r-xp 00000000 fc:01 25369040   /usr/lib/R/lib/libR.so
6530c000-6530f000 r--p 0021f000 fc:01 25369040   /usr/lib/R/lib/libR.so
6530f000-65317000 rw-p 00222000 fc:01 25369040   /usr/lib/R/lib/libR.so
65317000-65400000 rw-p 00000000 00:00 0 
65400000-655ff000 rw-p 00000000 00:00 0 
655ff000-65600000 ---p 00000000 00:00 0 
65600000-656e8000 rw-p 00000000 00:00 0 
656e8000-65700000 ---p 00000000 00:00 0 
65700000-65800000 rw-p 00000000 00:00 0 
65800000-65900000 rw-p 00000000 00:00 0 
65900000-65a00000 rw-p 00000000 00:00 0 
65a00000-65c00000 rw-p 00000000 00:00 0 
65c00000-65d00000 rw-p 00000000 00:00 0 
65d00000-65dfd000 rw-p 00000000 00:00 0 
65dfd000-65e00000 ---p 00000000 00:00 0 
65e00000-65ef8000 rw-p 00000000 00:00 0 
65ef8000-65f00000 ---p 00000000 00:00 0 
65f00000-65ff0000 rw-p 00000000 00:00 0 
65ff0000-66000000 ---p 00000000 00:00 0 
66100000-661fe000 rw-p 00000000 00:00 0 
661fe000-66200000 ---p 00000000 00:00 0 
66200000-662fe000 rw-p 00000000 00:00 0 
662fe000-66300000 ---p 00000000 00:00 0 
66300000-66400000 rw-p 00000000 00:00 0 
66400000-664f9000 rw-p 00000000 00:00 0 
664f9000-66500000 ---p 00000000 00:00 0 
66500000-66689000 rw-p 00000000 00:00 0 
66689000-66700000 ---p 00000000 00:00 0 
66800000-668fc000 rw-p 00000000 00:00 0 
668fc000-66900000 ---p 00000000 00:00 0 
6693b000-6693e000 ---p 00000000 00:00 0 
6693e000-6698c000 rw-p 00000000 00:00 0 
6698c000-669fe000 r-xp 00000000 fc:01 16852581   /usr/lib/i386-linux-gnu/libquadmath.so.0.0.0
669fe000-669ff000 r--p 00071000 fc:01 16852581   /usr/lib/i386-linux-gnu/libquadmath.so.0.0.0
669ff000-66a00000 rw-p 00072000 fc:01 16852581   /usr/lib/i386-linux-gnu/libquadmath.so.0.0.0
66a00000-66afb000 rw-p 00000000 00:00 0 
66afb000-66b00000 ---p 00000000 00:00 0 
66b00000-66be2000 rw-p 00000000 00:00 0 
66be2000-66c00000 ---p 00000000 00:00 0 
66c00000-66cf3000 rw-p 00000000 00:00 0 
66cf3000-66d00000 ---p 00000000 00:00 0 
66d00000-66df9000 rw-p 00000000 00:00 0 
66df9000-66e00000 ---p 00000000 00:00 0 
66e00000-66ef1000 rw-p 00000000 00:00 0 
66ef1000-66f00000 ---p 00000000 00:00 0 
66f00000-67000000 rw-p 00000000 00:00 0 
67000000-670f9000 rw-p 00000000 00:00 0 
670f9000-67100000 ---p 00000000 00:00 0 
67100000-671f9000 rw-p 00000000 00:00 0 
671f9000-67200000 ---p 00000000 00:00 0 
67200000-672e4000 rw-p 00000000 00:00 0 
672e4000-67300000 ---p 00000000 00:00 0 
67300000-673fa000 rw-p 00000000 00:00 0 
673fa000-67400000 ---p 00000000 00:00 0 
67400000-674e2000 rw-p 00000000 00:00 0 
674e2000-67500000 ---p 00000000 00:00 0 
67500000-67600000 rw-p 00000000 00:00 0 
67600000-67700000 rw-p 00000000 00:00 0 
67700000-677fb000 rw-p 00000000 00:00 0 
677fb000-67800000 ---p 00000000 00:00 0 
67800000-67900000 rw-p 00000000 00:00 0 
67900000-67a00000 rw-p 00000000 00:00 0 
67a00000-67b00000 rw-p 00000000 00:00 0 
67b00000-67bfd000 rw-p 00000000 00:00 0 
67bfd000-67c00000 ---p 00000000 00:00 0 
67c00000-67cfd000 rw-p 00000000 00:00 0 
67cfd000-67d00000 ---p 00000000 00:00 0 
67d00000-67dff000 rw-p 00000000 00:00 0 
67dff000-67e00000 ---p 00000000 00:00 0 
67e00000-67eda000 rw-p 00000000 00:00 0 
67eda000-67f00000 ---p 00000000 00:00 0 
67f00000-67ff0000 rw-p 00000000 00:00 0 
67ff0000-68000000 ---p 00000000 00:00 0 
68000000-68100000 rw-p 00000000 00:00 0 
68100000-681fe000 rw-p 00000000 00:00 0 
681fe000-68200000 ---p 00000000 00:00 0 
68200000-68300000 rw-p 00000000 00:00 0 
68327000-683bd000 r-xp 00000000 fc:01 16972864   /usr/lib/R/library/stats/libs/stats.so
683bd000-683be000 r--p 00096000 fc:01 16972864   /usr/lib/R/library/stats/libs/stats.so
683be000-683bf000 rw-p 00097000 fc:01 16972864   /usr/lib/R/library/stats/libs/stats.so
683bf000-683fd000 r-xp 00000000 fc:01 180946     /usr/lib/R/library/graphics/libs/graphics.so
683fd000-683fe000 r--p 0003d000 fc:01 180946     /usr/lib/R/library/graphics/libs/graphics.so
683fe000-683ff000 rw-p 0003e000 fc:01 180946     /usr/lib/R/library/graphics/libs/graphics.so
683ff000-684af000 rw-p 00000000 00:00 0 
684af000-684b2000 ---p 00000000 00:00 0 
684b2000-68500000 rw-p 00000000 00:00 0 
68500000-685fb000 rw-p 00000000 00:00 0 
685fb000-68600000 ---p 00000000 00:00 0 
68600000-68700000 rw-p 00000000 00:00 0 
68700000-688fb000 rw-p 00000000 00:00 0 
688fb000-68900000 ---p 00000000 00:00 0 
68900000-689fc000 rw-p 00000000 00:00 0 
689fc000-68a00000 ---p 00000000 00:00 0 
68a00000-68b00000 rw-p 00000000 00:00 0 
68b24000-68b32000 r-xp 00000000 fc:01 180995     /usr/local/lib/R/site-library/rJava/libs/rJava.so
68b32000-68b33000 r--p 0000d000 fc:01 180995     /usr/local/lib/R/site-library/rJava/libs/rJava.so
68b33000-68b34000 rw-p 0000e000 fc:01 180995     /usr/local/lib/R/site-library/rJava/libs/rJava.so
68b34000-68b50000 r-xp 00000000 fc:00 8403951    /lib/i386-linux-gnu/libtinfo.so.5.9
68b50000-68b52000 r--p 0001b000 fc:00 8403951    /lib/i386-linux-gnu/libtinfo.so.5.9
68b52000-68b53000 rw-p 0001d000 fc:00 8403951    /lib/i386-linux-gnu/libtinfo.so.5.9
68b53000-68b61000 r-xp 00000000 fc:01 16852035   /usr/lib/i386-linux-gnu/libgomp.so.1.0.0
68b61000-68b62000 r--p 0000d000 fc:01 16852035   /usr/lib/i386-linux-gnu/libgomp.so.1.0.0
68b62000-68b63000 rw-p 0000e000 fc:01 16852035   /usr/lib/i386-linux-gnu/libgomp.so.1.0.0
68b63000-68b88000 r-xp 00000000 fc:01 16818872   /usr/lib/i386-linux-gnu/liblzma.so.5.0.0
68b88000-68b89000 r--p 00024000 fc:01 16818872   /usr/lib/i386-linux-gnu/liblzma.so.5.0.0
68b89000-68b8a000 rw-p 00025000 fc:01 16818872   /usr/lib/i386-linux-gnu/liblzma.so.5.0.0
68b8a000-68bc4000 r-xp 00000000 fc:00 8388922    /lib/i386-linux-gnu/libpcre.so.3.12.1
68bc4000-68bc5000 r--p 00039000 fc:00 8388922    /lib/i386-linux-gnu/libpcre.so.3.12.1
68bc5000-68bc6000 rw-p 0003a000 fc:00 8388922    /lib/i386-linux-gnu/libpcre.so.3.12.1
68bc6000-68bfb000 r-xp 00000000 fc:00 8389077    /lib/i386-linux-gnu/libreadline.so.6.2
68bfb000-68bfc000 r--p 00035000 fc:00 8389077    /lib/i386-linux-gnu/libreadline.so.6.2
68bfc000-68bff000 rw-p 00036000 fc:00 8389077    /lib/i386-linux-gnu/libreadline.so.6.2
68bff000-68c00000 rw-p 00000000 00:00 0 
68c00000-68cfc000 rw-p 00000000 00:00 0 
68cfc000-68d00000 ---p 00000000 00:00 0 
68d00000-68dfc000 rw-p 00000000 00:00 0 
68dfc000-68e00000 ---p 00000000 00:00 0 
68e00000-68ffd000 rw-p 00000000 00:00 0 
68ffd000-69000000 ---p 00000000 00:00 0 
69000000-690e6000 rw-p 00000000 00:00 0 
690e6000-69100000 ---p 00000000 00:00 0 
69100000-691e9000 rw-p 00000000 00:00 0 
691e9000-69200000 ---p 00000000 00:00 0 
69200000-692fa000 rw-p 00000000 00:00 0 
692fa000-69300000 ---p 00000000 00:00 0 
69300000-69400000 rw-p 00000000 00:00 0 
69400000-69500000 rw-p 00000000 00:00 0 
69500000-695e6000 rw-p 00000000 00:00 0 
695e6000-69600000 ---p 00000000 00:00 0 
69600000-696fb000 rw-p 00000000 00:00 0 
696fb000-69700000 ---p 00000000 00:00 0 
69709000-69718000 r-xp 00000000 fc:00 8388799    /lib/i386-linux-gnu/libbz2.so.1.0.4
69718000-69719000 r--p 0000e000 fc:00 8388799    /lib/i386-linux-gnu/libbz2.so.1.0.4
69719000-6971a000 rw-p 0000f000 fc:00 8388799    /lib/i386-linux-gnu/libbz2.so.1.0.4
6971a000-69795000 r-xp 00000000 fc:01 16930255   /usr/lib/libblas/libblas.so.3gf.0
69795000-69796000 r--p 0007a000 fc:01 16930255   /usr/lib/libblas/libblas.so.3gf.0
69796000-69797000 rw-p 0007b000 fc:01 16930255   /usr/lib/libblas/libblas.so.3gf.0
69797000-6979a000 ---p 00000000 00:00 0 
6979a000-697e8000 rw-p 00000000 00:00 0 
697e8000-697fb000 r-xp 00000000 fc:00 8428969    /lib/i386-linux-gnu/libresolv-2.15.so
697fb000-697fc000 ---p 00013000 fc:00 8428969    /lib/i386-linux-gnu/libresolv-2.15.so
697fc000-697fd000 r--p 00013000 fc:00 8428969    /lib/i386-linux-gnu/libresolv-2.15.so
697fd000-697fe000 rw-p 00014000 fc:00 8428969    /lib/i386-linux-gnu/libresolv-2.15.so
697fe000-69800000 rw-p 00000000 00:00 0 
69800000-698f9000 rw-p 00000000 00:00 0 
698f9000-69900000 ---p 00000000 00:00 0 
69900000-699e5000 rw-p 00000000 00:00 0 
699e5000-69a00000 ---p 00000000 00:00 0 
69a00000-69afb000 rw-p 00000000 00:00 0 
69afb000-69b00000 ---p 00000000 00:00 0 
69b00000-69bfb000 rw-p 00000000 00:00 0 
69bfb000-69c00000 ---p 00000000 00:00 0 
69c00000-69cff000 rw-p 00000000 00:00 0 
69cff000-69d00000 ---p 00000000 00:00 0 
69d00000-69dfd000 rw-p 00000000 00:00 0 
69dfd000-69e00000 ---p 00000000 00:00 0 
69e00000-69efd000 rw-p 00000000 00:00 0 
69efd000-69f00000 ---p 00000000 00:00 0 
69f02000-69f09000 r-xp 00000000 fc:01 16972661   /usr/lib/R/library/methods/libs/methods.so
69f09000-69f0a000 r--p 00006000 fc:01 16972661   /usr/lib/R/library/methods/libs/methods.so
69f0a000-69f0b000 rw-p 00007000 fc:01 16972661   /usr/lib/R/library/methods/libs/methods.so
69f0b000-69f14000 r-xp 00000000 fc:01 25413588   /usr/lib/R/library/utils/libs/utils.so
69f14000-69f15000 r--p 00009000 fc:01 25413588   /usr/lib/R/library/utils/libs/utils.so
69f15000-69f16000 rw-p 0000a000 fc:01 25413588   /usr/lib/R/library/utils/libs/utils.so
69f16000-69f17000 rw-p 00000000 00:00 0 
69f17000-69f1c000 r-xp 00000000 fc:00 8428970    /lib/i386-linux-gnu/libnss_dns-2.15.so
69f1c000-69f1d000 r--p 00004000 fc:00 8428970    /lib/i386-linux-gnu/libnss_dns-2.15.so
69f1d000-69f1e000 rw-p 00005000 fc:00 8428970    /lib/i386-linux-gnu/libnss_dns-2.15.so
69f1e000-69f20000 r-xp 00000000 fc:00 9174       /lib/libnss_mdns4_minimal.so.2
69f20000-69f21000 r--p 00001000 fc:00 9174       /lib/libnss_mdns4_minimal.so.2
69f21000-69f22000 rw-p 00002000 fc:00 9174       /lib/libnss_mdns4_minimal.so.2
69f25000-69f26000 rw-p 00000000 00:00 0 
69f26000-69f2d000 r--s 00000000 fc:01 25276898   /usr/lib/i386-linux-gnu/gconv/gconv-modules.cache
69f2d000-69f35000 r-xp 00000000 fc:01 8577916    /usr/local/lib/R/site-library/rJava/jri/libjri.so
69f35000-69f36000 r--p 00008000 fc:01 8577916    /usr/local/lib/R/site-library/rJava/jri/libjri.so
69f36000-69f37000 rw-p 00009000 fc:01 8577916    /usr/local/lib/R/site-library/rJava/jri/libjri.so
69f37000-69f4c000 r-xp 00000000 fc:01 25190851   /usr/lib/jvm/java-6-openjdk-i386/jre/lib/i386/libnet.so
69f4c000-69f4d000 r--p 00014000 fc:01 25190851   /usr/lib/jvm/java-6-openjdk-i386/jre/lib/i386/libnet.so
69f4d000-69f4e000 rw-p 00015000 fc:01 25190851   /usr/lib/jvm/java-6-openjdk-i386/jre/lib/i386/libnet.so
69f4e000-69f4f000 r--s 00010000 fc:05 402867801  /home/gino/.m2/repository/net/rforge/jri/0.5-5/jri-0.5-5.jar
69f4f000-69f50000 r--s 00003000 fc:05 17546914   /home/gino/.m2/repository/com/googlecode/json-simple/json-simple/1.1/json-simple-1.1.jar
69f50000-69f52000 r--s 00005000 fc:05 404305821  /home/gino/.m2/repository/org/slf4j/slf4j-api/1.7.5/slf4j-api-1.7.5.jar
69f52000-69f54000 r--s 0000e000 fc:05 138801852  /home/gino/.m2/repository/oro/oro/2.0.8/oro-2.0.8.jar
69f54000-69f58000 r--s 0002f000 fc:05 36880136   /home/gino/.m2/repository/commons-lang/commons-lang/2.1/commons-lang-2.1.jar
69f58000-69f5d000 r--s 00016000 fc:05 404307056  /home/gino/.m2/repository/xml-apis/xml-apis/1.0.b2/xml-apis-1.0.b2.jar
69f5d000-69fad000 r--s 00417000 fc:05 138539093  /home/gino/.m2/repository/org/hibernate/hibernate-core/4.2.1.Final/hibernate-core-4.2.1.Final.jar
69fad000-69fae000 ---p 00000000 00:00 0 
69fae000-6a02e000 rw-p 00000000 00:00 0 
6a02e000-6a031000 ---p 00000000 00:00 0 
6a031000-6a07f000 rw-p 00000000 00:00 0 
6a07f000-6a082000 ---p 00000000 00:00 0 
6a082000-6a100000 rw-p 00000000 00:00 0 
6a100000-6a200000 rw-p 00000000 00:00 0 
6a200000-6a202000 r--s 00005000 fc:05 270969556  /home/gino/.m2/repository/stax/stax-api/1.0.1/stax-api-1.0.1.jar
6a202000-6a204000 r--s 00005000 fc:05 270969550  /home/gino/.m2/repository/commons-logging/commons-logging-api/1.0.4/commons-logging-api-1.0.4.jar
6a204000-6a208000 r--s 0001f000 fc:05 270969552  /home/gino/.m2/repository/commons-digester/commons-digester/1.7/commons-digester-1.7.jar
6a208000-6a20c000 r--s 00026000 fc:05 404307053  /home/gino/.m2/repository/commons-beanutils/commons-beanutils-core/1.7.0/commons-beanutils-core-1.7.0.jar
6a20c000-6a212000 r--s 00036000 fc:05 36880132   /home/gino/.m2/repository/commons-betwixt/commons-betwixt/0.8/commons-betwixt-0.8.jar
6a212000-6a217000 r--s 0002a000 fc:05 36880133   /home/gino/.m2/repository/commons-beanutils/commons-beanutils/1.7.0/commons-beanutils-1.7.0.jar
6a217000-6a21d000 r--s 00051000 fc:05 404305850  /home/gino/.m2/repository/org/apache/ddlutils/ddlutils/1.0/ddlutils-1.0.jar
6a21d000-6a220000 r--s 00011000 fc:05 17547805   /home/gino/.m2/repository/org/hibernate/common/hibernate-commons-annotations/4.0.1.Final/hibernate-commons-annotations-4.0.1.Final.jar
6a220000-6a229000 r--s 00096000 fc:05 138539094  /home/gino/.m2/repository/org/javassist/javassist/3.15.0-GA/javassist-3.15.0-GA.jar
6a229000-6a22e000 r--s 00015000 fc:05 29716548   /home/gino/.m2/repository/org/hibernate/javax/persistence/hibernate-jpa-2.0-api/1.0.1.Final/hibernate-jpa-2.0-api-1.0.1.Final.jar
6a22e000-6a231000 ---p 00000000 00:00 0 
6a231000-6a2af000 rw-p 00000000 00:00 0 
6a2af000-6a2b2000 ---p 00000000 00:00 0 
6a2b2000-6a300000 rw-p 00000000 00:00 0 
6a300000-6a3f5000 rw-p 00000000 00:00 0 
6a3f5000-6a400000 ---p 00000000 00:00 0 
6a400000-6a401000 r--p 00000000 fc:01 25370560   /usr/lib/R/library/translations/en/LC_MESSAGES/R.mo
6a401000-6a403000 r--s 00005000 fc:05 271073938  /home/gino/.m2/repository/org/jboss/spec/javax/transaction/jboss-transaction-api_1.1_spec/1.0.1.Final/jboss-transaction-api_1.1_spec-1.0.1.Final.jar
6a403000-6a408000 r--s 00048000 fc:05 290970     /home/gino/.m2/repository/dom4j/dom4j/1.6.1/dom4j-1.6.1.jar
6a408000-6a40d000 r--s 00068000 fc:05 135962659  /home/gino/.m2/repository/antlr/antlr/2.7.7/antlr-2.7.7.jar
6a40d000-6a40f000 r--s 0000d000 fc:05 138539091  /home/gino/.m2/repository/org/jboss/logging/jboss-logging/3.1.0.GA/jboss-logging-3.1.0.GA.jar
6a40f000-6a419000 r--s 0006d000 fc:05 138539090  /home/gino/.m2/repository/org/hibernate/hibernate-entitymanager/4.2.1.Final/hibernate-entitymanager-4.2.1.Final.jar
6a419000-6a41a000 r--s 00001000 fc:05 270969544  /home/gino/.m2/repository/javax/annotation/jsr250-api/1.0/jsr250-api-1.0.jar
6a41a000-6a41b000 r--s 00003000 fc:05 404303561  /home/gino/.m2/repository/net/sf/opencsv/opencsv/2.0/opencsv-2.0.jar
6a41b000-6a41e000 r--s 00015000 fc:05 36839551   /home/gino/.m2/repository/commons-pool/commons-pool/1.5.4/commons-pool-1.5.4.jar
6a41e000-6a421000 r--s 00025000 fc:05 36839549   /home/gino/.m2/repository/commons-dbcp/commons-dbcp/1.4/commons-dbcp-1.4.jar
6a421000-6a422000 r--s 00000000 fc:05 136643399  /home/gino/.m2/repository/org/postgis/postgis-stubs/1.3.3/postgis-stubs-1.3.3.jar
6a422000-6a424000 r--s 00011000 fc:05 136357405  /home/gino/.m2/repository/org/postgis/postgis-jdbc/1.3.3/postgis-jdbc-1.3.3.jar
6a424000-6a42a000 r--s 00081000 fc:05 270969539  /home/gino/.m2/repository/postgresql/postgresql/9.1-901-1.jdbc4/postgresql-9.1-901-1.jdbc4.jar
6a42a000-6a437000 r--s 000c2000 fc:05 404305796  /home/gino/.m2/repository/org/jooq/jooq/2.6.0/jooq-2.6.0.jar
6a437000-6a441000 r--s 00059000 fc:05 136643401  /home/gino/.m2/repository/org/springframework/spring-jdbc/3.1.0.RELEASE/spring-jdbc-3.1.0.RELEASE.jar
6a441000-6a44a000 r--s 00054000 fc:05 404303609  /home/gino/.m2/repository/org/springframework/spring-orm/3.1.0.RELEASE/spring-orm-3.1.0.RELEASE.jar
6a44a000-6a44d000 ---p 00000000 00:00 0 
6a44d000-6a49b000 rw-p 00000000 00:00 0 
6a49b000-6a49e000 ---p 00000000 00:00 0 
6a49e000-6a4ec000 rw-p 00000000 00:00 0 
6a4ec000-6a4ed000 ---p 00000000 00:00 0 
6a4ed000-6a56d000 rw-p 00000000 00:00 0 
6a56d000-6a700000 r--s 037db000 fc:01 16844303   /usr/lib/jvm/java-6-openjdk-i386/jre/lib/rt.jar
6a700000-6a7f6000 rw-p 00000000 00:00 0 
6a7f6000-6a800000 ---p 00000000 00:00 0 
6a800000-6a801000 r--s 0000a000 fc:05 404296235  /home/gino/.m2/repository/net/sf/kxml/kxml2/2.3.0/kxml2-2.3.0.jar
6a801000-6a803000 r--s 00000000 fc:05 404239869  /home/gino/.m2/repository/aopalliance/aopalliance/1.0/aopalliance-1.0.jar
6a803000-6a80b000 r--s 00035000 fc:05 402687200  /home/gino/.m2/repository/org/springframework/spring-tx/3.1.0.RELEASE/spring-tx-3.1.0.RELEASE.jar
6a80b000-6a80c000 r--s 0000c000 fc:05 404192471  /home/gino/.m2/repository/org/springframework/spring-asm/3.1.0.RELEASE/spring-asm-3.1.0.RELEASE.jar
6a80c000-6a811000 r--s 00027000 fc:05 404226976  /home/gino/.m2/repository/org/springframework/spring-expression/3.1.0.RELEASE/spring-expression-3.1.0.RELEASE.jar
6a811000-6a817000 r--s 000fc000 fc:01 25190827   /usr/lib/jvm/java-6-openjdk-common/jre/lib/resources.jar
6a817000-6a822000 r--s 00062000 fc:05 402832478  /home/gino/.m2/repository/org/springframework/spring-core/3.1.0.RELEASE/spring-core-3.1.0.RELEASE.jar
6a822000-6a82e000 r--s 00084000 fc:05 136074270  /home/gino/.m2/repository/org/springframework/spring-beans/3.1.0.RELEASE/spring-beans-3.1.0.RELEASE.jar
6a82e000-6a831000 ---p 00000000 00:00 0 
6a831000-6a87f000 rw-p 00000000 00:00 0 
6a87f000-6a880000 ---p 00000000 00:00 0 
6a880000-6a900000 rw-p 00000000 00:00 0 
6a900000-6a921000 rw-p 00000000 00:00 0 
6a921000-6aa00000 ---p 00000000 00:00 0 
6aa00000-6aa08000 r--s 00049000 fc:05 136069744  /home/gino/.m2/repository/org/springframework/spring-aop/3.1.0.RELEASE/spring-aop-3.1.0.RELEASE.jar
6aa08000-6aa1d000 r--s 000b6000 fc:05 136356716  /home/gino/.m2/repository/org/springframework/spring-context/3.1.0.RELEASE/spring-context-3.1.0.RELEASE.jar
6aa1d000-6aa2e000 r--s 000d2000 fc:05 2562627    /home/gino/.m2/repository/org/liquibase/liquibase-core/2.0.5/liquibase-core-2.0.5.jar
6aa2e000-6aa31000 ---p 00000000 00:00 0 
6aa31000-6aa7f000 rw-p 00000000 00:00 0 
6aa7f000-6aa80000 ---p 00000000 00:00 0 
6aa80000-6ab00000 rw-p 00000000 00:00 0 
6ab00000-6abfa000 rw-p 00000000 00:00 0 
6abfa000-6ac00000 ---p 00000000 00:00 0 
6ac00000-6ac03000 r--s 0007f000 fc:01 25188533   /usr/lib/jvm/java-6-openjdk-common/jre/lib/jsse.jar
6ac03000-6ac04000 r--s 00002000 fc:05 269170072  /home/gino/.m2/repository/org/openforis/commons/commons-io/0.0.3/commons-io-0.0.3.jar
6ac04000-6ac05000 r--s 00000000 fc:05 2635751    /home/gino/.m2/repository/org/openforis/commons/commons-collections/0.0.3/commons-collections-0.0.3.jar
6ac05000-6ac1e000 r--s 0015f000 fc:05 136048990  /home/gino/.m2/repository/org/apache/lucene/lucene-core/3.6.1/lucene-core-3.6.1.jar
6ac1e000-6ac1f000 r--s 00001000 fc:05 270969530  /home/gino/.m2/repository/xmlpull/xmlpull/1.1.3.4a/xmlpull-1.1.3.4a.jar
6ac1f000-6ac20000 r--s 0000a000 fc:05 136048988  /home/gino/.m2/repository/asm/asm/3.3.1/asm-3.3.1.jar
6ac20000-6ac27000 r--s 00040000 fc:05 270969528  /home/gino/.m2/repository/cglib/cglib/2.2.2/cglib-2.2.2.jar
6ac27000-6ac2e000 r--s 00051000 fc:05 402832460  /home/gino/.m2/repository/log4j/log4j/1.2.12/log4j-1.2.12.jar
6ac2e000-6ac31000 ---p 00000000 00:00 0 
6ac31000-6ac7f000 rw-p 00000000 00:00 0 
6ac7f000-6ac80000 ---p 00000000 00:00 0 
6ac80000-6ad00000 rw-p 00000000 00:00 0 
6ad00000-6ae00000 rw-p 00000000 00:00 0 
6ae00000-6ae06000 r--s 00033000 fc:05 36839540   /home/gino/.m2/repository/commons-codec/commons-codec/1.6/commons-codec-1.6.jar
6ae06000-6ae14000 r--s 0007f000 fc:05 36839539   /home/gino/.m2/repository/commons-collections/commons-collections/3.2.1/commons-collections-3.2.1.jar
6ae14000-6ae1a000 r--s 00048000 fc:05 136048987  /home/gino/.m2/repository/org/apache/commons/commons-lang3/3.1/commons-lang3-3.1.jar
6ae1a000-6ae1c000 r--s 0000d000 fc:05 270969526  /home/gino/.m2/repository/commons-logging/commons-logging/1.1.1/commons-logging-1.1.1.jar
6ae1c000-6ae1d000 r--s 00003000 fc:05 136048985  /home/gino/.m2/repository/com/dyuproject/protostuff/protostuff-xml/1.0.4/protostuff-xml-1.0.4.jar
6ae1d000-6ae20000 r--s 0000a000 fc:05 402832454  /home/gino/.m2/repository/com/dyuproject/protostuff/protostuff-collectionschema/1.0.4/protostuff-collectionschema-1.0.4.jar
6ae20000-6ae26000 r--s 00038000 fc:05 136048983  /home/gino/.m2/repository/com/dyuproject/protostuff/protostuff-runtime/1.0.4/protostuff-runtime-1.0.4.jar
6ae26000-6ae28000 r--s 0000a000 fc:05 402832449  /home/gino/.m2/repository/com/dyuproject/protostuff/protostuff-core/1.0.4/protostuff-core-1.0.4.jar
6ae28000-6ae2a000 r--s 0000a000 fc:05 402832450  /home/gino/.m2/repository/com/dyuproject/protostuff/protostuff-api/1.0.4/protostuff-api-1.0.4.jar
6ae2a000-6ae2b000 r--s 00002000 fc:05 136034139  /home/gino/.m2/repository/org/openforis/idm/idm-api-protostuff/3.0-CR1-SNAPSHOT/idm-api-protostuff-3.0-CR1-SNAPSHOT.jar
6ae2b000-6ae2e000 r--s 00024000 fc:05 156413788  /home/gino/.m2/repository/commons-io/commons-io/2.0.1/commons-io-2.0.1.jar
6ae2e000-6ae34000 r--s 00045000 fc:05 404408435  /home/gino/.m2/repository/commons-jxpath/commons-jxpath/1.4-20120215/commons-jxpath-1.4-20120215.jar
6ae34000-6ae3f000 r--s 0006d000 fc:05 49226      /home/gino/.m2/repository/org/openforis/idm/idm-api/3.0-CR1-SNAPSHOT/idm-api-3.0-CR1-SNAPSHOT.jar
6ae3f000-6ae45000 r--s 00046000 fc:05 269113044  /home/gino/.m2/repository/org/openforis/collect/collect-core/3.0-CR1-SNAPSHOT/collect-core-3.0-CR1-SNAPSHOT.jar
6ae45000-6ae78000 rw-p 00000000 00:00 0 
6ae78000-6ae79000 ---p 00000000 00:00 0 
6ae79000-6af04000 rw-p 00000000 00:00 0 
6af04000-6af39000 rw-p 00000000 00:00 0 
6af39000-6af4f000 rw-p 00000000 00:00 0 
6af4f000-6b08f000 rw-p 00000000 00:00 0 
6b08f000-6b09a000 rw-p 00000000 00:00 0 
6b09a000-6b0cf000 rw-p 00000000 00:00 0 
6b0cf000-6b0e5000 rw-p 00000000 00:00 0 
6b0e5000-6b224000 rw-p 00000000 00:00 0 
6b224000-6b249000 rw-p 00000000 00:00 0 
6b249000-6b2cf000 rw-p 00000000 00:00 0 
6b2cf000-6c750000 rw-p 00000000 00:00 0 
6c750000-732d0000 rw-p 00000000 00:00 0 
732d0000-75d80000 rw-p 00000000 00:00 0 
75d80000-9dd80000 rw-p 00000000 00:00 0 
9dd80000-a2560000 rw-p 00000000 00:00 0 
a2560000-b32d0000 rw-p 00000000 00:00 0 
b32d0000-b32d1000 r--s 00007000 fc:01 16929324   /usr/share/java/java-atk-wrapper.jar
b32d1000-b32d3000 r--s 00001000 fc:01 25190823   /usr/lib/jvm/java-6-openjdk-common/jre/lib/ext/dnsns.jar
b32d3000-b32d6000 r--s 00031000 fc:01 25190822   /usr/lib/jvm/java-6-openjdk-common/jre/lib/ext/sunjce_provider.jar
b32d6000-b32d9000 r--s 00077000 fc:01 25190821   /usr/lib/jvm/java-6-openjdk-common/jre/lib/ext/localedata.jar
b32d9000-b32e2000 rw-p 00000000 00:00 0 
b32e2000-b3399000 rw-p 00000000 00:00 0 
b3399000-b35d9000 rwxp 00000000 00:00 0 
b35d9000-b6399000 rw-p 00000000 00:00 0 
b6399000-b63a4000 r-xp 00000000 fc:00 8428968    /lib/i386-linux-gnu/libnss_files-2.15.so
b63a4000-b63a5000 r--p 0000a000 fc:00 8428968    /lib/i386-linux-gnu/libnss_files-2.15.so
b63a5000-b63a6000 rw-p 0000b000 fc:00 8428968    /lib/i386-linux-gnu/libnss_files-2.15.so
b63a6000-b63bc000 r-xp 00000000 fc:00 8428982    /lib/i386-linux-gnu/libnsl-2.15.so
b63bc000-b63bd000 r--p 00015000 fc:00 8428982    /lib/i386-linux-gnu/libnsl-2.15.so
b63bd000-b63be000 rw-p 00016000 fc:00 8428982    /lib/i386-linux-gnu/libnsl-2.15.so
b63be000-b63c0000 rw-p 00000000 00:00 0 
b63c0000-b65c0000 r--p 00000000 fc:01 25172796   /usr/lib/locale/locale-archive
b65c0000-b65fe000 r-xp 00000000 fc:01 25190849   /usr/lib/jvm/java-6-openjdk-i386/jre/lib/i386/libjdwp.so
b65fe000-b65ff000 r--p 0003d000 fc:01 25190849   /usr/lib/jvm/java-6-openjdk-i386/jre/lib/i386/libjdwp.so
b65ff000-b6600000 rw-p 0003e000 fc:01 25190849   /usr/lib/jvm/java-6-openjdk-i386/jre/lib/i386/libjdwp.so
b6600000-b66fc000 rw-p 00000000 00:00 0 
b66fc000-b6700000 ---p 00000000 00:00 0 
b6700000-b6702000 r--s 0000f000 fc:01 25190824   /usr/lib/jvm/java-6-openjdk-common/jre/lib/ext/pulse-java.jar
b6702000-b6706000 r-xp 00000000 fc:01 25190848   /usr/lib/jvm/java-6-openjdk-i386/jre/lib/i386/libdt_socket.so
b6706000-b6707000 r--p 00003000 fc:01 25190848   /usr/lib/jvm/java-6-openjdk-i386/jre/lib/i386/libdt_socket.so
b6707000-b6708000 rw-p 00004000 fc:01 25190848   /usr/lib/jvm/java-6-openjdk-i386/jre/lib/i386/libdt_socket.so
b6708000-b6712000 r-xp 00000000 fc:00 8428972    /lib/i386-linux-gnu/libnss_nis-2.15.so
b6712000-b6713000 r--p 00009000 fc:00 8428972    /lib/i386-linux-gnu/libnss_nis-2.15.so
b6713000-b6714000 rw-p 0000a000 fc:00 8428972    /lib/i386-linux-gnu/libnss_nis-2.15.so
b6714000-b671b000 r-xp 00000000 fc:00 8428966    /lib/i386-linux-gnu/libnss_compat-2.15.so
b671b000-b671c000 r--p 00006000 fc:00 8428966    /lib/i386-linux-gnu/libnss_compat-2.15.so
b671c000-b671d000 rw-p 00007000 fc:00 8428966    /lib/i386-linux-gnu/libnss_compat-2.15.so
b671d000-b6721000 r--s 00039000 fc:01 25190820   /usr/lib/jvm/java-6-openjdk-common/jre/lib/ext/sunpkcs11.jar
b6721000-b6728000 r-xp 00000000 fc:01 25190830   /usr/lib/jvm/java-6-openjdk-i386/jre/lib/i386/libzip.so
b6728000-b6729000 r--p 00006000 fc:01 25190830   /usr/lib/jvm/java-6-openjdk-i386/jre/lib/i386/libzip.so
b6729000-b672a000 rw-p 00007000 fc:01 25190830   /usr/lib/jvm/java-6-openjdk-i386/jre/lib/i386/libzip.so
b672a000-b6732000 rw-s 00000000 fc:04 8388998    /tmp/hsperfdata_gino/8787
b6732000-b6758000 r-xp 00000000 fc:01 25188539   /usr/lib/jvm/java-6-openjdk-i386/jre/lib/i386/libjava.so
b6758000-b6759000 r--p 00025000 fc:01 25188539   /usr/lib/jvm/java-6-openjdk-i386/jre/lib/i386/libjava.so
b6759000-b675b000 rw-p 00026000 fc:01 25188539   /usr/lib/jvm/java-6-openjdk-i386/jre/lib/i386/libjava.so
b675b000-b6762000 r-xp 00000000 fc:00 8428971    /lib/i386-linux-gnu/librt-2.15.so
b6762000-b6763000 r--p 00006000 fc:00 8428971    /lib/i386-linux-gnu/librt-2.15.so
b6763000-b6764000 rw-p 00007000 fc:00 8428971    /lib/i386-linux-gnu/librt-2.15.so
b6764000-b6767000 ---p 00000000 00:00 0 
b6767000-b67b5000 rw-p 00000000 00:00 0 
b67b5000-b67d1000 r-xp 00000000 fc:00 8429889    /lib/i386-linux-gnu/libgcc_s.so.1
b67d1000-b67d2000 r--p 0001b000 fc:00 8429889    /lib/i386-linux-gnu/libgcc_s.so.1
b67d2000-b67d3000 rw-p 0001c000 fc:00 8429889    /lib/i386-linux-gnu/libgcc_s.so.1
b67d3000-b67fd000 r-xp 00000000 fc:00 8421366    /lib/i386-linux-gnu/libm-2.15.so
b67fd000-b67fe000 r--p 00029000 fc:00 8421366    /lib/i386-linux-gnu/libm-2.15.so
b67fe000-b67ff000 rw-p 0002a000 fc:00 8421366    /lib/i386-linux-gnu/libm-2.15.so
b67ff000-b68d7000 r-xp 00000000 fc:01 16819594   /usr/lib/i386-linux-gnu/libstdc++.so.6.0.16
b68d7000-b68d8000 ---p 000d8000 fc:01 16819594   /usr/lib/i386-linux-gnu/libstdc++.so.6.0.16
b68d8000-b68dc000 r--p 000d8000 fc:01 16819594   /usr/lib/i386-linux-gnu/libstdc++.so.6.0.16
b68dc000-b68dd000 rw-p 000dc000 fc:01 16819594   /usr/lib/i386-linux-gnu/libstdc++.so.6.0.16
b68dd000-b68e4000 rw-p 00000000 00:00 0 
b68e4000-b7103000 r-xp 00000000 fc:01 25190836   /usr/lib/jvm/java-6-openjdk-i386/jre/lib/i386/server/libjvm.so
b7103000-b7148000 r--p 0081f000 fc:01 25190836   /usr/lib/jvm/java-6-openjdk-i386/jre/lib/i386/server/libjvm.so
b7148000-b7157000 rw-p 00864000 fc:01 25190836   /usr/lib/jvm/java-6-openjdk-i386/jre/lib/i386/server/libjvm.so
b7157000-b7573000 rw-p 00000000 00:00 0 
b7573000-b7587000 r-xp 00000000 fc:00 8389062    /lib/i386-linux-gnu/libz.so.1.2.3.4
b7587000-b7588000 r--p 00013000 fc:00 8389062    /lib/i386-linux-gnu/libz.so.1.2.3.4
b7588000-b7589000 rw-p 00014000 fc:00 8389062    /lib/i386-linux-gnu/libz.so.1.2.3.4
b7589000-b772c000 r-xp 00000000 fc:00 8428964    /lib/i386-linux-gnu/libc-2.15.so
b772c000-b772e000 r--p 001a3000 fc:00 8428964    /lib/i386-linux-gnu/libc-2.15.so
b772e000-b772f000 rw-p 001a5000 fc:00 8428964    /lib/i386-linux-gnu/libc-2.15.so
b772f000-b7732000 rw-p 00000000 00:00 0 
b7732000-b7735000 r-xp 00000000 fc:00 8428977    /lib/i386-linux-gnu/libdl-2.15.so
b7735000-b7736000 r--p 00002000 fc:00 8428977    /lib/i386-linux-gnu/libdl-2.15.so
b7736000-b7737000 rw-p 00003000 fc:00 8428977    /lib/i386-linux-gnu/libdl-2.15.so
b7737000-b773b000 r-xp 00000000 fc:01 20586      /usr/lib/jvm/java-6-openjdk-i386/jre/lib/i386/jli/libjli.so
b773b000-b773c000 r--p 00003000 fc:01 20586      /usr/lib/jvm/java-6-openjdk-i386/jre/lib/i386/jli/libjli.so
b773c000-b773d000 rw-p 00004000 fc:01 20586      /usr/lib/jvm/java-6-openjdk-i386/jre/lib/i386/jli/libjli.so
b773d000-b773e000 rw-p 00000000 00:00 0 
b773e000-b7755000 r-xp 00000000 fc:00 8428973    /lib/i386-linux-gnu/libpthread-2.15.so
b7755000-b7756000 r--p 00016000 fc:00 8428973    /lib/i386-linux-gnu/libpthread-2.15.so
b7756000-b7757000 rw-p 00017000 fc:00 8428973    /lib/i386-linux-gnu/libpthread-2.15.so
b7757000-b7759000 rw-p 00000000 00:00 0 
b7759000-b775c000 r-xp 00000000 fc:01 25188538   /usr/lib/jvm/java-6-openjdk-i386/jre/lib/i386/libnpt.so
b775c000-b775d000 r--p 00002000 fc:01 25188538   /usr/lib/jvm/java-6-openjdk-i386/jre/lib/i386/libnpt.so
b775d000-b775e000 rw-p 00003000 fc:01 25188538   /usr/lib/jvm/java-6-openjdk-i386/jre/lib/i386/libnpt.so
b775e000-b775f000 rw-p 00000000 00:00 0 
b775f000-b7760000 r--p 00000000 00:00 0 
b7760000-b776b000 r-xp 00000000 fc:01 25190843   /usr/lib/jvm/java-6-openjdk-i386/jre/lib/i386/libverify.so
b776b000-b776c000 ---p 0000b000 fc:01 25190843   /usr/lib/jvm/java-6-openjdk-i386/jre/lib/i386/libverify.so
b776c000-b776d000 r--p 0000b000 fc:01 25190843   /usr/lib/jvm/java-6-openjdk-i386/jre/lib/i386/libverify.so
b776d000-b776e000 rw-p 0000c000 fc:01 25190843   /usr/lib/jvm/java-6-openjdk-i386/jre/lib/i386/libverify.so
b776e000-b7770000 rw-p 00000000 00:00 0 
b7770000-b7771000 r-xp 00000000 00:00 0          [vdso]
b7771000-b7791000 r-xp 00000000 fc:00 8421369    /lib/i386-linux-gnu/ld-2.15.so
b7791000-b7792000 r--p 0001f000 fc:00 8421369    /lib/i386-linux-gnu/ld-2.15.so
b7792000-b7793000 rw-p 00020000 fc:00 8421369    /lib/i386-linux-gnu/ld-2.15.so
bfdae000-bfdd0000 rw-p 00000000 00:00 0          [stack]

VM Arguments:
jvm_args: -agentlib:jdwp=transport=dt_socket,suspend=y,address=localhost:56735 -Djava.library.path=.:/usr/local/lib/R/site-library/rJava/jri -Dfile.encoding=UTF-8 
java_command: org.openforis.calc.Calc
Launcher Type: SUN_STANDARD

Environment Variables:
PATH=/home/gino/bin:/usr/lib/lightdm/lightdm:/usr/local/sbin:/usr/local/bin:/usr/sbin:/usr/bin:/sbin:/bin:/usr/games
LD_LIBRARY_PATH=/usr/lib/jvm/java-6-openjdk-i386/jre/lib/i386/server:/usr/lib/jvm/java-6-openjdk-i386/jre/lib/i386:/usr/lib/jvm/java-6-openjdk-i386/jre/../lib/i386:/usr/lib/jvm/java-6-openjdk-i386/jre/lib/i386/client:/usr/lib/jvm/java-6-openjdk-i386/jre/lib/i386::@JAVA_LD@
SHELL=/bin/bash
DISPLAY=:0

Signal Handlers:
SIGSEGV: [libjvm.so+0x66b2b0], sa_mask[0]=0x7ffbfeff, sa_flags=0x10000004
SIGBUS: [libjvm.so+0x66b2b0], sa_mask[0]=0x7ffbfeff, sa_flags=0x10000004
SIGFPE: [libjvm.so+0x52e950], sa_mask[0]=0x7ffbfeff, sa_flags=0x10000004
SIGPIPE: [libjvm.so+0x52e950], sa_mask[0]=0x7ffbfeff, sa_flags=0x10000004
SIGXFSZ: [libjvm.so+0x52e950], sa_mask[0]=0x7ffbfeff, sa_flags=0x10000004
SIGILL: [libjvm.so+0x52e950], sa_mask[0]=0x7ffbfeff, sa_flags=0x10000004
SIGUSR1: SIG_DFL, sa_mask[0]=0x00000000, sa_flags=0x00000000
SIGUSR2: [libjvm.so+0x52e7e0], sa_mask[0]=0x00000004, sa_flags=0x10000004
SIGHUP: [libjvm.so+0x531770], sa_mask[0]=0x7ffbfeff, sa_flags=0x10000004
SIGINT: [libjvm.so+0x531770], sa_mask[0]=0x7ffbfeff, sa_flags=0x10000004
SIGTERM: [libjvm.so+0x531770], sa_mask[0]=0x7ffbfeff, sa_flags=0x10000004
SIGQUIT: [libjvm.so+0x531770], sa_mask[0]=0x7ffbfeff, sa_flags=0x10000004


---------------  S Y S T E M  ---------------

OS:Ubuntu 12.04 (precise)
uname:Linux 3.2.0-41-generic-pae #66-Ubuntu SMP Thu Apr 25 03:50:20 UTC 2013 i686
libc:glibc 2.15 NPTL 2.15 
rlimit: STACK 8192k, CORE 0k, NPROC 63432, NOFILE 4096, AS infinity
load average:1.12 0.77 0.78

/proc/meminfo:
MemTotal:        8134976 kB
MemFree:          874036 kB
Buffers:            5504 kB
Cached:          3916388 kB
SwapCached:           44 kB
Active:          4088884 kB
Inactive:        2201088 kB
Active(anon):    2108468 kB
Inactive(anon):   290796 kB
Active(file):    1980416 kB
Inactive(file):  1910292 kB
Unevictable:          48 kB
Mlocked:              48 kB
HighTotal:       7342084 kB
HighFree:         695064 kB
LowTotal:         792892 kB
LowFree:          178972 kB
SwapTotal:      15622140 kB
SwapFree:       15621796 kB
Dirty:               288 kB
Writeback:             0 kB
AnonPages:       2367916 kB
Mapped:           453360 kB
Shmem:             31184 kB
Slab:             377720 kB
SReclaimable:     326928 kB
SUnreclaim:        50792 kB
KernelStack:        5296 kB
PageTables:        21604 kB
NFS_Unstable:          0 kB
Bounce:                0 kB
WritebackTmp:          0 kB
CommitLimit:    19689628 kB
Committed_AS:    5257380 kB
VmallocTotal:     122880 kB
VmallocUsed:       40692 kB
VmallocChunk:      75956 kB
HardwareCorrupted:     0 kB
AnonHugePages:         0 kB
HugePages_Total:       0
HugePages_Free:        0
HugePages_Rsvd:        0
HugePages_Surp:        0
Hugepagesize:       2048 kB
DirectMap4k:        8184 kB
DirectMap2M:      905216 kB


CPU:total 4 (4 cores per cpu, 1 threads per core) family 6 model 23 stepping 10, cmov, cx8, fxsr, mmx, sse, sse2, sse3, ssse3, sse4.1

Memory: 4k page, physical 8134976k(874036k free), swap 15622140k(15621796k free)

vm_info: OpenJDK Server VM (20.0-b12) for linux-x86 JRE (1.6.0_27-b27), built on Apr 25 2013 14:59:06 by "buildd" with gcc 4.6.3

time: Wed Jun 19 09:44:43 2013
elapsed time: 4 seconds

