#
# A fatal error has been detected by the Java Runtime Environment:
#
#  SIGSEGV (0xb) at pc=0x653d8884, pid=29897, tid=3061644096
#
# JRE version: 6.0_27-b27
# Java VM: OpenJDK Server VM (20.0-b12 mixed mode linux-x86 )
# Derivative: IcedTea6 1.12.5
# Distribution: Ubuntu 12.04 LTS, package 6b27-1.12.5-0ubuntu0.12.04.1
# Problematic frame:
# C  [libR.so+0xec884]  R_gc+0xc4
#
# If you would like to submit a bug report, please include
# instructions how to reproduce the bug and visit:
#   https://bugs.launchpad.net/ubuntu/+source/openjdk-6/
# The crash happened outside the Java Virtual Machine in native code.
# See problematic frame for where to report the bug.
#

---------------  T H R E A D  ---------------

Current thread (0xb6609800):  JavaThread "main" [_thread_in_native, id=29902, stack(0xb677f000,0xb67d0000)]

siginfo:si_signo=SIGSEGV: si_errno=0, si_code=1 (SEGV_MAPERR), si_addr=0x0000000c

Registers:
EAX=0x68644350, EBX=0x6550eff4, ECX=0x65524c18, EDX=0x00000000
ESP=0xb67cee00, EBP=0x00015b3c, ESI=0x00000000, EDI=0x00000001
EIP=0x653d8884, EFLAGS=0x00210246, CR2=0x0000000c

Top of Stack: (sp=0xb67cee00)
0xb67cee00:   000007cc 00000000 652f0698 6862a638
0xb67cee10:   00000020 0000003e 00000020 68644350
0xb67cee20:   ffffffff 00000000 00000000 6550eff4
0xb67cee30:   00000001 00000010 65524c18 653d9fb9
0xb67cee40:   00000000 b779a29b 6862b7c0 00000000
0xb67cee50:   00000001 00000005 00000000 b6ca8bf2
0xb67cee60:   b67cee98 68620ce0 00000009 69c48000
0xb67cee70:   69c491d0 000090e0 6862b608 00000001 

Instructions: (pc=0x653d8884)
0x653d8864:   83 c6 08 c1 e0 05 89 74 24 1c 8d 2d 3c 5b 01 00
0x653d8874:   31 f6 88 44 24 18 8b 44 24 1c eb 04 89 c2 89 f8
0x653d8884:   8b 7a 0c 83 c6 01 83 81 ac 00 00 00 01 89 50 08
0x653d8894:   89 42 0c 8b 54 1d 00 89 47 08 89 78 0c 89 10 c1 

Register to memory mapping:

EAX=0x68644350 is an unknown value
EBX=0x6550eff4: <offset 0x222ff4> in /usr/lib/libR.so at 0x652ec000
ECX=0x65524c18: <offset 0x238c18> in /usr/lib/libR.so at 0x652ec000
EDX=0x00000000 is an unknown value
ESP=0xb67cee00 is pointing into the stack for thread: 0xb6609800
EBP=0x00015b3c is an unknown value
ESI=0x00000000 is an unknown value
EDI=0x00000001 is an unknown value


Stack: [0xb677f000,0xb67d0000],  sp=0xb67cee00,  free space=319k
Native frames: (J=compiled Java code, j=interpreted, Vv=VM code, C=native code)
C  [libR.so+0xec884]  R_gc+0xc4

[error occurred during error reporting (printing native stack), id 0xb]

Java frames: (J=compiled Java code, j=interpreted, Vv=VM code)
j  org.rosuda.JRI.Rengine.rniParse(Ljava/lang/String;I)J+0
j  org.rosuda.JRI.Rengine.eval(Ljava/lang/String;Z)Lorg/rosuda/JRI/REXP;+53
j  org.rosuda.JRI.Rengine.eval(Ljava/lang/String;)Lorg/rosuda/JRI/REXP;+3
j  org.openforis.calc.CalcTest.test()V+32
j  org.openforis.calc.Calc.main([Ljava/lang/String;)V+21
v  ~StubRoutines::call_stub

---------------  P R O C E S S  ---------------

Java Threads: ( => current thread )
  0xb66d6c00 JavaThread "Low Memory Detector" daemon [_thread_blocked, id=29921, stack(0x6a30d000,0x6a35e000)]
  0xb66d5000 JavaThread "C2 CompilerThread1" daemon [_thread_blocked, id=29920, stack(0x6a0fe000,0x6a17f000)]
  0xb66d3000 JavaThread "C2 CompilerThread0" daemon [_thread_blocked, id=29919, stack(0x6a17f000,0x6a200000)]
  0x6a400800 JavaThread "JDWP Command Reader" daemon [_thread_in_native, id=29917, stack(0x6a35e000,0x6a3af000)]
  0xb66d1400 JavaThread "JDWP Event Helper Thread" daemon [_thread_blocked, id=29914, stack(0x6a3af000,0x6a400000)]
  0xb66cec00 JavaThread "JDWP Transport Listener: dt_socket" daemon [_thread_blocked, id=29913, stack(0x6a517000,0x6a568000)]
  0xb66c5800 JavaThread "Signal Dispatcher" daemon [_thread_blocked, id=29911, stack(0x6a92e000,0x6a97f000)]
  0xb66b6800 JavaThread "Finalizer" daemon [_thread_blocked, id=29910, stack(0x6ac2e000,0x6ac7f000)]
  0xb66b5000 JavaThread "Reference Handler" daemon [_thread_blocked, id=29909, stack(0x6a568000,0x6a5b9000)]
=>0xb6609800 JavaThread "main" [_thread_in_native, id=29902, stack(0xb677f000,0xb67d0000)]

Other Threads:
  0xb66b2400 VMThread [stack: 0x6a5b9000,0x6a63a000] [id=29908]
  0xb66d8c00 WatcherThread [stack: 0x6a07d000,0x6a0fe000] [id=29922]

VM state:not at safepoint (normal execution)

VM Mutex/Monitor currently owned by a thread: None

Heap
 PSYoungGen      total 35584K, used 27495K [0x9dda0000, 0xa2380000, 0xb32f0000)
  eden space 32896K, 75% used [0x9dda0000,0x9f5df188,0x9fdc0000)
  from space 2688K, 99% used [0x9fdc0000,0xa005aa88,0xa0060000)
  to   space 2880K, 0% used [0xa20b0000,0xa20b0000,0xa2380000)
 PSOldGen        total 43712K, used 0K [0x732f0000, 0x75da0000, 0x9dda0000)
  object space 43712K, 0% used [0x732f0000,0x732f0000,0x75da0000)
 PSPermGen       total 19712K, used 19592K [0x6b2f0000, 0x6c630000, 0x732f0000)
  object space 19712K, 99% used [0x6b2f0000,0x6c6121d8,0x6c630000)

Code Cache  [0xb33bb000, 0xb35fb000, 0xb63bb000)
 total_blobs=429 nmethods=299 adapters=92 free_code_cache=48966016 largest_free_block=20672

Dynamic libraries:
08048000-08051000 r-xp 00000000 fc:01 8435083    /usr/lib/jvm/java-6-openjdk-i386/jre/bin/java
08051000-08052000 r--p 00008000 fc:01 8435083    /usr/lib/jvm/java-6-openjdk-i386/jre/bin/java
08052000-08053000 rw-p 00009000 fc:01 8435083    /usr/lib/jvm/java-6-openjdk-i386/jre/bin/java
09460000-09481000 rw-p 00000000 00:00 0          [heap]
652ec000-6550c000 r-xp 00000000 fc:01 25369040   /usr/lib/R/lib/libR.so
6550c000-6550f000 r--p 0021f000 fc:01 25369040   /usr/lib/R/lib/libR.so
6550f000-65517000 rw-p 00222000 fc:01 25369040   /usr/lib/R/lib/libR.so
65517000-65600000 rw-p 00000000 00:00 0 
65600000-656e8000 rw-p 00000000 00:00 0 
656e8000-65700000 ---p 00000000 00:00 0 
65700000-6577c000 rw-p 00000000 00:00 0 
6577c000-65800000 ---p 00000000 00:00 0 
65800000-65a00000 rw-p 00000000 00:00 0 
65a00000-65afe000 rw-p 00000000 00:00 0 
65afe000-65b00000 ---p 00000000 00:00 0 
65d00000-65dff000 rw-p 00000000 00:00 0 
65dff000-65e00000 ---p 00000000 00:00 0 
65e00000-65f00000 rw-p 00000000 00:00 0 
65f00000-66000000 rw-p 00000000 00:00 0 
66000000-66100000 rw-p 00000000 00:00 0 
66100000-661ff000 rw-p 00000000 00:00 0 
661ff000-66200000 ---p 00000000 00:00 0 
66500000-66600000 rw-p 00000000 00:00 0 
66600000-66700000 rw-p 00000000 00:00 0 
66700000-66900000 rw-p 00000000 00:00 0 
66900000-66a00000 rw-p 00000000 00:00 0 
66b00000-66bfb000 rw-p 00000000 00:00 0 
66bfb000-66c00000 ---p 00000000 00:00 0 
66d00000-66de8000 rw-p 00000000 00:00 0 
66de8000-66e00000 ---p 00000000 00:00 0 
66e00000-66efb000 rw-p 00000000 00:00 0 
66efb000-66f00000 ---p 00000000 00:00 0 
66f00000-66fe1000 rw-p 00000000 00:00 0 
66fe1000-67000000 ---p 00000000 00:00 0 
67000000-670e9000 rw-p 00000000 00:00 0 
670e9000-67100000 ---p 00000000 00:00 0 
67100000-671de000 rw-p 00000000 00:00 0 
671de000-67200000 ---p 00000000 00:00 0 
67200000-672fa000 rw-p 00000000 00:00 0 
672fa000-67300000 ---p 00000000 00:00 0 
67300000-673f2000 rw-p 00000000 00:00 0 
673f2000-67400000 ---p 00000000 00:00 0 
67400000-674fc000 rw-p 00000000 00:00 0 
674fc000-67500000 ---p 00000000 00:00 0 
67500000-676f3000 rw-p 00000000 00:00 0 
676f3000-67700000 ---p 00000000 00:00 0 
67700000-677fb000 rw-p 00000000 00:00 0 
677fb000-67800000 ---p 00000000 00:00 0 
67800000-67900000 rw-p 00000000 00:00 0 
67900000-679ff000 rw-p 00000000 00:00 0 
679ff000-67a00000 ---p 00000000 00:00 0 
67c00000-67cfc000 rw-p 00000000 00:00 0 
67cfc000-67d00000 ---p 00000000 00:00 0 
67d00000-67df9000 rw-p 00000000 00:00 0 
67df9000-67e00000 ---p 00000000 00:00 0 
67e00000-67ee9000 rw-p 00000000 00:00 0 
67ee9000-67f00000 ---p 00000000 00:00 0 
67f00000-67fff000 rw-p 00000000 00:00 0 
67fff000-68000000 ---p 00000000 00:00 0 
68000000-680fb000 rw-p 00000000 00:00 0 
680fb000-68100000 ---p 00000000 00:00 0 
68100000-681ff000 rw-p 00000000 00:00 0 
681ff000-68200000 ---p 00000000 00:00 0 
68200000-68300000 rw-p 00000000 00:00 0 
68300000-683fc000 rw-p 00000000 00:00 0 
683fc000-68400000 ---p 00000000 00:00 0 
68400000-68500000 rw-p 00000000 00:00 0 
68600000-68700000 rw-p 00000000 00:00 0 
68800000-688f9000 rw-p 00000000 00:00 0 
688f9000-68900000 ---p 00000000 00:00 0 
68900000-689ff000 rw-p 00000000 00:00 0 
689ff000-68a00000 ---p 00000000 00:00 0 
68a00000-68af7000 rw-p 00000000 00:00 0 
68af7000-68b00000 ---p 00000000 00:00 0 
68b00000-68c00000 rw-p 00000000 00:00 0 
68c00000-68d00000 rw-p 00000000 00:00 0 
68d00000-68dfd000 rw-p 00000000 00:00 0 
68dfd000-68e00000 ---p 00000000 00:00 0 
68e99000-68eb5000 r-xp 00000000 fc:00 8403951    /lib/i386-linux-gnu/libtinfo.so.5.9
68eb5000-68eb7000 r--p 0001b000 fc:00 8403951    /lib/i386-linux-gnu/libtinfo.so.5.9
68eb7000-68eb8000 rw-p 0001d000 fc:00 8403951    /lib/i386-linux-gnu/libtinfo.so.5.9
68eb8000-68ec6000 r-xp 00000000 fc:01 16852035   /usr/lib/i386-linux-gnu/libgomp.so.1.0.0
68ec6000-68ec7000 r--p 0000d000 fc:01 16852035   /usr/lib/i386-linux-gnu/libgomp.so.1.0.0
68ec7000-68ec8000 rw-p 0000e000 fc:01 16852035   /usr/lib/i386-linux-gnu/libgomp.so.1.0.0
68ec8000-68ed7000 r-xp 00000000 fc:00 8388799    /lib/i386-linux-gnu/libbz2.so.1.0.4
68ed7000-68ed8000 r--p 0000e000 fc:00 8388799    /lib/i386-linux-gnu/libbz2.so.1.0.4
68ed8000-68ed9000 rw-p 0000f000 fc:00 8388799    /lib/i386-linux-gnu/libbz2.so.1.0.4
68ed9000-68efe000 r-xp 00000000 fc:01 16818872   /usr/lib/i386-linux-gnu/liblzma.so.5.0.0
68efe000-68eff000 r--p 00024000 fc:01 16818872   /usr/lib/i386-linux-gnu/liblzma.so.5.0.0
68eff000-68f00000 rw-p 00025000 fc:01 16818872   /usr/lib/i386-linux-gnu/liblzma.so.5.0.0
68f00000-68ffb000 rw-p 00000000 00:00 0 
68ffb000-69000000 ---p 00000000 00:00 0 
69000000-690fe000 rw-p 00000000 00:00 0 
690fe000-69100000 ---p 00000000 00:00 0 
69100000-691f9000 rw-p 00000000 00:00 0 
691f9000-69200000 ---p 00000000 00:00 0 
69200000-692e5000 rw-p 00000000 00:00 0 
692e5000-69300000 ---p 00000000 00:00 0 
69300000-693f7000 rw-p 00000000 00:00 0 
693f7000-69400000 ---p 00000000 00:00 0 
69400000-694fd000 rw-p 00000000 00:00 0 
694fd000-69500000 ---p 00000000 00:00 0 
69500000-695f1000 rw-p 00000000 00:00 0 
695f1000-69600000 ---p 00000000 00:00 0 
6960d000-69647000 r-xp 00000000 fc:00 8388922    /lib/i386-linux-gnu/libpcre.so.3.12.1
69647000-69648000 r--p 00039000 fc:00 8388922    /lib/i386-linux-gnu/libpcre.so.3.12.1
69648000-69649000 rw-p 0003a000 fc:00 8388922    /lib/i386-linux-gnu/libpcre.so.3.12.1
69649000-6967e000 r-xp 00000000 fc:00 8389077    /lib/i386-linux-gnu/libreadline.so.6.2
6967e000-6967f000 r--p 00035000 fc:00 8389077    /lib/i386-linux-gnu/libreadline.so.6.2
6967f000-69682000 rw-p 00036000 fc:00 8389077    /lib/i386-linux-gnu/libreadline.so.6.2
69682000-69683000 rw-p 00000000 00:00 0 
69683000-696fe000 r-xp 00000000 fc:01 16930255   /usr/lib/libblas/libblas.so.3gf.0
696fe000-696ff000 r--p 0007a000 fc:01 16930255   /usr/lib/libblas/libblas.so.3gf.0
696ff000-69700000 rw-p 0007b000 fc:01 16930255   /usr/lib/libblas/libblas.so.3gf.0
69700000-697fb000 rw-p 00000000 00:00 0 
697fb000-69800000 ---p 00000000 00:00 0 
69800000-698ff000 rw-p 00000000 00:00 0 
698ff000-69900000 ---p 00000000 00:00 0 
69900000-699ff000 rw-p 00000000 00:00 0 
699ff000-69a00000 ---p 00000000 00:00 0 
69a00000-69af9000 rw-p 00000000 00:00 0 
69af9000-69b00000 ---p 00000000 00:00 0 
69b00000-69c00000 rw-p 00000000 00:00 0 
69c1a000-69c2d000 r-xp 00000000 fc:00 8428969    /lib/i386-linux-gnu/libresolv-2.15.so
69c2d000-69c2e000 ---p 00013000 fc:00 8428969    /lib/i386-linux-gnu/libresolv-2.15.so
69c2e000-69c2f000 r--p 00013000 fc:00 8428969    /lib/i386-linux-gnu/libresolv-2.15.so
69c2f000-69c30000 rw-p 00014000 fc:00 8428969    /lib/i386-linux-gnu/libresolv-2.15.so
69c30000-69c32000 rw-p 00000000 00:00 0 
69c32000-69c37000 r-xp 00000000 fc:00 8428970    /lib/i386-linux-gnu/libnss_dns-2.15.so
69c37000-69c38000 r--p 00004000 fc:00 8428970    /lib/i386-linux-gnu/libnss_dns-2.15.so
69c38000-69c39000 rw-p 00005000 fc:00 8428970    /lib/i386-linux-gnu/libnss_dns-2.15.so
69c39000-69c3b000 r-xp 00000000 fc:00 9174       /lib/libnss_mdns4_minimal.so.2
69c3b000-69c3c000 r--p 00001000 fc:00 9174       /lib/libnss_mdns4_minimal.so.2
69c3c000-69c3d000 rw-p 00002000 fc:00 9174       /lib/libnss_mdns4_minimal.so.2
69c48000-69c50000 r-xp 00000000 fc:01 8577916    /usr/local/lib/R/site-library/rJava/jri/libjri.so
69c50000-69c51000 r--p 00008000 fc:01 8577916    /usr/local/lib/R/site-library/rJava/jri/libjri.so
69c51000-69c52000 rw-p 00009000 fc:01 8577916    /usr/local/lib/R/site-library/rJava/jri/libjri.so
69c52000-69c67000 r-xp 00000000 fc:01 25190851   /usr/lib/jvm/java-6-openjdk-i386/jre/lib/i386/libnet.so
69c67000-69c68000 r--p 00014000 fc:01 25190851   /usr/lib/jvm/java-6-openjdk-i386/jre/lib/i386/libnet.so
69c68000-69c69000 rw-p 00015000 fc:01 25190851   /usr/lib/jvm/java-6-openjdk-i386/jre/lib/i386/libnet.so
69c69000-69c6b000 r--s 00005000 fc:05 404305821  /home/gino/.m2/repository/org/slf4j/slf4j-api/1.7.5/slf4j-api-1.7.5.jar
69c6b000-69c6d000 r--s 0000e000 fc:05 138801852  /home/gino/.m2/repository/oro/oro/2.0.8/oro-2.0.8.jar
69c6d000-69c6f000 r--s 00005000 fc:05 270969556  /home/gino/.m2/repository/stax/stax-api/1.0.1/stax-api-1.0.1.jar
69c6f000-69c71000 r--s 00005000 fc:05 270969550  /home/gino/.m2/repository/commons-logging/commons-logging-api/1.0.4/commons-logging-api-1.0.4.jar
69c71000-69c75000 r--s 0002f000 fc:05 36880136   /home/gino/.m2/repository/commons-lang/commons-lang/2.1/commons-lang-2.1.jar
69c75000-69c7a000 r--s 00016000 fc:05 404307056  /home/gino/.m2/repository/xml-apis/xml-apis/1.0.b2/xml-apis-1.0.b2.jar
69c7a000-69c7e000 r--s 0001f000 fc:05 270969552  /home/gino/.m2/repository/commons-digester/commons-digester/1.7/commons-digester-1.7.jar
69c7e000-69c82000 r--s 00026000 fc:05 404307053  /home/gino/.m2/repository/commons-beanutils/commons-beanutils-core/1.7.0/commons-beanutils-core-1.7.0.jar
69c82000-69c88000 r--s 00036000 fc:05 36880132   /home/gino/.m2/repository/commons-betwixt/commons-betwixt/0.8/commons-betwixt-0.8.jar
69c88000-69c8d000 r--s 0002a000 fc:05 36880133   /home/gino/.m2/repository/commons-beanutils/commons-beanutils/1.7.0/commons-beanutils-1.7.0.jar
69c8d000-69c93000 r--s 00051000 fc:05 404305850  /home/gino/.m2/repository/org/apache/ddlutils/ddlutils/1.0/ddlutils-1.0.jar
69c93000-69c96000 r--s 00011000 fc:05 17547805   /home/gino/.m2/repository/org/hibernate/common/hibernate-commons-annotations/4.0.1.Final/hibernate-commons-annotations-4.0.1.Final.jar
69c96000-69c9f000 r--s 00096000 fc:05 138539094  /home/gino/.m2/repository/org/javassist/javassist/3.15.0-GA/javassist-3.15.0-GA.jar
69c9f000-69ca4000 r--s 00015000 fc:05 29716548   /home/gino/.m2/repository/org/hibernate/javax/persistence/hibernate-jpa-2.0-api/1.0.1.Final/hibernate-jpa-2.0-api-1.0.1.Final.jar
69ca4000-69ca6000 r--s 00005000 fc:05 271073938  /home/gino/.m2/repository/org/jboss/spec/javax/transaction/jboss-transaction-api_1.1_spec/1.0.1.Final/jboss-transaction-api_1.1_spec-1.0.1.Final.jar
69ca6000-69cab000 r--s 00048000 fc:05 290970     /home/gino/.m2/repository/dom4j/dom4j/1.6.1/dom4j-1.6.1.jar
69cab000-69cb0000 r--s 00068000 fc:05 135962659  /home/gino/.m2/repository/antlr/antlr/2.7.7/antlr-2.7.7.jar
69cb0000-69d00000 r--s 00417000 fc:05 138539093  /home/gino/.m2/repository/org/hibernate/hibernate-core/4.2.1.Final/hibernate-core-4.2.1.Final.jar
69d00000-69dfa000 rw-p 00000000 00:00 0 
69dfa000-69e00000 ---p 00000000 00:00 0 
69e00000-69ef4000 rw-p 00000000 00:00 0 
69ef4000-69f00000 ---p 00000000 00:00 0 
69f00000-69fff000 rw-p 00000000 00:00 0 
69fff000-6a000000 ---p 00000000 00:00 0 
6a000000-6a00a000 r--s 0006d000 fc:05 138539090  /home/gino/.m2/repository/org/hibernate/hibernate-entitymanager/4.2.1.Final/hibernate-entitymanager-4.2.1.Final.jar
6a00a000-6a00b000 r--s 00001000 fc:05 270969544  /home/gino/.m2/repository/javax/annotation/jsr250-api/1.0/jsr250-api-1.0.jar
6a00b000-6a00c000 r--s 00003000 fc:05 404303561  /home/gino/.m2/repository/net/sf/opencsv/opencsv/2.0/opencsv-2.0.jar
6a00c000-6a00d000 r--s 0000a000 fc:05 404296235  /home/gino/.m2/repository/net/sf/kxml/kxml2/2.3.0/kxml2-2.3.0.jar
6a00d000-6a010000 r--s 00015000 fc:05 36839551   /home/gino/.m2/repository/commons-pool/commons-pool/1.5.4/commons-pool-1.5.4.jar
6a010000-6a013000 r--s 00025000 fc:05 36839549   /home/gino/.m2/repository/commons-dbcp/commons-dbcp/1.4/commons-dbcp-1.4.jar
6a013000-6a014000 r--s 00000000 fc:05 136643399  /home/gino/.m2/repository/org/postgis/postgis-stubs/1.3.3/postgis-stubs-1.3.3.jar
6a014000-6a016000 r--s 00011000 fc:05 136357405  /home/gino/.m2/repository/org/postgis/postgis-jdbc/1.3.3/postgis-jdbc-1.3.3.jar
6a016000-6a01c000 r--s 00081000 fc:05 270969539  /home/gino/.m2/repository/postgresql/postgresql/9.1-901-1.jdbc4/postgresql-9.1-901-1.jdbc4.jar
6a01c000-6a029000 r--s 000c2000 fc:05 404305796  /home/gino/.m2/repository/org/jooq/jooq/2.6.0/jooq-2.6.0.jar
6a029000-6a033000 r--s 00059000 fc:05 136643401  /home/gino/.m2/repository/org/springframework/spring-jdbc/3.1.0.RELEASE/spring-jdbc-3.1.0.RELEASE.jar
6a033000-6a03c000 r--s 00054000 fc:05 404303609  /home/gino/.m2/repository/org/springframework/spring-orm/3.1.0.RELEASE/spring-orm-3.1.0.RELEASE.jar
6a03c000-6a03e000 r--s 00000000 fc:05 404239869  /home/gino/.m2/repository/aopalliance/aopalliance/1.0/aopalliance-1.0.jar
6a03e000-6a046000 r--s 00035000 fc:05 402687200  /home/gino/.m2/repository/org/springframework/spring-tx/3.1.0.RELEASE/spring-tx-3.1.0.RELEASE.jar
6a046000-6a04b000 r--s 00027000 fc:05 404226976  /home/gino/.m2/repository/org/springframework/spring-expression/3.1.0.RELEASE/spring-expression-3.1.0.RELEASE.jar
6a04b000-6a051000 r--s 000fc000 fc:01 25190827   /usr/lib/jvm/java-6-openjdk-common/jre/lib/resources.jar
6a051000-6a05c000 r--s 00062000 fc:05 402832478  /home/gino/.m2/repository/org/springframework/spring-core/3.1.0.RELEASE/spring-core-3.1.0.RELEASE.jar
6a05c000-6a068000 r--s 00084000 fc:05 136074270  /home/gino/.m2/repository/org/springframework/spring-beans/3.1.0.RELEASE/spring-beans-3.1.0.RELEASE.jar
6a068000-6a07d000 r--s 000b6000 fc:05 136356716  /home/gino/.m2/repository/org/springframework/spring-context/3.1.0.RELEASE/spring-context-3.1.0.RELEASE.jar
6a07d000-6a07e000 ---p 00000000 00:00 0 
6a07e000-6a0fe000 rw-p 00000000 00:00 0 
6a0fe000-6a101000 ---p 00000000 00:00 0 
6a101000-6a17f000 rw-p 00000000 00:00 0 
6a17f000-6a182000 ---p 00000000 00:00 0 
6a182000-6a200000 rw-p 00000000 00:00 0 
6a200000-6a221000 rw-p 00000000 00:00 0 
6a221000-6a300000 ---p 00000000 00:00 0 
6a300000-6a301000 rw-p 00000000 00:00 0 
6a301000-6a302000 r--s 00010000 fc:05 402867801  /home/gino/.m2/repository/net/rforge/jri/0.5-5/jri-0.5-5.jar
6a302000-6a303000 r--s 00003000 fc:05 17546914   /home/gino/.m2/repository/com/googlecode/json-simple/json-simple/1.1/json-simple-1.1.jar
6a303000-6a305000 r--s 0000d000 fc:05 138539091  /home/gino/.m2/repository/org/jboss/logging/jboss-logging/3.1.0.GA/jboss-logging-3.1.0.GA.jar
6a305000-6a30d000 r--s 00049000 fc:05 136069744  /home/gino/.m2/repository/org/springframework/spring-aop/3.1.0.RELEASE/spring-aop-3.1.0.RELEASE.jar
6a30d000-6a310000 ---p 00000000 00:00 0 
6a310000-6a35e000 rw-p 00000000 00:00 0 
6a35e000-6a361000 ---p 00000000 00:00 0 
6a361000-6a3af000 rw-p 00000000 00:00 0 
6a3af000-6a3b2000 ---p 00000000 00:00 0 
6a3b2000-6a400000 rw-p 00000000 00:00 0 
6a400000-6a421000 rw-p 00000000 00:00 0 
6a421000-6a500000 ---p 00000000 00:00 0 
6a500000-6a501000 r--s 0000c000 fc:05 404192471  /home/gino/.m2/repository/org/springframework/spring-asm/3.1.0.RELEASE/spring-asm-3.1.0.RELEASE.jar
6a501000-6a504000 r--s 0007f000 fc:01 25188533   /usr/lib/jvm/java-6-openjdk-common/jre/lib/jsse.jar
6a504000-6a505000 r--s 00002000 fc:05 269170072  /home/gino/.m2/repository/org/openforis/commons/commons-io/0.0.3/commons-io-0.0.3.jar
6a505000-6a506000 r--s 00000000 fc:05 2635751    /home/gino/.m2/repository/org/openforis/commons/commons-collections/0.0.3/commons-collections-0.0.3.jar
6a506000-6a517000 r--s 000d2000 fc:05 2562627    /home/gino/.m2/repository/org/liquibase/liquibase-core/2.0.5/liquibase-core-2.0.5.jar
6a517000-6a51a000 ---p 00000000 00:00 0 
6a51a000-6a568000 rw-p 00000000 00:00 0 
6a568000-6a56b000 ---p 00000000 00:00 0 
6a56b000-6a5b9000 rw-p 00000000 00:00 0 
6a5b9000-6a5ba000 ---p 00000000 00:00 0 
6a5ba000-6a66d000 rw-p 00000000 00:00 0 
6a66d000-6a800000 r--s 037db000 fc:01 16844303   /usr/lib/jvm/java-6-openjdk-i386/jre/lib/rt.jar
6a800000-6a821000 rw-p 00000000 00:00 0 
6a821000-6a900000 ---p 00000000 00:00 0 
6a900000-6a919000 r--s 0015f000 fc:05 136048990  /home/gino/.m2/repository/org/apache/lucene/lucene-core/3.6.1/lucene-core-3.6.1.jar
6a919000-6a91a000 r--s 00001000 fc:05 270969530  /home/gino/.m2/repository/xmlpull/xmlpull/1.1.3.4a/xmlpull-1.1.3.4a.jar
6a91a000-6a921000 r--s 00040000 fc:05 270969528  /home/gino/.m2/repository/cglib/cglib/2.2.2/cglib-2.2.2.jar
6a921000-6a928000 r--s 00051000 fc:05 402832460  /home/gino/.m2/repository/log4j/log4j/1.2.12/log4j-1.2.12.jar
6a928000-6a92e000 r--s 00033000 fc:05 36839540   /home/gino/.m2/repository/commons-codec/commons-codec/1.6/commons-codec-1.6.jar
6a92e000-6a931000 ---p 00000000 00:00 0 
6a931000-6a97f000 rw-p 00000000 00:00 0 
6a97f000-6a980000 ---p 00000000 00:00 0 
6a980000-6aa00000 rw-p 00000000 00:00 0 
6aa00000-6aa21000 rw-p 00000000 00:00 0 
6aa21000-6ab00000 ---p 00000000 00:00 0 
6ab00000-6abfe000 rw-p 00000000 00:00 0 
6abfe000-6ac00000 ---p 00000000 00:00 0 
6ac00000-6ac0e000 r--s 0007f000 fc:05 36839539   /home/gino/.m2/repository/commons-collections/commons-collections/3.2.1/commons-collections-3.2.1.jar
6ac0e000-6ac14000 r--s 00048000 fc:05 136048987  /home/gino/.m2/repository/org/apache/commons/commons-lang3/3.1/commons-lang3-3.1.jar
6ac14000-6ac16000 r--s 0000d000 fc:05 270969526  /home/gino/.m2/repository/commons-logging/commons-logging/1.1.1/commons-logging-1.1.1.jar
6ac16000-6ac17000 r--s 00003000 fc:05 136048985  /home/gino/.m2/repository/com/dyuproject/protostuff/protostuff-xml/1.0.4/protostuff-xml-1.0.4.jar
6ac17000-6ac1a000 r--s 0000a000 fc:05 402832454  /home/gino/.m2/repository/com/dyuproject/protostuff/protostuff-collectionschema/1.0.4/protostuff-collectionschema-1.0.4.jar
6ac1a000-6ac20000 r--s 00038000 fc:05 136048983  /home/gino/.m2/repository/com/dyuproject/protostuff/protostuff-runtime/1.0.4/protostuff-runtime-1.0.4.jar
6ac20000-6ac22000 r--s 0000a000 fc:05 402832449  /home/gino/.m2/repository/com/dyuproject/protostuff/protostuff-core/1.0.4/protostuff-core-1.0.4.jar
6ac22000-6ac24000 r--s 0000a000 fc:05 402832450  /home/gino/.m2/repository/com/dyuproject/protostuff/protostuff-api/1.0.4/protostuff-api-1.0.4.jar
6ac24000-6ac25000 r--s 00002000 fc:05 136034139  /home/gino/.m2/repository/org/openforis/idm/idm-api-protostuff/3.0-CR1-SNAPSHOT/idm-api-protostuff-3.0-CR1-SNAPSHOT.jar
6ac25000-6ac28000 r--s 00024000 fc:05 156413788  /home/gino/.m2/repository/commons-io/commons-io/2.0.1/commons-io-2.0.1.jar
6ac28000-6ac2e000 r--s 00045000 fc:05 404408435  /home/gino/.m2/repository/commons-jxpath/commons-jxpath/1.4-20120215/commons-jxpath-1.4-20120215.jar
6ac2e000-6ac31000 ---p 00000000 00:00 0 
6ac31000-6ac7f000 rw-p 00000000 00:00 0 
6ac7f000-6ac80000 ---p 00000000 00:00 0 
6ac80000-6ad00000 rw-p 00000000 00:00 0 
6ad00000-6adff000 rw-p 00000000 00:00 0 
6adff000-6ae00000 ---p 00000000 00:00 0 
6ae00000-6ae0b000 r--s 0006d000 fc:05 49226      /home/gino/.m2/repository/org/openforis/idm/idm-api/3.0-CR1-SNAPSHOT/idm-api-3.0-CR1-SNAPSHOT.jar
6ae0b000-6ae11000 r--s 00046000 fc:05 269113044  /home/gino/.m2/repository/org/openforis/collect/collect-core/3.0-CR1-SNAPSHOT/collect-core-3.0-CR1-SNAPSHOT.jar
6ae11000-6ae12000 r--s 00007000 fc:01 16929324   /usr/share/java/java-atk-wrapper.jar
6ae12000-6ae14000 r--s 0000f000 fc:01 25190824   /usr/lib/jvm/java-6-openjdk-common/jre/lib/ext/pulse-java.jar
6ae14000-6ae17000 r--s 00031000 fc:01 25190822   /usr/lib/jvm/java-6-openjdk-common/jre/lib/ext/sunjce_provider.jar
6ae17000-6ae18000 ---p 00000000 00:00 0 
6ae18000-6ae98000 rw-p 00000000 00:00 0 
6ae98000-6ae99000 ---p 00000000 00:00 0 
6ae99000-6af23000 rw-p 00000000 00:00 0 
6af23000-6af59000 rw-p 00000000 00:00 0 
6af59000-6af6f000 rw-p 00000000 00:00 0 
6af6f000-6b0af000 rw-p 00000000 00:00 0 
6b0af000-6b0b9000 rw-p 00000000 00:00 0 
6b0b9000-6b0ef000 rw-p 00000000 00:00 0 
6b0ef000-6b105000 rw-p 00000000 00:00 0 
6b105000-6b244000 rw-p 00000000 00:00 0 
6b244000-6b268000 rw-p 00000000 00:00 0 
6b268000-6b2ef000 rw-p 00000000 00:00 0 
6b2ef000-6c630000 rw-p 00000000 00:00 0 
6c630000-732f0000 rw-p 00000000 00:00 0 
732f0000-75da0000 rw-p 00000000 00:00 0 
75da0000-9dda0000 rw-p 00000000 00:00 0 
9dda0000-a2380000 rw-p 00000000 00:00 0 
a2380000-b32f0000 rw-p 00000000 00:00 0 
b32f0000-b32f2000 r--s 00001000 fc:01 25190823   /usr/lib/jvm/java-6-openjdk-common/jre/lib/ext/dnsns.jar
b32f2000-b32f5000 r--s 00077000 fc:01 25190821   /usr/lib/jvm/java-6-openjdk-common/jre/lib/ext/localedata.jar
b32f5000-b32f9000 r-xp 00000000 fc:01 25190848   /usr/lib/jvm/java-6-openjdk-i386/jre/lib/i386/libdt_socket.so
b32f9000-b32fa000 r--p 00003000 fc:01 25190848   /usr/lib/jvm/java-6-openjdk-i386/jre/lib/i386/libdt_socket.so
b32fa000-b32fb000 rw-p 00004000 fc:01 25190848   /usr/lib/jvm/java-6-openjdk-i386/jre/lib/i386/libdt_socket.so
b32fb000-b3304000 rw-p 00000000 00:00 0 
b3304000-b33bb000 rw-p 00000000 00:00 0 
b33bb000-b35fb000 rwxp 00000000 00:00 0 
b35fb000-b63bb000 rw-p 00000000 00:00 0 
b63bb000-b63c6000 r-xp 00000000 fc:00 8428968    /lib/i386-linux-gnu/libnss_files-2.15.so
b63c6000-b63c7000 r--p 0000a000 fc:00 8428968    /lib/i386-linux-gnu/libnss_files-2.15.so
b63c7000-b63c8000 rw-p 0000b000 fc:00 8428968    /lib/i386-linux-gnu/libnss_files-2.15.so
b63c8000-b63de000 r-xp 00000000 fc:00 8428982    /lib/i386-linux-gnu/libnsl-2.15.so
b63de000-b63df000 r--p 00015000 fc:00 8428982    /lib/i386-linux-gnu/libnsl-2.15.so
b63df000-b63e0000 rw-p 00016000 fc:00 8428982    /lib/i386-linux-gnu/libnsl-2.15.so
b63e0000-b63e2000 rw-p 00000000 00:00 0 
b63e2000-b63e9000 r-xp 00000000 fc:00 8428966    /lib/i386-linux-gnu/libnss_compat-2.15.so
b63e9000-b63ea000 r--p 00006000 fc:00 8428966    /lib/i386-linux-gnu/libnss_compat-2.15.so
b63ea000-b63eb000 rw-p 00007000 fc:00 8428966    /lib/i386-linux-gnu/libnss_compat-2.15.so
b63eb000-b63ef000 r--s 00039000 fc:01 25190820   /usr/lib/jvm/java-6-openjdk-common/jre/lib/ext/sunpkcs11.jar
b63ef000-b63f6000 r-xp 00000000 fc:01 25190830   /usr/lib/jvm/java-6-openjdk-i386/jre/lib/i386/libzip.so
b63f6000-b63f7000 r--p 00006000 fc:01 25190830   /usr/lib/jvm/java-6-openjdk-i386/jre/lib/i386/libzip.so
b63f7000-b63f8000 rw-p 00007000 fc:01 25190830   /usr/lib/jvm/java-6-openjdk-i386/jre/lib/i386/libzip.so
b63f8000-b6400000 rw-s 00000000 fc:04 8388998    /tmp/hsperfdata_gino/29897
b6400000-b6600000 r--p 00000000 fc:01 25172796   /usr/lib/locale/locale-archive
b6600000-b66fc000 rw-p 00000000 00:00 0 
b66fc000-b6700000 ---p 00000000 00:00 0 
b6700000-b6701000 r--s 0000a000 fc:05 136048988  /home/gino/.m2/repository/asm/asm/3.3.1/asm-3.3.1.jar
b6701000-b670b000 r-xp 00000000 fc:00 8428972    /lib/i386-linux-gnu/libnss_nis-2.15.so
b670b000-b670c000 r--p 00009000 fc:00 8428972    /lib/i386-linux-gnu/libnss_nis-2.15.so
b670c000-b670d000 rw-p 0000a000 fc:00 8428972    /lib/i386-linux-gnu/libnss_nis-2.15.so
b670d000-b674b000 r-xp 00000000 fc:01 25190849   /usr/lib/jvm/java-6-openjdk-i386/jre/lib/i386/libjdwp.so
b674b000-b674c000 r--p 0003d000 fc:01 25190849   /usr/lib/jvm/java-6-openjdk-i386/jre/lib/i386/libjdwp.so
b674c000-b674d000 rw-p 0003e000 fc:01 25190849   /usr/lib/jvm/java-6-openjdk-i386/jre/lib/i386/libjdwp.so
b674d000-b6773000 r-xp 00000000 fc:01 25188539   /usr/lib/jvm/java-6-openjdk-i386/jre/lib/i386/libjava.so
b6773000-b6774000 r--p 00025000 fc:01 25188539   /usr/lib/jvm/java-6-openjdk-i386/jre/lib/i386/libjava.so
b6774000-b6776000 rw-p 00026000 fc:01 25188539   /usr/lib/jvm/java-6-openjdk-i386/jre/lib/i386/libjava.so
b6776000-b677d000 r-xp 00000000 fc:00 8428971    /lib/i386-linux-gnu/librt-2.15.so
b677d000-b677e000 r--p 00006000 fc:00 8428971    /lib/i386-linux-gnu/librt-2.15.so
b677e000-b677f000 rw-p 00007000 fc:00 8428971    /lib/i386-linux-gnu/librt-2.15.so
b677f000-b6782000 ---p 00000000 00:00 0 
b6782000-b67d0000 rw-p 00000000 00:00 0 
b67d0000-b67ec000 r-xp 00000000 fc:00 8429889    /lib/i386-linux-gnu/libgcc_s.so.1
b67ec000-b67ed000 r--p 0001b000 fc:00 8429889    /lib/i386-linux-gnu/libgcc_s.so.1
b67ed000-b67ee000 rw-p 0001c000 fc:00 8429889    /lib/i386-linux-gnu/libgcc_s.so.1
b67ee000-b6818000 r-xp 00000000 fc:00 8421366    /lib/i386-linux-gnu/libm-2.15.so
b6818000-b6819000 r--p 00029000 fc:00 8421366    /lib/i386-linux-gnu/libm-2.15.so
b6819000-b681a000 rw-p 0002a000 fc:00 8421366    /lib/i386-linux-gnu/libm-2.15.so
b681a000-b68f2000 r-xp 00000000 fc:01 16819594   /usr/lib/i386-linux-gnu/libstdc++.so.6.0.16
b68f2000-b68f3000 ---p 000d8000 fc:01 16819594   /usr/lib/i386-linux-gnu/libstdc++.so.6.0.16
b68f3000-b68f7000 r--p 000d8000 fc:01 16819594   /usr/lib/i386-linux-gnu/libstdc++.so.6.0.16
b68f7000-b68f8000 rw-p 000dc000 fc:01 16819594   /usr/lib/i386-linux-gnu/libstdc++.so.6.0.16
b68f8000-b68ff000 rw-p 00000000 00:00 0 
b68ff000-b711e000 r-xp 00000000 fc:01 25190836   /usr/lib/jvm/java-6-openjdk-i386/jre/lib/i386/server/libjvm.so
b711e000-b7163000 r--p 0081f000 fc:01 25190836   /usr/lib/jvm/java-6-openjdk-i386/jre/lib/i386/server/libjvm.so
b7163000-b7172000 rw-p 00864000 fc:01 25190836   /usr/lib/jvm/java-6-openjdk-i386/jre/lib/i386/server/libjvm.so
b7172000-b758e000 rw-p 00000000 00:00 0 
b758e000-b75a2000 r-xp 00000000 fc:00 8389062    /lib/i386-linux-gnu/libz.so.1.2.3.4
b75a2000-b75a3000 r--p 00013000 fc:00 8389062    /lib/i386-linux-gnu/libz.so.1.2.3.4
b75a3000-b75a4000 rw-p 00014000 fc:00 8389062    /lib/i386-linux-gnu/libz.so.1.2.3.4
b75a4000-b7747000 r-xp 00000000 fc:00 8428964    /lib/i386-linux-gnu/libc-2.15.so
b7747000-b7749000 r--p 001a3000 fc:00 8428964    /lib/i386-linux-gnu/libc-2.15.so
b7749000-b774a000 rw-p 001a5000 fc:00 8428964    /lib/i386-linux-gnu/libc-2.15.so
b774a000-b774d000 rw-p 00000000 00:00 0 
b774d000-b7750000 r-xp 00000000 fc:00 8428977    /lib/i386-linux-gnu/libdl-2.15.so
b7750000-b7751000 r--p 00002000 fc:00 8428977    /lib/i386-linux-gnu/libdl-2.15.so
b7751000-b7752000 rw-p 00003000 fc:00 8428977    /lib/i386-linux-gnu/libdl-2.15.so
b7752000-b7756000 r-xp 00000000 fc:01 20586      /usr/lib/jvm/java-6-openjdk-i386/jre/lib/i386/jli/libjli.so
b7756000-b7757000 r--p 00003000 fc:01 20586      /usr/lib/jvm/java-6-openjdk-i386/jre/lib/i386/jli/libjli.so
b7757000-b7758000 rw-p 00004000 fc:01 20586      /usr/lib/jvm/java-6-openjdk-i386/jre/lib/i386/jli/libjli.so
b7758000-b7759000 rw-p 00000000 00:00 0 
b7759000-b7770000 r-xp 00000000 fc:00 8428973    /lib/i386-linux-gnu/libpthread-2.15.so
b7770000-b7771000 r--p 00016000 fc:00 8428973    /lib/i386-linux-gnu/libpthread-2.15.so
b7771000-b7772000 rw-p 00017000 fc:00 8428973    /lib/i386-linux-gnu/libpthread-2.15.so
b7772000-b7774000 rw-p 00000000 00:00 0 
b7774000-b7777000 r-xp 00000000 fc:01 25188538   /usr/lib/jvm/java-6-openjdk-i386/jre/lib/i386/libnpt.so
b7777000-b7778000 r--p 00002000 fc:01 25188538   /usr/lib/jvm/java-6-openjdk-i386/jre/lib/i386/libnpt.so
b7778000-b7779000 rw-p 00003000 fc:01 25188538   /usr/lib/jvm/java-6-openjdk-i386/jre/lib/i386/libnpt.so
b7779000-b777a000 rw-p 00000000 00:00 0 
b777a000-b777b000 r--p 00000000 00:00 0 
b777b000-b7786000 r-xp 00000000 fc:01 25190843   /usr/lib/jvm/java-6-openjdk-i386/jre/lib/i386/libverify.so
b7786000-b7787000 ---p 0000b000 fc:01 25190843   /usr/lib/jvm/java-6-openjdk-i386/jre/lib/i386/libverify.so
b7787000-b7788000 r--p 0000b000 fc:01 25190843   /usr/lib/jvm/java-6-openjdk-i386/jre/lib/i386/libverify.so
b7788000-b7789000 rw-p 0000c000 fc:01 25190843   /usr/lib/jvm/java-6-openjdk-i386/jre/lib/i386/libverify.so
b7789000-b778b000 rw-p 00000000 00:00 0 
b778b000-b778c000 r-xp 00000000 00:00 0          [vdso]
b778c000-b77ac000 r-xp 00000000 fc:00 8421369    /lib/i386-linux-gnu/ld-2.15.so
b77ac000-b77ad000 r--p 0001f000 fc:00 8421369    /lib/i386-linux-gnu/ld-2.15.so
b77ad000-b77ae000 rw-p 00020000 fc:00 8421369    /lib/i386-linux-gnu/ld-2.15.so
bfa3a000-bfa5c000 rw-p 00000000 00:00 0          [stack]

VM Arguments:
jvm_args: -agentlib:jdwp=transport=dt_socket,suspend=y,address=localhost:50103 -Djava.library.path=.:/usr/local/lib/R/site-library/rJava/jri -Dfile.encoding=UTF-8 
java_command: org.openforis.calc.Calc
Launcher Type: SUN_STANDARD

Environment Variables:
PATH=/home/gino/bin:/usr/lib/lightdm/lightdm:/usr/local/sbin:/usr/local/bin:/usr/sbin:/usr/bin:/sbin:/bin:/usr/games
LD_LIBRARY_PATH=/usr/lib/jvm/java-6-openjdk-i386/jre/lib/i386/server:/usr/lib/jvm/java-6-openjdk-i386/jre/lib/i386:/usr/lib/jvm/java-6-openjdk-i386/jre/../lib/i386:/usr/lib/jvm/java-6-openjdk-i386/jre/lib/i386/client:/usr/lib/jvm/java-6-openjdk-i386/jre/lib/i386:
SHELL=/bin/bash
DISPLAY=:0

Signal Handlers:
SIGSEGV: [libjvm.so+0x66b2b0], sa_mask[0]=0x7ffbfeff, sa_flags=0x10000004
SIGBUS: [libjvm.so+0x66b2b0], sa_mask[0]=0x7ffbfeff, sa_flags=0x10000004
SIGFPE: [libjvm.so+0x52e950], sa_mask[0]=0x7ffbfeff, sa_flags=0x10000004
SIGPIPE: [libjvm.so+0x52e950], sa_mask[0]=0x7ffbfeff, sa_flags=0x10000004
SIGXFSZ: [libjvm.so+0x52e950], sa_mask[0]=0x7ffbfeff, sa_flags=0x10000004
SIGILL: [libjvm.so+0x52e950], sa_mask[0]=0x7ffbfeff, sa_flags=0x10000004
SIGUSR1: SIG_DFL, sa_mask[0]=0x00000000, sa_flags=0x00000000
SIGUSR2: [libjvm.so+0x52e7e0], sa_mask[0]=0x00000004, sa_flags=0x10000004
SIGHUP: [libjvm.so+0x531770], sa_mask[0]=0x7ffbfeff, sa_flags=0x10000004
SIGINT: [libjvm.so+0x531770], sa_mask[0]=0x7ffbfeff, sa_flags=0x10000004
SIGTERM: [libjvm.so+0x531770], sa_mask[0]=0x7ffbfeff, sa_flags=0x10000004
SIGQUIT: [libjvm.so+0x531770], sa_mask[0]=0x7ffbfeff, sa_flags=0x10000004


---------------  S Y S T E M  ---------------

OS:Ubuntu 12.04 (precise)
uname:Linux 3.2.0-41-generic-pae #66-Ubuntu SMP Thu Apr 25 03:50:20 UTC 2013 i686
libc:glibc 2.15 NPTL 2.15 
rlimit: STACK 8192k, CORE 0k, NPROC 63432, NOFILE 4096, AS infinity
load average:0.56 0.91 0.92

/proc/meminfo:
MemTotal:        8134976 kB
MemFree:         1010136 kB
Buffers:            5504 kB
Cached:          3940980 kB
SwapCached:           44 kB
Active:          3968488 kB
Inactive:        2218988 kB
Active(anon):    1980280 kB
Inactive(anon):   292756 kB
Active(file):    1988208 kB
Inactive(file):  1926232 kB
Unevictable:          48 kB
Mlocked:              48 kB
HighTotal:       7342084 kB
HighFree:         831092 kB
LowTotal:         792892 kB
LowFree:          179044 kB
SwapTotal:      15622140 kB
SwapFree:       15621796 kB
Dirty:               356 kB
Writeback:             0 kB
AnonPages:       2240904 kB
Mapped:           403772 kB
Shmem:             32044 kB
Slab:             378220 kB
SReclaimable:     327628 kB
SUnreclaim:        50592 kB
KernelStack:        5152 kB
PageTables:        19388 kB
NFS_Unstable:          0 kB
Bounce:                0 kB
WritebackTmp:          0 kB
CommitLimit:    19689628 kB
Committed_AS:    4863388 kB
VmallocTotal:     122880 kB
VmallocUsed:       40692 kB
VmallocChunk:      75956 kB
HardwareCorrupted:     0 kB
AnonHugePages:         0 kB
HugePages_Total:       0
HugePages_Free:        0
HugePages_Rsvd:        0
HugePages_Surp:        0
Hugepagesize:       2048 kB
DirectMap4k:        8184 kB
DirectMap2M:      905216 kB


CPU:total 4 (4 cores per cpu, 1 threads per core) family 6 model 23 stepping 10, cmov, cx8, fxsr, mmx, sse, sse2, sse3, ssse3, sse4.1

Memory: 4k page, physical 8134976k(1010136k free), swap 15622140k(15621796k free)

vm_info: OpenJDK Server VM (20.0-b12) for linux-x86 JRE (1.6.0_27-b27), built on Apr 25 2013 14:59:06 by "buildd" with gcc 4.6.3

time: Tue Jun 18 16:26:17 2013
elapsed time: 3 seconds

