#
# A fatal error has been detected by the Java Runtime Environment:
#
#  SIGSEGV (0xb) at pc=0xb33717c7, pid=8515, tid=1752558400
#
# JRE version: 6.0_27-b27
# Java VM: OpenJDK Server VM (20.0-b12 mixed mode linux-x86 )
# Derivative: IcedTea6 1.12.5
# Distribution: Ubuntu 12.04 LTS, package 6b27-1.12.5-0ubuntu0.12.04.1
# Problematic frame:
# 
[error occurred during error reporting (printing problematic frame), id 0xb]

# If you would like to submit a bug report, please include
# instructions how to reproduce the bug and visit:
#   https://bugs.launchpad.net/ubuntu/+source/openjdk-6/
# The crash happened outside the Java Virtual Machine in native code.
# See problematic frame for where to report the bug.
#

---------------  T H R E A D  ---------------

Current thread (0x6a12cc00):  JavaThread "Thread-2" [_thread_in_native, id=8546, stack(0x6870e000,0x6875f000)]

siginfo:si_signo=SIGSEGV: si_errno=0, si_code=1 (SEGV_MAPERR), si_addr=0xc00c050d

Registers:
EAX=0xb33643e6, EBX=0x6b2a0418, ECX=0x00000000, EDX=0xc00c0501
ESP=0x6874dd68, EBP=0x6874dd78, ESI=0xb710c7b8, EDI=0x6874dd7c
EIP=0xb33717c7, EFLAGS=0x00010206, CR2=0xc00c050d

Top of Stack: (sp=0x6874dd68)
0x6874dd68:   00000078 6b2a0418 00000000 6874dd80
0x6874dd78:   6874dda8 b33643e6 00000001 9e23d7b0
0x6874dd88:   9e23d958 00006b36 00000000 00000000
0x6874dd98:   00001fa0 b7111ff4 6ad0926c 6a12cc00
0x6874dda8:   6874dfe0 b6c490b6 6874ddf8 6874dfe0
0x6874ddb8:   0000000a 6b2a0418 b3371740 6874defc
0x6874ddc8:   00000003 6a12cc00 00000000 00000000
0x6874ddd8:   6874de18 00000003 b3364381 00000000 

Instructions: (pc=0xb33717c7)
0xb33717a7:   ec 56 68 00 00 00 00 8b 73 08 8d 76 30 53 8b 53
0xb33717b7:   10 85 d2 0f 84 03 00 00 00 83 c2 58 52 8b 53 0c
0xb33717c7:   8b 52 0c 52 57 56 68 00 00 00 00 89 24 24 8b c4
0xb33717d7:   c1 e8 0c 8b 04 85 60 75 13 b7 c6 80 75 01 00 00 

Register to memory mapping:

EAX=StubRoutines::call_stub [0xb3364381, 0xb3364433[ (178 bytes)EBX=0x6b2a0418 is an oop
{type array class} 
 - klass: {other class}
ECX=0x00000000 is an unknown value
EDX=0xc00c0501 is an unknown value
ESP=0x6874dd68 is pointing into the stack for thread: 0x6a12cc00
EBP=0x6874dd78 is pointing into the stack for thread: 0x6a12cc00
ESI=0xb710c7b8: _ZTV14typeArrayKlass+0x38 in /usr/lib/jvm/java-6-openjdk-i386/jre/lib/i386/server/libjvm.so at 0xb68ae000
EDI=0x6874dd7c is pointing into the stack for thread: 0x6a12cc00


Stack: [0x6870e000,0x6875f000],  sp=0x6874dd68,  free space=255k
Native frames: (J=compiled Java code, j=interpreted, Vv=VM code, C=native code)

[error occurred during error reporting (printing native stack), id 0xb]


---------------  P R O C E S S  ---------------

Java Threads: ( => current thread )
=>0x6a12cc00 JavaThread "Thread-2" [_thread_in_native, id=8546, stack(0x6870e000,0x6875f000)]
  0x6a104400 JavaThread "Thread-1" [_thread_in_native, id=8545, stack(0x687af000,0x68800000)]
  0x68629c00 JavaThread "SimpleAsyncTaskExecutor-1" [_thread_in_vm, id=8544, stack(0x69975000,0x699c6000)]
  0xb66d6c00 JavaThread "Low Memory Detector" daemon [_thread_blocked, id=8541, stack(0x6a02e000,0x6a07f000)]
  0xb66d5000 JavaThread "C2 CompilerThread1" daemon [_thread_blocked, id=8540, stack(0x6a07f000,0x6a100000)]
  0xb66d3000 JavaThread "C2 CompilerThread0" daemon [_thread_blocked, id=8538, stack(0x6a22e000,0x6a2af000)]
  0x6a300800 JavaThread "JDWP Command Reader" daemon [_thread_in_native, id=8533, stack(0x6a2af000,0x6a300000)]
  0xb66d1400 JavaThread "JDWP Event Helper Thread" daemon [_thread_blocked, id=8532, stack(0x6a44a000,0x6a49b000)]
  0xb66cec00 JavaThread "JDWP Transport Listener: dt_socket" daemon [_thread_blocked, id=8531, stack(0x6a82e000,0x6a87f000)]
  0xb66c5800 JavaThread "Signal Dispatcher" daemon [_thread_blocked, id=8529, stack(0x6aa2e000,0x6aa7f000)]
  0xb66b6800 JavaThread "Finalizer" daemon [_thread_blocked, id=8528, stack(0x6ac2e000,0x6ac7f000)]
  0xb66b5000 JavaThread "Reference Handler" daemon [_thread_blocked, id=8527, stack(0x6a49b000,0x6a4ec000)]
  0xb6609800 JavaThread "main" [_thread_blocked, id=8521, stack(0xb672e000,0xb677f000)]

Other Threads:
  0xb66b2400 VMThread [stack: 0x6a4ec000,0x6a56d000] [id=8526]
  0xb66d8800 WatcherThread [stack: 0x69fad000,0x6a02e000] [id=8542]

VM state:not at safepoint (normal execution)

VM Mutex/Monitor currently owned by a thread: None

Heap
 PSYoungGen      total 67584K, used 8967K [0x9dd50000, 0xa2550000, 0xb32a0000)
  eden space 64704K, 9% used [0x9dd50000,0x9e342c48,0xa1c80000)
  from space 2880K, 99% used [0xa2060000,0xa232f1f8,0xa2330000)
  to   space 3968K, 0% used [0xa1c80000,0xa1c80000,0xa2060000)
 PSOldGen        total 43712K, used 1182K [0x732a0000, 0x75d50000, 0x9dd50000)
  object space 43712K, 2% used [0x732a0000,0x733c78e0,0x75d50000)
 PSPermGen       total 20992K, used 20881K [0x6b2a0000, 0x6c720000, 0x732a0000)
  object space 20992K, 99% used [0x6b2a0000,0x6c7046a0,0x6c720000)

Code Cache  [0xb3364000, 0xb35a4000, 0xb6364000)
 total_blobs=450 nmethods=317 adapters=95 free_code_cache=48956864 largest_free_block=17664

Dynamic libraries:
08048000-08051000 r-xp 00000000 fc:01 8435083    /usr/lib/jvm/java-6-openjdk-i386/jre/bin/java
08051000-08052000 r--p 00008000 fc:01 8435083    /usr/lib/jvm/java-6-openjdk-i386/jre/bin/java
08052000-08053000 rw-p 00009000 fc:01 8435083    /usr/lib/jvm/java-6-openjdk-i386/jre/bin/java
08bec000-08c62000 rw-p 00000000 00:00 0          [heap]
63400000-634c4000 rw-p 00000000 00:00 0 
634c4000-63500000 ---p 00000000 00:00 0 
63500000-6359d000 rw-p 00000000 00:00 0 
6359d000-63600000 ---p 00000000 00:00 0 
63600000-636eb000 rw-p 00000000 00:00 0 
636eb000-63700000 ---p 00000000 00:00 0 
63800000-638fe000 rw-p 00000000 00:00 0 
638fe000-63900000 ---p 00000000 00:00 0 
63900000-639a5000 rw-p 00000000 00:00 0 
639a5000-63a00000 ---p 00000000 00:00 0 
63a00000-63ade000 rw-p 00000000 00:00 0 
63ade000-63b00000 ---p 00000000 00:00 0 
63b51000-63c4f000 r-xp 00000000 fc:01 16929333   /usr/lib/i386-linux-gnu/libgfortran.so.3.0.0
63c4f000-63c50000 r--p 000fe000 fc:01 16929333   /usr/lib/i386-linux-gnu/libgfortran.so.3.0.0
63c50000-63c51000 rw-p 000ff000 fc:01 16929333   /usr/lib/i386-linux-gnu/libgfortran.so.3.0.0
63c51000-63c52000 rw-p 00000000 00:00 0 
63c52000-643ef000 r-xp 00000000 fc:01 16930289   /usr/lib/lapack/liblapack.so.3gf.0
643ef000-643f0000 r--p 0079c000 fc:01 16930289   /usr/lib/lapack/liblapack.so.3gf.0
643f0000-643f3000 rw-p 0079d000 fc:01 16930289   /usr/lib/lapack/liblapack.so.3gf.0
643f3000-64500000 rw-p 00000000 00:00 0 
64500000-64571000 rw-p 00000000 00:00 0 
64571000-64600000 ---p 00000000 00:00 0 
646d0000-64800000 rw-p 00000000 00:00 0 
64800000-64a00000 rw-p 00000000 00:00 0 
64a00000-64b00000 rw-p 00000000 00:00 0 
64b42000-64b80000 r-xp 00000000 fc:01 8577866    /usr/lib/R/library/grDevices/libs/grDevices.so
64b80000-64b83000 r--p 0003d000 fc:01 8577866    /usr/lib/R/library/grDevices/libs/grDevices.so
64b83000-64b85000 rw-p 00040000 fc:01 8577866    /usr/lib/R/library/grDevices/libs/grDevices.so
64b85000-64b86000 rw-p 00000000 00:00 0 
64c00000-64ceb000 rw-p 00000000 00:00 0 
64ceb000-64d00000 ---p 00000000 00:00 0 
64d00000-64dce000 rw-p 00000000 00:00 0 
64dce000-64e00000 ---p 00000000 00:00 0 
64e00000-64ef4000 rw-p 00000000 00:00 0 
64ef4000-64f00000 ---p 00000000 00:00 0 
64f00000-64fcb000 rw-p 00000000 00:00 0 
64fcb000-65000000 ---p 00000000 00:00 0 
65000000-650fd000 rw-p 00000000 00:00 0 
650fd000-65100000 ---p 00000000 00:00 0 
651f7000-65300000 rw-p 00000000 00:00 0 
65300000-653c3000 rw-p 00000000 00:00 0 
653c3000-65400000 ---p 00000000 00:00 0 
65400000-65500000 rw-p 00000000 00:00 0 
65500000-655eb000 rw-p 00000000 00:00 0 
655eb000-65600000 ---p 00000000 00:00 0 
656ec000-6590c000 r-xp 00000000 fc:01 25369040   /usr/lib/R/lib/libR.so
6590c000-6590f000 r--p 0021f000 fc:01 25369040   /usr/lib/R/lib/libR.so
6590f000-65917000 rw-p 00222000 fc:01 25369040   /usr/lib/R/lib/libR.so
65917000-65a00000 rw-p 00000000 00:00 0 
65a00000-65beb000 rw-p 00000000 00:00 0 
65beb000-65c00000 ---p 00000000 00:00 0 
65c00000-65cce000 rw-p 00000000 00:00 0 
65cce000-65d00000 ---p 00000000 00:00 0 
65d00000-65efe000 rw-p 00000000 00:00 0 
65efe000-65f00000 ---p 00000000 00:00 0 
65f00000-65ffc000 rw-p 00000000 00:00 0 
65ffc000-66000000 ---p 00000000 00:00 0 
66000000-660d8000 rw-p 00000000 00:00 0 
660d8000-66100000 ---p 00000000 00:00 0 
66100000-662eb000 rw-p 00000000 00:00 0 
662eb000-66300000 ---p 00000000 00:00 0 
66300000-663ce000 rw-p 00000000 00:00 0 
663ce000-66400000 ---p 00000000 00:00 0 
66400000-664fe000 rw-p 00000000 00:00 0 
664fe000-66500000 ---p 00000000 00:00 0 
66500000-66600000 rw-p 00000000 00:00 0 
66600000-666ff000 rw-p 00000000 00:00 0 
666ff000-66700000 ---p 00000000 00:00 0 
66700000-66800000 rw-p 00000000 00:00 0 
66800000-669f9000 rw-p 00000000 00:00 0 
669f9000-66a00000 ---p 00000000 00:00 0 
66a00000-66af1000 rw-p 00000000 00:00 0 
66af1000-66b00000 ---p 00000000 00:00 0 
66b00000-66bfb000 rw-p 00000000 00:00 0 
66bfb000-66c00000 ---p 00000000 00:00 0 
66c00000-66cf3000 rw-p 00000000 00:00 0 
66cf3000-66d00000 ---p 00000000 00:00 0 
66d00000-66df9000 rw-p 00000000 00:00 0 
66df9000-66e00000 ---p 00000000 00:00 0 
66e00000-66ef9000 rw-p 00000000 00:00 0 
66ef9000-66f00000 ---p 00000000 00:00 0 
66f00000-66ff9000 rw-p 00000000 00:00 0 
66ff9000-67000000 ---p 00000000 00:00 0 
67000000-670e6000 rw-p 00000000 00:00 0 
670e6000-67100000 ---p 00000000 00:00 0 
67100000-671fa000 rw-p 00000000 00:00 0 
671fa000-67200000 ---p 00000000 00:00 0 
67200000-672ee000 rw-p 00000000 00:00 0 
672ee000-67300000 ---p 00000000 00:00 0 
67300000-673fa000 rw-p 00000000 00:00 0 
673fa000-67400000 ---p 00000000 00:00 0 
67400000-67600000 rw-p 00000000 00:00 0 
67600000-676fa000 rw-p 00000000 00:00 0 
676fa000-67700000 ---p 00000000 00:00 0 
67700000-677e7000 rw-p 00000000 00:00 0 
677e7000-67800000 ---p 00000000 00:00 0 
67800000-679f0000 rw-p 00000000 00:00 0 
679f0000-67a00000 ---p 00000000 00:00 0 
67a8c000-67afe000 r-xp 00000000 fc:01 16852581   /usr/lib/i386-linux-gnu/libquadmath.so.0.0.0
67afe000-67aff000 r--p 00071000 fc:01 16852581   /usr/lib/i386-linux-gnu/libquadmath.so.0.0.0
67aff000-67b00000 rw-p 00072000 fc:01 16852581   /usr/lib/i386-linux-gnu/libquadmath.so.0.0.0
67b00000-67c00000 rw-p 00000000 00:00 0 
67c00000-67d00000 rw-p 00000000 00:00 0 
67d68000-67dfe000 r-xp 00000000 fc:01 16972864   /usr/lib/R/library/stats/libs/stats.so
67dfe000-67dff000 r--p 00096000 fc:01 16972864   /usr/lib/R/library/stats/libs/stats.so
67dff000-67e00000 rw-p 00097000 fc:01 16972864   /usr/lib/R/library/stats/libs/stats.so
67e00000-67eff000 rw-p 00000000 00:00 0 
67eff000-67f00000 ---p 00000000 00:00 0 
67f00000-67ffe000 rw-p 00000000 00:00 0 
67ffe000-68000000 ---p 00000000 00:00 0 
68000000-680e0000 rw-p 00000000 00:00 0 
680e0000-68100000 ---p 00000000 00:00 0 
68100000-681fb000 rw-p 00000000 00:00 0 
681fb000-68200000 ---p 00000000 00:00 0 
68200000-683f9000 rw-p 00000000 00:00 0 
683f9000-68400000 ---p 00000000 00:00 0 
68400000-684f9000 rw-p 00000000 00:00 0 
684f9000-68500000 ---p 00000000 00:00 0 
68550000-68600000 rw-p 00000000 00:00 0 
68600000-68700000 rw-p 00000000 00:00 0 
6870e000-68711000 ---p 00000000 00:00 0 
68711000-6875f000 rw-p 00000000 00:00 0 
6875f000-6876d000 r-xp 00000000 fc:01 180995     /usr/local/lib/R/site-library/rJava/libs/rJava.so
6876d000-6876e000 r--p 0000d000 fc:01 180995     /usr/local/lib/R/site-library/rJava/libs/rJava.so
6876e000-6876f000 rw-p 0000e000 fc:01 180995     /usr/local/lib/R/site-library/rJava/libs/rJava.so
6876f000-687ad000 r-xp 00000000 fc:01 180946     /usr/lib/R/library/graphics/libs/graphics.so
687ad000-687ae000 r--p 0003d000 fc:01 180946     /usr/lib/R/library/graphics/libs/graphics.so
687ae000-687af000 rw-p 0003e000 fc:01 180946     /usr/lib/R/library/graphics/libs/graphics.so
687af000-687b2000 ---p 00000000 00:00 0 
687b2000-68800000 rw-p 00000000 00:00 0 
68800000-688fc000 rw-p 00000000 00:00 0 
688fc000-68900000 ---p 00000000 00:00 0 
68900000-689fd000 rw-p 00000000 00:00 0 
689fd000-68a00000 ---p 00000000 00:00 0 
68a00000-68bf8000 rw-p 00000000 00:00 0 
68bf8000-68c00000 ---p 00000000 00:00 0 
68c00000-68d00000 rw-p 00000000 00:00 0 
68d00000-68e00000 rw-p 00000000 00:00 0 
68e00000-68eff000 rw-p 00000000 00:00 0 
68eff000-68f00000 ---p 00000000 00:00 0 
68f00000-68ffe000 rw-p 00000000 00:00 0 
68ffe000-69000000 ---p 00000000 00:00 0 
69000000-690de000 rw-p 00000000 00:00 0 
690de000-69100000 ---p 00000000 00:00 0 
69100000-691f1000 rw-p 00000000 00:00 0 
691f1000-69200000 ---p 00000000 00:00 0 
69200000-692fa000 rw-p 00000000 00:00 0 
692fa000-69300000 ---p 00000000 00:00 0 
69300000-693ed000 rw-p 00000000 00:00 0 
693ed000-69400000 ---p 00000000 00:00 0 
69400000-694e1000 rw-p 00000000 00:00 0 
694e1000-69500000 ---p 00000000 00:00 0 
69500000-695e2000 rw-p 00000000 00:00 0 
695e2000-69600000 ---p 00000000 00:00 0 
69600000-69700000 rw-p 00000000 00:00 0 
69701000-6971d000 r-xp 00000000 fc:00 8403951    /lib/i386-linux-gnu/libtinfo.so.5.9
6971d000-6971f000 r--p 0001b000 fc:00 8403951    /lib/i386-linux-gnu/libtinfo.so.5.9
6971f000-69720000 rw-p 0001d000 fc:00 8403951    /lib/i386-linux-gnu/libtinfo.so.5.9
69720000-69745000 r-xp 00000000 fc:01 16818872   /usr/lib/i386-linux-gnu/liblzma.so.5.0.0
69745000-69746000 r--p 00024000 fc:01 16818872   /usr/lib/i386-linux-gnu/liblzma.so.5.0.0
69746000-69747000 rw-p 00025000 fc:01 16818872   /usr/lib/i386-linux-gnu/liblzma.so.5.0.0
69747000-69781000 r-xp 00000000 fc:00 8388922    /lib/i386-linux-gnu/libpcre.so.3.12.1
69781000-69782000 r--p 00039000 fc:00 8388922    /lib/i386-linux-gnu/libpcre.so.3.12.1
69782000-69783000 rw-p 0003a000 fc:00 8388922    /lib/i386-linux-gnu/libpcre.so.3.12.1
69783000-697fe000 r-xp 00000000 fc:01 16930255   /usr/lib/libblas/libblas.so.3gf.0
697fe000-697ff000 r--p 0007a000 fc:01 16930255   /usr/lib/libblas/libblas.so.3gf.0
697ff000-69800000 rw-p 0007b000 fc:01 16930255   /usr/lib/libblas/libblas.so.3gf.0
69800000-698fa000 rw-p 00000000 00:00 0 
698fa000-69900000 ---p 00000000 00:00 0 
69905000-69913000 r-xp 00000000 fc:01 16852035   /usr/lib/i386-linux-gnu/libgomp.so.1.0.0
69913000-69914000 r--p 0000d000 fc:01 16852035   /usr/lib/i386-linux-gnu/libgomp.so.1.0.0
69914000-69915000 rw-p 0000e000 fc:01 16852035   /usr/lib/i386-linux-gnu/libgomp.so.1.0.0
69915000-69924000 r-xp 00000000 fc:00 8388799    /lib/i386-linux-gnu/libbz2.so.1.0.4
69924000-69925000 r--p 0000e000 fc:00 8388799    /lib/i386-linux-gnu/libbz2.so.1.0.4
69925000-69926000 rw-p 0000f000 fc:00 8388799    /lib/i386-linux-gnu/libbz2.so.1.0.4
69926000-6995b000 r-xp 00000000 fc:00 8389077    /lib/i386-linux-gnu/libreadline.so.6.2
6995b000-6995c000 r--p 00035000 fc:00 8389077    /lib/i386-linux-gnu/libreadline.so.6.2
6995c000-6995f000 rw-p 00036000 fc:00 8389077    /lib/i386-linux-gnu/libreadline.so.6.2
6995f000-69960000 rw-p 00000000 00:00 0 
69960000-69967000 r-xp 00000000 fc:01 16972661   /usr/lib/R/library/methods/libs/methods.so
69967000-69968000 r--p 00006000 fc:01 16972661   /usr/lib/R/library/methods/libs/methods.so
69968000-69969000 rw-p 00007000 fc:01 16972661   /usr/lib/R/library/methods/libs/methods.so
69969000-69972000 r-xp 00000000 fc:01 25413588   /usr/lib/R/library/utils/libs/utils.so
69972000-69973000 r--p 00009000 fc:01 25413588   /usr/lib/R/library/utils/libs/utils.so
69973000-69974000 rw-p 0000a000 fc:01 25413588   /usr/lib/R/library/utils/libs/utils.so
69974000-69975000 rw-p 00000000 00:00 0 
69975000-69978000 ---p 00000000 00:00 0 
69978000-699c6000 rw-p 00000000 00:00 0 
699c6000-699d9000 r-xp 00000000 fc:00 8428969    /lib/i386-linux-gnu/libresolv-2.15.so
699d9000-699da000 ---p 00013000 fc:00 8428969    /lib/i386-linux-gnu/libresolv-2.15.so
699da000-699db000 r--p 00013000 fc:00 8428969    /lib/i386-linux-gnu/libresolv-2.15.so
699db000-699dc000 rw-p 00014000 fc:00 8428969    /lib/i386-linux-gnu/libresolv-2.15.so
699dc000-699de000 rw-p 00000000 00:00 0 
699de000-699e3000 r-xp 00000000 fc:00 8428970    /lib/i386-linux-gnu/libnss_dns-2.15.so
699e3000-699e4000 r--p 00004000 fc:00 8428970    /lib/i386-linux-gnu/libnss_dns-2.15.so
699e4000-699e5000 rw-p 00005000 fc:00 8428970    /lib/i386-linux-gnu/libnss_dns-2.15.so
699e5000-699e7000 r-xp 00000000 fc:00 9174       /lib/libnss_mdns4_minimal.so.2
699e7000-699e8000 r--p 00001000 fc:00 9174       /lib/libnss_mdns4_minimal.so.2
699e8000-699e9000 rw-p 00002000 fc:00 9174       /lib/libnss_mdns4_minimal.so.2
699e9000-699fe000 r-xp 00000000 fc:01 25190851   /usr/lib/jvm/java-6-openjdk-i386/jre/lib/i386/libnet.so
699fe000-699ff000 r--p 00014000 fc:01 25190851   /usr/lib/jvm/java-6-openjdk-i386/jre/lib/i386/libnet.so
699ff000-69a00000 rw-p 00015000 fc:01 25190851   /usr/lib/jvm/java-6-openjdk-i386/jre/lib/i386/libnet.so
69a00000-69afa000 rw-p 00000000 00:00 0 
69afa000-69b00000 ---p 00000000 00:00 0 
69b00000-69bfe000 rw-p 00000000 00:00 0 
69bfe000-69c00000 ---p 00000000 00:00 0 
69c00000-69ce7000 rw-p 00000000 00:00 0 
69ce7000-69d00000 ---p 00000000 00:00 0 
69d00000-69dfb000 rw-p 00000000 00:00 0 
69dfb000-69e00000 ---p 00000000 00:00 0 
69e00000-69eff000 rw-p 00000000 00:00 0 
69eff000-69f00000 ---p 00000000 00:00 0 
69f06000-69f07000 r--p 00000000 fc:01 25370560   /usr/lib/R/library/translations/en/LC_MESSAGES/R.mo
69f07000-69f0e000 r--s 00000000 fc:01 25276898   /usr/lib/i386-linux-gnu/gconv/gconv-modules.cache
69f0e000-69f16000 r-xp 00000000 fc:01 8577916    /usr/local/lib/R/site-library/rJava/jri/libjri.so
69f16000-69f17000 r--p 00008000 fc:01 8577916    /usr/local/lib/R/site-library/rJava/jri/libjri.so
69f17000-69f18000 rw-p 00009000 fc:01 8577916    /usr/local/lib/R/site-library/rJava/jri/libjri.so
69f18000-69f1a000 r--s 00005000 fc:05 404305821  /home/gino/.m2/repository/org/slf4j/slf4j-api/1.7.5/slf4j-api-1.7.5.jar
69f1a000-69f1c000 r--s 0000e000 fc:05 138801852  /home/gino/.m2/repository/oro/oro/2.0.8/oro-2.0.8.jar
69f1c000-69f1e000 r--s 00005000 fc:05 270969556  /home/gino/.m2/repository/stax/stax-api/1.0.1/stax-api-1.0.1.jar
69f1e000-69f20000 r--s 00005000 fc:05 270969550  /home/gino/.m2/repository/commons-logging/commons-logging-api/1.0.4/commons-logging-api-1.0.4.jar
69f20000-69f24000 r--s 0002f000 fc:05 36880136   /home/gino/.m2/repository/commons-lang/commons-lang/2.1/commons-lang-2.1.jar
69f24000-69f29000 r--s 00016000 fc:05 404307056  /home/gino/.m2/repository/xml-apis/xml-apis/1.0.b2/xml-apis-1.0.b2.jar
69f29000-69f2d000 r--s 0001f000 fc:05 270969552  /home/gino/.m2/repository/commons-digester/commons-digester/1.7/commons-digester-1.7.jar
69f2d000-69f31000 r--s 00026000 fc:05 404307053  /home/gino/.m2/repository/commons-beanutils/commons-beanutils-core/1.7.0/commons-beanutils-core-1.7.0.jar
69f31000-69f37000 r--s 00036000 fc:05 36880132   /home/gino/.m2/repository/commons-betwixt/commons-betwixt/0.8/commons-betwixt-0.8.jar
69f37000-69f3c000 r--s 0002a000 fc:05 36880133   /home/gino/.m2/repository/commons-beanutils/commons-beanutils/1.7.0/commons-beanutils-1.7.0.jar
69f3c000-69f42000 r--s 00051000 fc:05 404305850  /home/gino/.m2/repository/org/apache/ddlutils/ddlutils/1.0/ddlutils-1.0.jar
69f42000-69f45000 r--s 00011000 fc:05 17547805   /home/gino/.m2/repository/org/hibernate/common/hibernate-commons-annotations/4.0.1.Final/hibernate-commons-annotations-4.0.1.Final.jar
69f45000-69f4e000 r--s 00096000 fc:05 138539094  /home/gino/.m2/repository/org/javassist/javassist/3.15.0-GA/javassist-3.15.0-GA.jar
69f4e000-69f53000 r--s 00015000 fc:05 29716548   /home/gino/.m2/repository/org/hibernate/javax/persistence/hibernate-jpa-2.0-api/1.0.1.Final/hibernate-jpa-2.0-api-1.0.1.Final.jar
69f53000-69f58000 r--s 00048000 fc:05 290970     /home/gino/.m2/repository/dom4j/dom4j/1.6.1/dom4j-1.6.1.jar
69f58000-69f5d000 r--s 00068000 fc:05 135962659  /home/gino/.m2/repository/antlr/antlr/2.7.7/antlr-2.7.7.jar
69f5d000-69fad000 r--s 00417000 fc:05 138539093  /home/gino/.m2/repository/org/hibernate/hibernate-core/4.2.1.Final/hibernate-core-4.2.1.Final.jar
69fad000-69fae000 ---p 00000000 00:00 0 
69fae000-6a02e000 rw-p 00000000 00:00 0 
6a02e000-6a031000 ---p 00000000 00:00 0 
6a031000-6a07f000 rw-p 00000000 00:00 0 
6a07f000-6a082000 ---p 00000000 00:00 0 
6a082000-6a100000 rw-p 00000000 00:00 0 
6a100000-6a200000 rw-p 00000000 00:00 0 
6a200000-6a201000 rw-p 00000000 00:00 0 
6a201000-6a203000 r--s 00005000 fc:05 271073938  /home/gino/.m2/repository/org/jboss/spec/javax/transaction/jboss-transaction-api_1.1_spec/1.0.1.Final/jboss-transaction-api_1.1_spec-1.0.1.Final.jar
6a203000-6a205000 r--s 0000d000 fc:05 138539091  /home/gino/.m2/repository/org/jboss/logging/jboss-logging/3.1.0.GA/jboss-logging-3.1.0.GA.jar
6a205000-6a20f000 r--s 0006d000 fc:05 138539090  /home/gino/.m2/repository/org/hibernate/hibernate-entitymanager/4.2.1.Final/hibernate-entitymanager-4.2.1.Final.jar
6a20f000-6a210000 r--s 00001000 fc:05 270969544  /home/gino/.m2/repository/javax/annotation/jsr250-api/1.0/jsr250-api-1.0.jar
6a210000-6a211000 r--s 00003000 fc:05 404303561  /home/gino/.m2/repository/net/sf/opencsv/opencsv/2.0/opencsv-2.0.jar
6a211000-6a212000 r--s 0000a000 fc:05 404296235  /home/gino/.m2/repository/net/sf/kxml/kxml2/2.3.0/kxml2-2.3.0.jar
6a212000-6a215000 r--s 00015000 fc:05 36839551   /home/gino/.m2/repository/commons-pool/commons-pool/1.5.4/commons-pool-1.5.4.jar
6a215000-6a218000 r--s 00025000 fc:05 36839549   /home/gino/.m2/repository/commons-dbcp/commons-dbcp/1.4/commons-dbcp-1.4.jar
6a218000-6a219000 r--s 00000000 fc:05 136643399  /home/gino/.m2/repository/org/postgis/postgis-stubs/1.3.3/postgis-stubs-1.3.3.jar
6a219000-6a21b000 r--s 00011000 fc:05 136357405  /home/gino/.m2/repository/org/postgis/postgis-jdbc/1.3.3/postgis-jdbc-1.3.3.jar
6a21b000-6a221000 r--s 00081000 fc:05 270969539  /home/gino/.m2/repository/postgresql/postgresql/9.1-901-1.jdbc4/postgresql-9.1-901-1.jdbc4.jar
6a221000-6a22e000 r--s 000c2000 fc:05 404305796  /home/gino/.m2/repository/org/jooq/jooq/2.6.0/jooq-2.6.0.jar
6a22e000-6a231000 ---p 00000000 00:00 0 
6a231000-6a2af000 rw-p 00000000 00:00 0 
6a2af000-6a2b2000 ---p 00000000 00:00 0 
6a2b2000-6a300000 rw-p 00000000 00:00 0 
6a300000-6a3f5000 rw-p 00000000 00:00 0 
6a3f5000-6a400000 ---p 00000000 00:00 0 
6a400000-6a40a000 r--s 00059000 fc:05 136643401  /home/gino/.m2/repository/org/springframework/spring-jdbc/3.1.0.RELEASE/spring-jdbc-3.1.0.RELEASE.jar
6a40a000-6a413000 r--s 00054000 fc:05 404303609  /home/gino/.m2/repository/org/springframework/spring-orm/3.1.0.RELEASE/spring-orm-3.1.0.RELEASE.jar
6a413000-6a415000 r--s 00000000 fc:05 404239869  /home/gino/.m2/repository/aopalliance/aopalliance/1.0/aopalliance-1.0.jar
6a415000-6a41d000 r--s 00035000 fc:05 402687200  /home/gino/.m2/repository/org/springframework/spring-tx/3.1.0.RELEASE/spring-tx-3.1.0.RELEASE.jar
6a41d000-6a422000 r--s 00027000 fc:05 404226976  /home/gino/.m2/repository/org/springframework/spring-expression/3.1.0.RELEASE/spring-expression-3.1.0.RELEASE.jar
6a422000-6a428000 r--s 000fc000 fc:01 25190827   /usr/lib/jvm/java-6-openjdk-common/jre/lib/resources.jar
6a428000-6a42b000 r--s 0007f000 fc:01 25188533   /usr/lib/jvm/java-6-openjdk-common/jre/lib/jsse.jar
6a42b000-6a436000 r--s 00062000 fc:05 402832478  /home/gino/.m2/repository/org/springframework/spring-core/3.1.0.RELEASE/spring-core-3.1.0.RELEASE.jar
6a436000-6a442000 r--s 00084000 fc:05 136074270  /home/gino/.m2/repository/org/springframework/spring-beans/3.1.0.RELEASE/spring-beans-3.1.0.RELEASE.jar
6a442000-6a44a000 r--s 00049000 fc:05 136069744  /home/gino/.m2/repository/org/springframework/spring-aop/3.1.0.RELEASE/spring-aop-3.1.0.RELEASE.jar
6a44a000-6a44d000 ---p 00000000 00:00 0 
6a44d000-6a49b000 rw-p 00000000 00:00 0 
6a49b000-6a49e000 ---p 00000000 00:00 0 
6a49e000-6a4ec000 rw-p 00000000 00:00 0 
6a4ec000-6a4ed000 ---p 00000000 00:00 0 
6a4ed000-6a56d000 rw-p 00000000 00:00 0 
6a56d000-6a700000 r--s 037db000 fc:01 16844303   /usr/lib/jvm/java-6-openjdk-i386/jre/lib/rt.jar
6a700000-6a7f2000 rw-p 00000000 00:00 0 
6a7f2000-6a800000 ---p 00000000 00:00 0 
6a800000-6a815000 r--s 000b6000 fc:05 136356716  /home/gino/.m2/repository/org/springframework/spring-context/3.1.0.RELEASE/spring-context-3.1.0.RELEASE.jar
6a815000-6a82e000 r--s 0015f000 fc:05 136048990  /home/gino/.m2/repository/org/apache/lucene/lucene-core/3.6.1/lucene-core-3.6.1.jar
6a82e000-6a831000 ---p 00000000 00:00 0 
6a831000-6a87f000 rw-p 00000000 00:00 0 
6a87f000-6a880000 ---p 00000000 00:00 0 
6a880000-6a900000 rw-p 00000000 00:00 0 
6a900000-6a921000 rw-p 00000000 00:00 0 
6a921000-6aa00000 ---p 00000000 00:00 0 
6aa00000-6aa01000 r--s 00010000 fc:05 402867801  /home/gino/.m2/repository/net/rforge/jri/0.5-5/jri-0.5-5.jar
6aa01000-6aa12000 r--s 000d2000 fc:05 2562627    /home/gino/.m2/repository/org/liquibase/liquibase-core/2.0.5/liquibase-core-2.0.5.jar
6aa12000-6aa19000 r--s 00040000 fc:05 270969528  /home/gino/.m2/repository/cglib/cglib/2.2.2/cglib-2.2.2.jar
6aa19000-6aa20000 r--s 00051000 fc:05 402832460  /home/gino/.m2/repository/log4j/log4j/1.2.12/log4j-1.2.12.jar
6aa20000-6aa2e000 r--s 0007f000 fc:05 36839539   /home/gino/.m2/repository/commons-collections/commons-collections/3.2.1/commons-collections-3.2.1.jar
6aa2e000-6aa31000 ---p 00000000 00:00 0 
6aa31000-6aa7f000 rw-p 00000000 00:00 0 
6aa7f000-6aa80000 ---p 00000000 00:00 0 
6aa80000-6ab00000 rw-p 00000000 00:00 0 
6ab00000-6abfc000 rw-p 00000000 00:00 0 
6abfc000-6ac00000 ---p 00000000 00:00 0 
6ac00000-6ac01000 r--s 00003000 fc:05 17546914   /home/gino/.m2/repository/com/googlecode/json-simple/json-simple/1.1/json-simple-1.1.jar
6ac01000-6ac02000 r--s 0000c000 fc:05 404192471  /home/gino/.m2/repository/org/springframework/spring-asm/3.1.0.RELEASE/spring-asm-3.1.0.RELEASE.jar
6ac02000-6ac03000 r--s 00002000 fc:05 269170072  /home/gino/.m2/repository/org/openforis/commons/commons-io/0.0.3/commons-io-0.0.3.jar
6ac03000-6ac09000 r--s 00033000 fc:05 36839540   /home/gino/.m2/repository/commons-codec/commons-codec/1.6/commons-codec-1.6.jar
6ac09000-6ac0f000 r--s 00048000 fc:05 136048987  /home/gino/.m2/repository/org/apache/commons/commons-lang3/3.1/commons-lang3-3.1.jar
6ac0f000-6ac11000 r--s 0000d000 fc:05 270969526  /home/gino/.m2/repository/commons-logging/commons-logging/1.1.1/commons-logging-1.1.1.jar
6ac11000-6ac12000 r--s 00003000 fc:05 136048985  /home/gino/.m2/repository/com/dyuproject/protostuff/protostuff-xml/1.0.4/protostuff-xml-1.0.4.jar
6ac12000-6ac15000 r--s 0000a000 fc:05 402832454  /home/gino/.m2/repository/com/dyuproject/protostuff/protostuff-collectionschema/1.0.4/protostuff-collectionschema-1.0.4.jar
6ac15000-6ac1b000 r--s 00038000 fc:05 136048983  /home/gino/.m2/repository/com/dyuproject/protostuff/protostuff-runtime/1.0.4/protostuff-runtime-1.0.4.jar
6ac1b000-6ac1d000 r--s 0000a000 fc:05 402832449  /home/gino/.m2/repository/com/dyuproject/protostuff/protostuff-core/1.0.4/protostuff-core-1.0.4.jar
6ac1d000-6ac1f000 r--s 0000a000 fc:05 402832450  /home/gino/.m2/repository/com/dyuproject/protostuff/protostuff-api/1.0.4/protostuff-api-1.0.4.jar
6ac1f000-6ac20000 r--s 00002000 fc:05 136034139  /home/gino/.m2/repository/org/openforis/idm/idm-api-protostuff/3.0-CR1-SNAPSHOT/idm-api-protostuff-3.0-CR1-SNAPSHOT.jar
6ac20000-6ac23000 r--s 00024000 fc:05 156413788  /home/gino/.m2/repository/commons-io/commons-io/2.0.1/commons-io-2.0.1.jar
6ac23000-6ac2e000 r--s 0006d000 fc:05 49226      /home/gino/.m2/repository/org/openforis/idm/idm-api/3.0-CR1-SNAPSHOT/idm-api-3.0-CR1-SNAPSHOT.jar
6ac2e000-6ac31000 ---p 00000000 00:00 0 
6ac31000-6ac7f000 rw-p 00000000 00:00 0 
6ac7f000-6ac80000 ---p 00000000 00:00 0 
6ac80000-6ad00000 rw-p 00000000 00:00 0 
6ad00000-6adf9000 rw-p 00000000 00:00 0 
6adf9000-6ae00000 ---p 00000000 00:00 0 
6ae00000-6ae01000 r--s 00000000 fc:05 2635751    /home/gino/.m2/repository/org/openforis/commons/commons-collections/0.0.3/commons-collections-0.0.3.jar
6ae01000-6ae07000 r--s 00045000 fc:05 404408435  /home/gino/.m2/repository/commons-jxpath/commons-jxpath/1.4-20120215/commons-jxpath-1.4-20120215.jar
6ae07000-6ae0d000 r--s 00046000 fc:05 269113044  /home/gino/.m2/repository/org/openforis/collect/collect-core/3.0-CR1-SNAPSHOT/collect-core-3.0-CR1-SNAPSHOT.jar
6ae0d000-6ae0e000 r--s 00007000 fc:01 16929324   /usr/share/java/java-atk-wrapper.jar
6ae0e000-6ae10000 r--s 0000f000 fc:01 25190824   /usr/lib/jvm/java-6-openjdk-common/jre/lib/ext/pulse-java.jar
6ae10000-6ae12000 r--s 00001000 fc:01 25190823   /usr/lib/jvm/java-6-openjdk-common/jre/lib/ext/dnsns.jar
6ae12000-6ae15000 r--s 00031000 fc:01 25190822   /usr/lib/jvm/java-6-openjdk-common/jre/lib/ext/sunjce_provider.jar
6ae15000-6ae48000 rw-p 00000000 00:00 0 
6ae48000-6ae49000 ---p 00000000 00:00 0 
6ae49000-6aed4000 rw-p 00000000 00:00 0 
6aed4000-6af09000 rw-p 00000000 00:00 0 
6af09000-6af1f000 rw-p 00000000 00:00 0 
6af1f000-6b05f000 rw-p 00000000 00:00 0 
6b05f000-6b06a000 rw-p 00000000 00:00 0 
6b06a000-6b09f000 rw-p 00000000 00:00 0 
6b09f000-6b0b5000 rw-p 00000000 00:00 0 
6b0b5000-6b1f4000 rw-p 00000000 00:00 0 
6b1f4000-6b219000 rw-p 00000000 00:00 0 
6b219000-6b29f000 rw-p 00000000 00:00 0 
6b29f000-6c720000 rw-p 00000000 00:00 0 
6c720000-732a0000 rw-p 00000000 00:00 0 
732a0000-75d50000 rw-p 00000000 00:00 0 
75d50000-9dd50000 rw-p 00000000 00:00 0 
9dd50000-a2550000 rw-p 00000000 00:00 0 
a2550000-b32a0000 rw-p 00000000 00:00 0 
b32a0000-b32a1000 r--s 00001000 fc:05 270969530  /home/gino/.m2/repository/xmlpull/xmlpull/1.1.3.4a/xmlpull-1.1.3.4a.jar
b32a1000-b32a4000 r--s 00077000 fc:01 25190821   /usr/lib/jvm/java-6-openjdk-common/jre/lib/ext/localedata.jar
b32a4000-b32ad000 rw-p 00000000 00:00 0 
b32ad000-b3364000 rw-p 00000000 00:00 0 
b3364000-b35a4000 rwxp 00000000 00:00 0 
b35a4000-b6364000 rw-p 00000000 00:00 0 
b6364000-b636f000 r-xp 00000000 fc:00 8428968    /lib/i386-linux-gnu/libnss_files-2.15.so
b636f000-b6370000 r--p 0000a000 fc:00 8428968    /lib/i386-linux-gnu/libnss_files-2.15.so
b6370000-b6371000 rw-p 0000b000 fc:00 8428968    /lib/i386-linux-gnu/libnss_files-2.15.so
b6371000-b637b000 r-xp 00000000 fc:00 8428972    /lib/i386-linux-gnu/libnss_nis-2.15.so
b637b000-b637c000 r--p 00009000 fc:00 8428972    /lib/i386-linux-gnu/libnss_nis-2.15.so
b637c000-b637d000 rw-p 0000a000 fc:00 8428972    /lib/i386-linux-gnu/libnss_nis-2.15.so
b637d000-b6393000 r-xp 00000000 fc:00 8428982    /lib/i386-linux-gnu/libnsl-2.15.so
b6393000-b6394000 r--p 00015000 fc:00 8428982    /lib/i386-linux-gnu/libnsl-2.15.so
b6394000-b6395000 rw-p 00016000 fc:00 8428982    /lib/i386-linux-gnu/libnsl-2.15.so
b6395000-b6397000 rw-p 00000000 00:00 0 
b6397000-b6597000 r--p 00000000 fc:01 25172796   /usr/lib/locale/locale-archive
b6597000-b65d5000 r-xp 00000000 fc:01 25190849   /usr/lib/jvm/java-6-openjdk-i386/jre/lib/i386/libjdwp.so
b65d5000-b65d6000 r--p 0003d000 fc:01 25190849   /usr/lib/jvm/java-6-openjdk-i386/jre/lib/i386/libjdwp.so
b65d6000-b65d7000 rw-p 0003e000 fc:01 25190849   /usr/lib/jvm/java-6-openjdk-i386/jre/lib/i386/libjdwp.so
b65d7000-b65fd000 r-xp 00000000 fc:01 25188539   /usr/lib/jvm/java-6-openjdk-i386/jre/lib/i386/libjava.so
b65fd000-b65fe000 r--p 00025000 fc:01 25188539   /usr/lib/jvm/java-6-openjdk-i386/jre/lib/i386/libjava.so
b65fe000-b6600000 rw-p 00026000 fc:01 25188539   /usr/lib/jvm/java-6-openjdk-i386/jre/lib/i386/libjava.so
b6600000-b66fc000 rw-p 00000000 00:00 0 
b66fc000-b6700000 ---p 00000000 00:00 0 
b6700000-b6701000 r--s 0000a000 fc:05 136048988  /home/gino/.m2/repository/asm/asm/3.3.1/asm-3.3.1.jar
b6701000-b6705000 r-xp 00000000 fc:01 25190848   /usr/lib/jvm/java-6-openjdk-i386/jre/lib/i386/libdt_socket.so
b6705000-b6706000 r--p 00003000 fc:01 25190848   /usr/lib/jvm/java-6-openjdk-i386/jre/lib/i386/libdt_socket.so
b6706000-b6707000 rw-p 00004000 fc:01 25190848   /usr/lib/jvm/java-6-openjdk-i386/jre/lib/i386/libdt_socket.so
b6707000-b670e000 r-xp 00000000 fc:00 8428966    /lib/i386-linux-gnu/libnss_compat-2.15.so
b670e000-b670f000 r--p 00006000 fc:00 8428966    /lib/i386-linux-gnu/libnss_compat-2.15.so
b670f000-b6710000 rw-p 00007000 fc:00 8428966    /lib/i386-linux-gnu/libnss_compat-2.15.so
b6710000-b6714000 r--s 00039000 fc:01 25190820   /usr/lib/jvm/java-6-openjdk-common/jre/lib/ext/sunpkcs11.jar
b6714000-b671b000 r-xp 00000000 fc:01 25190830   /usr/lib/jvm/java-6-openjdk-i386/jre/lib/i386/libzip.so
b671b000-b671c000 r--p 00006000 fc:01 25190830   /usr/lib/jvm/java-6-openjdk-i386/jre/lib/i386/libzip.so
b671c000-b671d000 rw-p 00007000 fc:01 25190830   /usr/lib/jvm/java-6-openjdk-i386/jre/lib/i386/libzip.so
b671d000-b6725000 rw-s 00000000 fc:04 8388998    /tmp/hsperfdata_gino/8515
b6725000-b672c000 r-xp 00000000 fc:00 8428971    /lib/i386-linux-gnu/librt-2.15.so
b672c000-b672d000 r--p 00006000 fc:00 8428971    /lib/i386-linux-gnu/librt-2.15.so
b672d000-b672e000 rw-p 00007000 fc:00 8428971    /lib/i386-linux-gnu/librt-2.15.so
b672e000-b6731000 ---p 00000000 00:00 0 
b6731000-b677f000 rw-p 00000000 00:00 0 
b677f000-b679b000 r-xp 00000000 fc:00 8429889    /lib/i386-linux-gnu/libgcc_s.so.1
b679b000-b679c000 r--p 0001b000 fc:00 8429889    /lib/i386-linux-gnu/libgcc_s.so.1
b679c000-b679d000 rw-p 0001c000 fc:00 8429889    /lib/i386-linux-gnu/libgcc_s.so.1
b679d000-b67c7000 r-xp 00000000 fc:00 8421366    /lib/i386-linux-gnu/libm-2.15.so
b67c7000-b67c8000 r--p 00029000 fc:00 8421366    /lib/i386-linux-gnu/libm-2.15.so
b67c8000-b67c9000 rw-p 0002a000 fc:00 8421366    /lib/i386-linux-gnu/libm-2.15.so
b67c9000-b68a1000 r-xp 00000000 fc:01 16819594   /usr/lib/i386-linux-gnu/libstdc++.so.6.0.16
b68a1000-b68a2000 ---p 000d8000 fc:01 16819594   /usr/lib/i386-linux-gnu/libstdc++.so.6.0.16
b68a2000-b68a6000 r--p 000d8000 fc:01 16819594   /usr/lib/i386-linux-gnu/libstdc++.so.6.0.16
b68a6000-b68a7000 rw-p 000dc000 fc:01 16819594   /usr/lib/i386-linux-gnu/libstdc++.so.6.0.16
b68a7000-b68ae000 rw-p 00000000 00:00 0 
b68ae000-b70cd000 r-xp 00000000 fc:01 25190836   /usr/lib/jvm/java-6-openjdk-i386/jre/lib/i386/server/libjvm.so
b70cd000-b7112000 r--p 0081f000 fc:01 25190836   /usr/lib/jvm/java-6-openjdk-i386/jre/lib/i386/server/libjvm.so
b7112000-b7121000 rw-p 00864000 fc:01 25190836   /usr/lib/jvm/java-6-openjdk-i386/jre/lib/i386/server/libjvm.so
b7121000-b753d000 rw-p 00000000 00:00 0 
b753d000-b7551000 r-xp 00000000 fc:00 8389062    /lib/i386-linux-gnu/libz.so.1.2.3.4
b7551000-b7552000 r--p 00013000 fc:00 8389062    /lib/i386-linux-gnu/libz.so.1.2.3.4
b7552000-b7553000 rw-p 00014000 fc:00 8389062    /lib/i386-linux-gnu/libz.so.1.2.3.4
b7553000-b76f6000 r-xp 00000000 fc:00 8428964    /lib/i386-linux-gnu/libc-2.15.so
b76f6000-b76f8000 r--p 001a3000 fc:00 8428964    /lib/i386-linux-gnu/libc-2.15.so
b76f8000-b76f9000 rw-p 001a5000 fc:00 8428964    /lib/i386-linux-gnu/libc-2.15.so
b76f9000-b76fc000 rw-p 00000000 00:00 0 
b76fc000-b76ff000 r-xp 00000000 fc:00 8428977    /lib/i386-linux-gnu/libdl-2.15.so
b76ff000-b7700000 r--p 00002000 fc:00 8428977    /lib/i386-linux-gnu/libdl-2.15.so
b7700000-b7701000 rw-p 00003000 fc:00 8428977    /lib/i386-linux-gnu/libdl-2.15.so
b7701000-b7705000 r-xp 00000000 fc:01 20586      /usr/lib/jvm/java-6-openjdk-i386/jre/lib/i386/jli/libjli.so
b7705000-b7706000 r--p 00003000 fc:01 20586      /usr/lib/jvm/java-6-openjdk-i386/jre/lib/i386/jli/libjli.so
b7706000-b7707000 rw-p 00004000 fc:01 20586      /usr/lib/jvm/java-6-openjdk-i386/jre/lib/i386/jli/libjli.so
b7707000-b7708000 rw-p 00000000 00:00 0 
b7708000-b771f000 r-xp 00000000 fc:00 8428973    /lib/i386-linux-gnu/libpthread-2.15.so
b771f000-b7720000 r--p 00016000 fc:00 8428973    /lib/i386-linux-gnu/libpthread-2.15.so
b7720000-b7721000 rw-p 00017000 fc:00 8428973    /lib/i386-linux-gnu/libpthread-2.15.so
b7721000-b7723000 rw-p 00000000 00:00 0 
b7723000-b7726000 r-xp 00000000 fc:01 25188538   /usr/lib/jvm/java-6-openjdk-i386/jre/lib/i386/libnpt.so
b7726000-b7727000 r--p 00002000 fc:01 25188538   /usr/lib/jvm/java-6-openjdk-i386/jre/lib/i386/libnpt.so
b7727000-b7728000 rw-p 00003000 fc:01 25188538   /usr/lib/jvm/java-6-openjdk-i386/jre/lib/i386/libnpt.so
b7728000-b7729000 rw-p 00000000 00:00 0 
b7729000-b772a000 r--p 00000000 00:00 0 
b772a000-b7735000 r-xp 00000000 fc:01 25190843   /usr/lib/jvm/java-6-openjdk-i386/jre/lib/i386/libverify.so
b7735000-b7736000 ---p 0000b000 fc:01 25190843   /usr/lib/jvm/java-6-openjdk-i386/jre/lib/i386/libverify.so
b7736000-b7737000 r--p 0000b000 fc:01 25190843   /usr/lib/jvm/java-6-openjdk-i386/jre/lib/i386/libverify.so
b7737000-b7738000 rw-p 0000c000 fc:01 25190843   /usr/lib/jvm/java-6-openjdk-i386/jre/lib/i386/libverify.so
b7738000-b773a000 rw-p 00000000 00:00 0 
b773a000-b773b000 r-xp 00000000 00:00 0          [vdso]
b773b000-b775b000 r-xp 00000000 fc:00 8421369    /lib/i386-linux-gnu/ld-2.15.so
b775b000-b775c000 r--p 0001f000 fc:00 8421369    /lib/i386-linux-gnu/ld-2.15.so
b775c000-b775d000 rw-p 00020000 fc:00 8421369    /lib/i386-linux-gnu/ld-2.15.so
bff1c000-bff3e000 rw-p 00000000 00:00 0          [stack]

VM Arguments:
jvm_args: -agentlib:jdwp=transport=dt_socket,suspend=y,address=localhost:59691 -Djava.library.path=.:/usr/local/lib/R/site-library/rJava/jri -Dfile.encoding=UTF-8 
java_command: org.openforis.calc.Calc
Launcher Type: SUN_STANDARD

Environment Variables:
PATH=/home/gino/bin:/usr/lib/lightdm/lightdm:/usr/local/sbin:/usr/local/bin:/usr/sbin:/usr/bin:/sbin:/bin:/usr/games
LD_LIBRARY_PATH=/usr/lib/jvm/java-6-openjdk-i386/jre/lib/i386/server:/usr/lib/jvm/java-6-openjdk-i386/jre/lib/i386:/usr/lib/jvm/java-6-openjdk-i386/jre/../lib/i386:/usr/lib/jvm/java-6-openjdk-i386/jre/lib/i386/client:/usr/lib/jvm/java-6-openjdk-i386/jre/lib/i386::@JAVA_LD@
SHELL=/bin/bash
DISPLAY=:0

Signal Handlers:
SIGSEGV: [libjvm.so+0x66b2b0], sa_mask[0]=0x7ffbfeff, sa_flags=0x10000004
SIGBUS: [libjvm.so+0x66b2b0], sa_mask[0]=0x7ffbfeff, sa_flags=0x10000004
SIGFPE: [libjvm.so+0x52e950], sa_mask[0]=0x7ffbfeff, sa_flags=0x10000004
SIGPIPE: [libjvm.so+0x52e950], sa_mask[0]=0x7ffbfeff, sa_flags=0x10000004
SIGXFSZ: [libjvm.so+0x52e950], sa_mask[0]=0x7ffbfeff, sa_flags=0x10000004
SIGILL: [libjvm.so+0x52e950], sa_mask[0]=0x7ffbfeff, sa_flags=0x10000004
SIGUSR1: SIG_DFL, sa_mask[0]=0x00000000, sa_flags=0x00000000
SIGUSR2: [libjvm.so+0x52e7e0], sa_mask[0]=0x00000004, sa_flags=0x10000004
SIGHUP: [libjvm.so+0x531770], sa_mask[0]=0x7ffbfeff, sa_flags=0x10000004
SIGINT: [libjvm.so+0x531770], sa_mask[0]=0x7ffbfeff, sa_flags=0x10000004
SIGTERM: [libjvm.so+0x531770], sa_mask[0]=0x7ffbfeff, sa_flags=0x10000004
SIGQUIT: [libjvm.so+0x531770], sa_mask[0]=0x7ffbfeff, sa_flags=0x10000004


---------------  S Y S T E M  ---------------

OS:Ubuntu 12.04 (precise)
uname:Linux 3.2.0-41-generic-pae #66-Ubuntu SMP Thu Apr 25 03:50:20 UTC 2013 i686
libc:glibc 2.15 NPTL 2.15 
rlimit: STACK 8192k, CORE 0k, NPROC 63432, NOFILE 4096, AS infinity
load average:1.31 1.02 0.88

/proc/meminfo:
MemTotal:        8134976 kB
MemFree:          887576 kB
Buffers:            5504 kB
Cached:          3915176 kB
SwapCached:           44 kB
Active:          4063552 kB
Inactive:        2200136 kB
Active(anon):    2083396 kB
Inactive(anon):   290796 kB
Active(file):    1980156 kB
Inactive(file):  1909340 kB
Unevictable:          48 kB
Mlocked:              48 kB
HighTotal:       7342084 kB
HighFree:         708332 kB
LowTotal:         792892 kB
LowFree:          179244 kB
SwapTotal:      15622140 kB
SwapFree:       15621796 kB
Dirty:               672 kB
Writeback:             0 kB
AnonPages:       2343240 kB
Mapped:           451168 kB
Shmem:             31184 kB
Slab:             377640 kB
SReclaimable:     326936 kB
SUnreclaim:        50704 kB
KernelStack:        5304 kB
PageTables:        21168 kB
NFS_Unstable:          0 kB
Bounce:                0 kB
WritebackTmp:          0 kB
CommitLimit:    19689628 kB
Committed_AS:    5179648 kB
VmallocTotal:     122880 kB
VmallocUsed:       40692 kB
VmallocChunk:      75956 kB
HardwareCorrupted:     0 kB
AnonHugePages:         0 kB
HugePages_Total:       0
HugePages_Free:        0
HugePages_Rsvd:        0
HugePages_Surp:        0
Hugepagesize:       2048 kB
DirectMap4k:        8184 kB
DirectMap2M:      905216 kB


CPU:total 4 (4 cores per cpu, 1 threads per core) family 6 model 23 stepping 10, cmov, cx8, fxsr, mmx, sse, sse2, sse3, ssse3, sse4.1

Memory: 4k page, physical 8134976k(887576k free), swap 15622140k(15621796k free)

vm_info: OpenJDK Server VM (20.0-b12) for linux-x86 JRE (1.6.0_27-b27), built on Apr 25 2013 14:59:06 by "buildd" with gcc 4.6.3

time: Wed Jun 19 09:35:25 2013
elapsed time: 5 seconds

