#
# A fatal error has been detected by the Java Runtime Environment:
#
#  SIGSEGV (0xb) at pc=0xb33687c7, pid=8837, tid=1754630976
#
# JRE version: 6.0_27-b27
# Java VM: OpenJDK Server VM (20.0-b12 mixed mode linux-x86 )
# Derivative: IcedTea6 1.12.5
# Distribution: Ubuntu 12.04 LTS, package 6b27-1.12.5-0ubuntu0.12.04.1
# Problematic frame:
# 
[error occurred during error reporting (printing problematic frame), id 0xb]

# If you would like to submit a bug report, please include
# instructions how to reproduce the bug and visit:
#   https://bugs.launchpad.net/ubuntu/+source/openjdk-6/
#

---------------  T H R E A D  ---------------

Current thread (0x62a6d400):  JavaThread "Thread-2" [_thread_in_vm, id=8869, stack(0x68908000,0x68959000)]

siginfo:si_signo=SIGSEGV: si_errno=0, si_code=1 (SEGV_MAPERR), si_addr=0x61766176

Registers:
EAX=0xb335b3e6, EBX=0x6b8ef2b0, ECX=0x0000003b, EDX=0x6176616a
ESP=0x68947c68, EBP=0x68947c78, ESI=0x4c280057, EDI=0x68963600
EIP=0xb33687c7, EFLAGS=0x00010216, CR2=0x61766176

Top of Stack: (sp=0x68947c68)
0x68947c68:   6e616c87 6b8ef2b0 00000000 68947c80
0x68947c78:   68947ca8 b335b3e6 00000001 9e316bf8
0x68947c88:   9e316ce8 00000013 00000000 00000000
0x68947c98:   00001fa0 b7108ff4 6ad0126c 62a6d400
0x68947ca8:   68947ee0 b6c400b6 68947cf8 68947ee0
0x68947cb8:   0000000a 6b8ef2b0 b3368740 68947dfc
0x68947cc8:   00000003 62a6d400 00000000 00000000
0x68947cd8:   68947d18 00000003 b335b381 00000000 

Instructions: (pc=0xb33687c7)
0xb33687a7:   ec 56 68 00 00 00 00 8b 73 08 8d 76 30 53 8b 53
0xb33687b7:   10 85 d2 0f 84 03 00 00 00 83 c2 58 52 8b 53 0c
0xb33687c7:   8b 52 0c 52 57 56 68 00 00 00 00 89 24 24 8b c4
0xb33687d7:   c1 e8 0c 8b 04 85 60 e5 12 b7 c6 80 75 01 00 00 

Register to memory mapping:

EAX=StubRoutines::call_stub [0xb335b381, 0xb335b433[ (178 bytes)EBX=0x6b8ef2b0 is an oop
{symbol} 
 - klass: {other class}
ECX=0x0000003b is an unknown value
EDX=0x6176616a is an unknown value
ESP=0x68947c68 is pointing into the stack for thread: 0x62a6d400
EBP=0x68947c78 is pointing into the stack for thread: 0x62a6d400
ESI=0x4c280057 is an unknown value
EDI=0x68963600: callToString+0x10 in /usr/local/lib/R/site-library/rJava/libs/rJava.so at 0x68959000


Stack: [0x68908000,0x68959000],  sp=0x68947c68,  free space=255k
Native frames: (J=compiled Java code, j=interpreted, Vv=VM code, C=native code)

[error occurred during error reporting (printing native stack), id 0xb]


---------------  P R O C E S S  ---------------

Java Threads: ( => current thread )
=>0x62a6d400 JavaThread "Thread-2" [_thread_in_native_trans, id=8869, stack(0x68908000,0x68959000)]
  0x6a104400 JavaThread "Thread-1" [_thread_in_Java, id=8868, stack(0x689a9000,0x689fa000)]
  0x66f5ec00 JavaThread "SimpleAsyncTaskExecutor-1" [_thread_in_vm, id=8867, stack(0x68baf000,0x68c00000)]
  0xb66d6c00 JavaThread "Low Memory Detector" daemon [_thread_blocked, id=8862, stack(0x6a02e000,0x6a07f000)]
  0xb66d5000 JavaThread "C2 CompilerThread1" daemon [_thread_blocked, id=8861, stack(0x6a07f000,0x6a100000)]
  0xb66d3000 JavaThread "C2 CompilerThread0" daemon [_thread_blocked, id=8860, stack(0x6a22e000,0x6a2af000)]
  0x6a300800 JavaThread "JDWP Command Reader" daemon [_thread_in_native, id=8857, stack(0x6a2af000,0x6a300000)]
  0xb66d1400 JavaThread "JDWP Event Helper Thread" daemon [_thread_blocked, id=8855, stack(0x6a44a000,0x6a49b000)]
  0xb66cec00 JavaThread "JDWP Transport Listener: dt_socket" daemon [_thread_blocked, id=8853, stack(0x6a82e000,0x6a87f000)]
  0xb66c5800 JavaThread "Signal Dispatcher" daemon [_thread_blocked, id=8851, stack(0x6aa2e000,0x6aa7f000)]
  0xb66b6800 JavaThread "Finalizer" daemon [_thread_blocked, id=8850, stack(0x6ac2e000,0x6ac7f000)]
  0xb66b5000 JavaThread "Reference Handler" daemon [_thread_blocked, id=8849, stack(0x6a49b000,0x6a4ec000)]
  0xb6609800 JavaThread "main" [_thread_blocked, id=8843, stack(0xb6725000,0xb6776000)]

Other Threads:
  0xb66b2400 VMThread [stack: 0x6a4ec000,0x6a56d000] [id=8848]
  0xb66d8c00 WatcherThread [stack: 0x69fad000,0x6a02e000] [id=8863]

VM state:not at safepoint (normal execution)

VM Mutex/Monitor currently owned by a thread: None

Heap
 PSYoungGen      total 67584K, used 9955K [0x9dd40000, 0xa2540000, 0xb3290000)
  eden space 64704K, 10% used [0x9dd40000,0x9e42aaa8,0xa1c70000)
  from space 2880K, 99% used [0xa2050000,0xa231e158,0xa2320000)
  to   space 3968K, 0% used [0xa1c70000,0xa1c70000,0xa2050000)
 PSOldGen        total 43712K, used 1221K [0x73290000, 0x75d40000, 0x9dd40000)
  object space 43712K, 2% used [0x73290000,0x733c15e8,0x75d40000)
 PSPermGen       total 20992K, used 20919K [0x6b290000, 0x6c710000, 0x73290000)
  object space 20992K, 99% used [0x6b290000,0x6c6fdfa8,0x6c710000)

Code Cache  [0xb335b000, 0xb359b000, 0xb635b000)
 total_blobs=449 nmethods=316 adapters=95 free_code_cache=48929088 largest_free_block=13056

Dynamic libraries:
08048000-08051000 r-xp 00000000 fc:01 8435083    /usr/lib/jvm/java-6-openjdk-i386/jre/bin/java
08051000-08052000 r--p 00008000 fc:01 8435083    /usr/lib/jvm/java-6-openjdk-i386/jre/bin/java
08052000-08053000 rw-p 00009000 fc:01 8435083    /usr/lib/jvm/java-6-openjdk-i386/jre/bin/java
08e0e000-08e68000 rw-p 00000000 00:00 0          [heap]
62400000-624ed000 rw-p 00000000 00:00 0 
624ed000-62500000 ---p 00000000 00:00 0 
62600000-626ce000 rw-p 00000000 00:00 0 
626ce000-62700000 ---p 00000000 00:00 0 
62700000-627eb000 rw-p 00000000 00:00 0 
627eb000-62800000 ---p 00000000 00:00 0 
62800000-628fe000 rw-p 00000000 00:00 0 
628fe000-62900000 ---p 00000000 00:00 0 
62900000-629e9000 rw-p 00000000 00:00 0 
629e9000-62a00000 ---p 00000000 00:00 0 
62a00000-62b00000 rw-p 00000000 00:00 0 
62b51000-62c4f000 r-xp 00000000 fc:01 16929333   /usr/lib/i386-linux-gnu/libgfortran.so.3.0.0
62c4f000-62c50000 r--p 000fe000 fc:01 16929333   /usr/lib/i386-linux-gnu/libgfortran.so.3.0.0
62c50000-62c51000 rw-p 000ff000 fc:01 16929333   /usr/lib/i386-linux-gnu/libgfortran.so.3.0.0
62c51000-62c52000 rw-p 00000000 00:00 0 
62c52000-633ef000 r-xp 00000000 fc:01 16930289   /usr/lib/lapack/liblapack.so.3gf.0
633ef000-633f0000 r--p 0079c000 fc:01 16930289   /usr/lib/lapack/liblapack.so.3gf.0
633f0000-633f3000 rw-p 0079d000 fc:01 16930289   /usr/lib/lapack/liblapack.so.3gf.0
633f3000-63500000 rw-p 00000000 00:00 0 
63500000-63571000 rw-p 00000000 00:00 0 
63571000-63600000 ---p 00000000 00:00 0 
636d0000-63800000 rw-p 00000000 00:00 0 
63800000-63a00000 rw-p 00000000 00:00 0 
63a00000-63b00000 rw-p 00000000 00:00 0 
63b42000-63b80000 r-xp 00000000 fc:01 8577866    /usr/lib/R/library/grDevices/libs/grDevices.so
63b80000-63b83000 r--p 0003d000 fc:01 8577866    /usr/lib/R/library/grDevices/libs/grDevices.so
63b83000-63b85000 rw-p 00040000 fc:01 8577866    /usr/lib/R/library/grDevices/libs/grDevices.so
63b85000-63b86000 rw-p 00000000 00:00 0 
63c00000-63c5b000 rw-p 00000000 00:00 0 
63c5b000-63d00000 ---p 00000000 00:00 0 
63d00000-63deb000 rw-p 00000000 00:00 0 
63deb000-63e00000 ---p 00000000 00:00 0 
63e00000-63ef4000 rw-p 00000000 00:00 0 
63ef4000-63f00000 ---p 00000000 00:00 0 
63f00000-63fcb000 rw-p 00000000 00:00 0 
63fcb000-64000000 ---p 00000000 00:00 0 
64000000-640fd000 rw-p 00000000 00:00 0 
640fd000-64100000 ---p 00000000 00:00 0 
641f7000-64300000 rw-p 00000000 00:00 0 
64300000-643c2000 rw-p 00000000 00:00 0 
643c2000-64400000 ---p 00000000 00:00 0 
64400000-64500000 rw-p 00000000 00:00 0 
64500000-645ce000 rw-p 00000000 00:00 0 
645ce000-64600000 ---p 00000000 00:00 0 
64600000-646eb000 rw-p 00000000 00:00 0 
646eb000-64700000 ---p 00000000 00:00 0 
64700000-647eb000 rw-p 00000000 00:00 0 
647eb000-64800000 ---p 00000000 00:00 0 
648ec000-64b0c000 r-xp 00000000 fc:01 25369040   /usr/lib/R/lib/libR.so
64b0c000-64b0f000 r--p 0021f000 fc:01 25369040   /usr/lib/R/lib/libR.so
64b0f000-64b17000 rw-p 00222000 fc:01 25369040   /usr/lib/R/lib/libR.so
64b17000-64c00000 rw-p 00000000 00:00 0 
64c00000-64ccb000 rw-p 00000000 00:00 0 
64ccb000-64d00000 ---p 00000000 00:00 0 
64d00000-64dec000 rw-p 00000000 00:00 0 
64dec000-64e00000 ---p 00000000 00:00 0 
64e00000-64fe8000 rw-p 00000000 00:00 0 
64fe8000-65000000 ---p 00000000 00:00 0 
65000000-65200000 rw-p 00000000 00:00 0 
65200000-652fe000 rw-p 00000000 00:00 0 
652fe000-65300000 ---p 00000000 00:00 0 
65300000-653eb000 rw-p 00000000 00:00 0 
653eb000-65400000 ---p 00000000 00:00 0 
65400000-654ce000 rw-p 00000000 00:00 0 
654ce000-65500000 ---p 00000000 00:00 0 
65500000-655d0000 rw-p 00000000 00:00 0 
655d0000-65600000 ---p 00000000 00:00 0 
65600000-65700000 rw-p 00000000 00:00 0 
65700000-657e8000 rw-p 00000000 00:00 0 
657e8000-65800000 ---p 00000000 00:00 0 
65800000-65900000 rw-p 00000000 00:00 0 
65900000-65a00000 rw-p 00000000 00:00 0 
65b00000-65bf0000 rw-p 00000000 00:00 0 
65bf0000-65c00000 ---p 00000000 00:00 0 
65d00000-65dfb000 rw-p 00000000 00:00 0 
65dfb000-65e00000 ---p 00000000 00:00 0 
65e00000-65ee8000 rw-p 00000000 00:00 0 
65ee8000-65f00000 ---p 00000000 00:00 0 
65f00000-66100000 rw-p 00000000 00:00 0 
66100000-66200000 rw-p 00000000 00:00 0 
66200000-66300000 rw-p 00000000 00:00 0 
66300000-66400000 rw-p 00000000 00:00 0 
66400000-664fe000 rw-p 00000000 00:00 0 
664fe000-66500000 ---p 00000000 00:00 0 
66600000-666fc000 rw-p 00000000 00:00 0 
666fc000-66700000 ---p 00000000 00:00 0 
66700000-667fc000 rw-p 00000000 00:00 0 
667fc000-66800000 ---p 00000000 00:00 0 
6688c000-668fe000 r-xp 00000000 fc:01 16852581   /usr/lib/i386-linux-gnu/libquadmath.so.0.0.0
668fe000-668ff000 r--p 00071000 fc:01 16852581   /usr/lib/i386-linux-gnu/libquadmath.so.0.0.0
668ff000-66900000 rw-p 00072000 fc:01 16852581   /usr/lib/i386-linux-gnu/libquadmath.so.0.0.0
66900000-669ed000 rw-p 00000000 00:00 0 
669ed000-66a00000 ---p 00000000 00:00 0 
66a00000-66b00000 rw-p 00000000 00:00 0 
66b00000-66d00000 rw-p 00000000 00:00 0 
66d00000-66e00000 rw-p 00000000 00:00 0 
66e68000-66efe000 r-xp 00000000 fc:01 16972864   /usr/lib/R/library/stats/libs/stats.so
66efe000-66eff000 r--p 00096000 fc:01 16972864   /usr/lib/R/library/stats/libs/stats.so
66eff000-66f00000 rw-p 00097000 fc:01 16972864   /usr/lib/R/library/stats/libs/stats.so
66f00000-67000000 rw-p 00000000 00:00 0 
67050000-67100000 rw-p 00000000 00:00 0 
67100000-671fe000 rw-p 00000000 00:00 0 
671fe000-67200000 ---p 00000000 00:00 0 
67200000-672fa000 rw-p 00000000 00:00 0 
672fa000-67300000 ---p 00000000 00:00 0 
67300000-67400000 rw-p 00000000 00:00 0 
67400000-674fc000 rw-p 00000000 00:00 0 
674fc000-67500000 ---p 00000000 00:00 0 
67500000-675c8000 rw-p 00000000 00:00 0 
675c8000-67600000 ---p 00000000 00:00 0 
67600000-67700000 rw-p 00000000 00:00 0 
67700000-678f4000 rw-p 00000000 00:00 0 
678f4000-67900000 ---p 00000000 00:00 0 
67900000-679fd000 rw-p 00000000 00:00 0 
679fd000-67a00000 ---p 00000000 00:00 0 
67a00000-67b00000 rw-p 00000000 00:00 0 
67b00000-67ce1000 rw-p 00000000 00:00 0 
67ce1000-67d00000 ---p 00000000 00:00 0 
67d00000-67e00000 rw-p 00000000 00:00 0 
67e00000-67efe000 rw-p 00000000 00:00 0 
67efe000-67f00000 ---p 00000000 00:00 0 
67f00000-67ffd000 rw-p 00000000 00:00 0 
67ffd000-68000000 ---p 00000000 00:00 0 
68000000-680f7000 rw-p 00000000 00:00 0 
680f7000-68100000 ---p 00000000 00:00 0 
68100000-681e4000 rw-p 00000000 00:00 0 
681e4000-68200000 ---p 00000000 00:00 0 
68200000-682fa000 rw-p 00000000 00:00 0 
682fa000-68300000 ---p 00000000 00:00 0 
68300000-683d1000 rw-p 00000000 00:00 0 
683d1000-68400000 ---p 00000000 00:00 0 
68400000-68500000 rw-p 00000000 00:00 0 
68500000-68600000 rw-p 00000000 00:00 0 
68600000-68800000 rw-p 00000000 00:00 0 
68800000-68900000 rw-p 00000000 00:00 0 
68908000-6890b000 ---p 00000000 00:00 0 
6890b000-68959000 rw-p 00000000 00:00 0 
68959000-68967000 r-xp 00000000 fc:01 180995     /usr/local/lib/R/site-library/rJava/libs/rJava.so
68967000-68968000 r--p 0000d000 fc:01 180995     /usr/local/lib/R/site-library/rJava/libs/rJava.so
68968000-68969000 rw-p 0000e000 fc:01 180995     /usr/local/lib/R/site-library/rJava/libs/rJava.so
68969000-689a7000 r-xp 00000000 fc:01 180946     /usr/lib/R/library/graphics/libs/graphics.so
689a7000-689a8000 r--p 0003d000 fc:01 180946     /usr/lib/R/library/graphics/libs/graphics.so
689a8000-689a9000 rw-p 0003e000 fc:01 180946     /usr/lib/R/library/graphics/libs/graphics.so
689a9000-689ac000 ---p 00000000 00:00 0 
689ac000-689fa000 rw-p 00000000 00:00 0 
689fa000-68a16000 r-xp 00000000 fc:00 8403951    /lib/i386-linux-gnu/libtinfo.so.5.9
68a16000-68a18000 r--p 0001b000 fc:00 8403951    /lib/i386-linux-gnu/libtinfo.so.5.9
68a18000-68a19000 rw-p 0001d000 fc:00 8403951    /lib/i386-linux-gnu/libtinfo.so.5.9
68a19000-68a27000 r-xp 00000000 fc:01 16852035   /usr/lib/i386-linux-gnu/libgomp.so.1.0.0
68a27000-68a28000 r--p 0000d000 fc:01 16852035   /usr/lib/i386-linux-gnu/libgomp.so.1.0.0
68a28000-68a29000 rw-p 0000e000 fc:01 16852035   /usr/lib/i386-linux-gnu/libgomp.so.1.0.0
68a29000-68a4e000 r-xp 00000000 fc:01 16818872   /usr/lib/i386-linux-gnu/liblzma.so.5.0.0
68a4e000-68a4f000 r--p 00024000 fc:01 16818872   /usr/lib/i386-linux-gnu/liblzma.so.5.0.0
68a4f000-68a50000 rw-p 00025000 fc:01 16818872   /usr/lib/i386-linux-gnu/liblzma.so.5.0.0
68a50000-68a8a000 r-xp 00000000 fc:00 8388922    /lib/i386-linux-gnu/libpcre.so.3.12.1
68a8a000-68a8b000 r--p 00039000 fc:00 8388922    /lib/i386-linux-gnu/libpcre.so.3.12.1
68a8b000-68a8c000 rw-p 0003a000 fc:00 8388922    /lib/i386-linux-gnu/libpcre.so.3.12.1
68a8c000-68a9f000 r-xp 00000000 fc:00 8428969    /lib/i386-linux-gnu/libresolv-2.15.so
68a9f000-68aa0000 ---p 00013000 fc:00 8428969    /lib/i386-linux-gnu/libresolv-2.15.so
68aa0000-68aa1000 r--p 00013000 fc:00 8428969    /lib/i386-linux-gnu/libresolv-2.15.so
68aa1000-68aa2000 rw-p 00014000 fc:00 8428969    /lib/i386-linux-gnu/libresolv-2.15.so
68aa2000-68aa4000 rw-p 00000000 00:00 0 
68aa4000-68aa6000 r-xp 00000000 fc:00 9174       /lib/libnss_mdns4_minimal.so.2
68aa6000-68aa7000 r--p 00001000 fc:00 9174       /lib/libnss_mdns4_minimal.so.2
68aa7000-68aa8000 rw-p 00002000 fc:00 9174       /lib/libnss_mdns4_minimal.so.2
68aac000-68abb000 r-xp 00000000 fc:00 8388799    /lib/i386-linux-gnu/libbz2.so.1.0.4
68abb000-68abc000 r--p 0000e000 fc:00 8388799    /lib/i386-linux-gnu/libbz2.so.1.0.4
68abc000-68abd000 rw-p 0000f000 fc:00 8388799    /lib/i386-linux-gnu/libbz2.so.1.0.4
68abd000-68ad2000 r-xp 00000000 fc:01 25190851   /usr/lib/jvm/java-6-openjdk-i386/jre/lib/i386/libnet.so
68ad2000-68ad3000 r--p 00014000 fc:01 25190851   /usr/lib/jvm/java-6-openjdk-i386/jre/lib/i386/libnet.so
68ad3000-68ad4000 rw-p 00015000 fc:01 25190851   /usr/lib/jvm/java-6-openjdk-i386/jre/lib/i386/libnet.so
68ad9000-68b0e000 r-xp 00000000 fc:00 8389077    /lib/i386-linux-gnu/libreadline.so.6.2
68b0e000-68b0f000 r--p 00035000 fc:00 8389077    /lib/i386-linux-gnu/libreadline.so.6.2
68b0f000-68b12000 rw-p 00036000 fc:00 8389077    /lib/i386-linux-gnu/libreadline.so.6.2
68b12000-68b13000 rw-p 00000000 00:00 0 
68b13000-68b8e000 r-xp 00000000 fc:01 16930255   /usr/lib/libblas/libblas.so.3gf.0
68b8e000-68b8f000 r--p 0007a000 fc:01 16930255   /usr/lib/libblas/libblas.so.3gf.0
68b8f000-68b90000 rw-p 0007b000 fc:01 16930255   /usr/lib/libblas/libblas.so.3gf.0
68b90000-68b97000 r-xp 00000000 fc:01 16972661   /usr/lib/R/library/methods/libs/methods.so
68b97000-68b98000 r--p 00006000 fc:01 16972661   /usr/lib/R/library/methods/libs/methods.so
68b98000-68b99000 rw-p 00007000 fc:01 16972661   /usr/lib/R/library/methods/libs/methods.so
68b99000-68ba2000 r-xp 00000000 fc:01 25413588   /usr/lib/R/library/utils/libs/utils.so
68ba2000-68ba3000 r--p 00009000 fc:01 25413588   /usr/lib/R/library/utils/libs/utils.so
68ba3000-68ba4000 rw-p 0000a000 fc:01 25413588   /usr/lib/R/library/utils/libs/utils.so
68ba4000-68ba5000 rw-p 00000000 00:00 0 
68ba5000-68bad000 r-xp 00000000 fc:01 8577916    /usr/local/lib/R/site-library/rJava/jri/libjri.so
68bad000-68bae000 r--p 00008000 fc:01 8577916    /usr/local/lib/R/site-library/rJava/jri/libjri.so
68bae000-68baf000 rw-p 00009000 fc:01 8577916    /usr/local/lib/R/site-library/rJava/jri/libjri.so
68baf000-68bb2000 ---p 00000000 00:00 0 
68bb2000-68c00000 rw-p 00000000 00:00 0 
68c00000-68cff000 rw-p 00000000 00:00 0 
68cff000-68d00000 ---p 00000000 00:00 0 
68d00000-68dfc000 rw-p 00000000 00:00 0 
68dfc000-68e00000 ---p 00000000 00:00 0 
68e00000-68efc000 rw-p 00000000 00:00 0 
68efc000-68f00000 ---p 00000000 00:00 0 
68f00000-69000000 rw-p 00000000 00:00 0 
69000000-690fb000 rw-p 00000000 00:00 0 
690fb000-69100000 ---p 00000000 00:00 0 
69100000-691fd000 rw-p 00000000 00:00 0 
691fd000-69200000 ---p 00000000 00:00 0 
69200000-692fa000 rw-p 00000000 00:00 0 
692fa000-69300000 ---p 00000000 00:00 0 
69300000-693fa000 rw-p 00000000 00:00 0 
693fa000-69400000 ---p 00000000 00:00 0 
69400000-694fd000 rw-p 00000000 00:00 0 
694fd000-69500000 ---p 00000000 00:00 0 
69500000-695fd000 rw-p 00000000 00:00 0 
695fd000-69600000 ---p 00000000 00:00 0 
69600000-696f9000 rw-p 00000000 00:00 0 
696f9000-69700000 ---p 00000000 00:00 0 
69700000-697f1000 rw-p 00000000 00:00 0 
697f1000-69800000 ---p 00000000 00:00 0 
69800000-698f9000 rw-p 00000000 00:00 0 
698f9000-69900000 ---p 00000000 00:00 0 
69900000-699ff000 rw-p 00000000 00:00 0 
699ff000-69a00000 ---p 00000000 00:00 0 
69a00000-69b00000 rw-p 00000000 00:00 0 
69b00000-69bf9000 rw-p 00000000 00:00 0 
69bf9000-69c00000 ---p 00000000 00:00 0 
69c00000-69cfe000 rw-p 00000000 00:00 0 
69cfe000-69d00000 ---p 00000000 00:00 0 
69d00000-69df9000 rw-p 00000000 00:00 0 
69df9000-69e00000 ---p 00000000 00:00 0 
69e00000-69f00000 rw-p 00000000 00:00 0 
69f00000-69f01000 rw-p 00000000 00:00 0 
69f01000-69f08000 r--s 00000000 fc:01 25276898   /usr/lib/i386-linux-gnu/gconv/gconv-modules.cache
69f08000-69f0d000 r-xp 00000000 fc:00 8428970    /lib/i386-linux-gnu/libnss_dns-2.15.so
69f0d000-69f0e000 r--p 00004000 fc:00 8428970    /lib/i386-linux-gnu/libnss_dns-2.15.so
69f0e000-69f0f000 rw-p 00005000 fc:00 8428970    /lib/i386-linux-gnu/libnss_dns-2.15.so
69f0f000-69f10000 r--s 00010000 fc:05 402867801  /home/gino/.m2/repository/net/rforge/jri/0.5-5/jri-0.5-5.jar
69f10000-69f11000 r--s 00003000 fc:05 17546914   /home/gino/.m2/repository/com/googlecode/json-simple/json-simple/1.1/json-simple-1.1.jar
69f11000-69f13000 r--s 00005000 fc:05 404305821  /home/gino/.m2/repository/org/slf4j/slf4j-api/1.7.5/slf4j-api-1.7.5.jar
69f13000-69f15000 r--s 0000e000 fc:05 138801852  /home/gino/.m2/repository/oro/oro/2.0.8/oro-2.0.8.jar
69f15000-69f17000 r--s 00005000 fc:05 270969556  /home/gino/.m2/repository/stax/stax-api/1.0.1/stax-api-1.0.1.jar
69f17000-69f19000 r--s 00005000 fc:05 270969550  /home/gino/.m2/repository/commons-logging/commons-logging-api/1.0.4/commons-logging-api-1.0.4.jar
69f19000-69f1d000 r--s 0002f000 fc:05 36880136   /home/gino/.m2/repository/commons-lang/commons-lang/2.1/commons-lang-2.1.jar
69f1d000-69f22000 r--s 00016000 fc:05 404307056  /home/gino/.m2/repository/xml-apis/xml-apis/1.0.b2/xml-apis-1.0.b2.jar
69f22000-69f26000 r--s 0001f000 fc:05 270969552  /home/gino/.m2/repository/commons-digester/commons-digester/1.7/commons-digester-1.7.jar
69f26000-69f2a000 r--s 00026000 fc:05 404307053  /home/gino/.m2/repository/commons-beanutils/commons-beanutils-core/1.7.0/commons-beanutils-core-1.7.0.jar
69f2a000-69f30000 r--s 00036000 fc:05 36880132   /home/gino/.m2/repository/commons-betwixt/commons-betwixt/0.8/commons-betwixt-0.8.jar
69f30000-69f35000 r--s 0002a000 fc:05 36880133   /home/gino/.m2/repository/commons-beanutils/commons-beanutils/1.7.0/commons-beanutils-1.7.0.jar
69f35000-69f3b000 r--s 00051000 fc:05 404305850  /home/gino/.m2/repository/org/apache/ddlutils/ddlutils/1.0/ddlutils-1.0.jar
69f3b000-69f3e000 r--s 00011000 fc:05 17547805   /home/gino/.m2/repository/org/hibernate/common/hibernate-commons-annotations/4.0.1.Final/hibernate-commons-annotations-4.0.1.Final.jar
69f3e000-69f47000 r--s 00096000 fc:05 138539094  /home/gino/.m2/repository/org/javassist/javassist/3.15.0-GA/javassist-3.15.0-GA.jar
69f47000-69f4c000 r--s 00015000 fc:05 29716548   /home/gino/.m2/repository/org/hibernate/javax/persistence/hibernate-jpa-2.0-api/1.0.1.Final/hibernate-jpa-2.0-api-1.0.1.Final.jar
69f4c000-69f4e000 r--s 00005000 fc:05 271073938  /home/gino/.m2/repository/org/jboss/spec/javax/transaction/jboss-transaction-api_1.1_spec/1.0.1.Final/jboss-transaction-api_1.1_spec-1.0.1.Final.jar
69f4e000-69f53000 r--s 00048000 fc:05 290970     /home/gino/.m2/repository/dom4j/dom4j/1.6.1/dom4j-1.6.1.jar
69f53000-69fa3000 r--s 00417000 fc:05 138539093  /home/gino/.m2/repository/org/hibernate/hibernate-core/4.2.1.Final/hibernate-core-4.2.1.Final.jar
69fa3000-69fad000 r--s 0006d000 fc:05 138539090  /home/gino/.m2/repository/org/hibernate/hibernate-entitymanager/4.2.1.Final/hibernate-entitymanager-4.2.1.Final.jar
69fad000-69fae000 ---p 00000000 00:00 0 
69fae000-6a02e000 rw-p 00000000 00:00 0 
6a02e000-6a031000 ---p 00000000 00:00 0 
6a031000-6a07f000 rw-p 00000000 00:00 0 
6a07f000-6a082000 ---p 00000000 00:00 0 
6a082000-6a100000 rw-p 00000000 00:00 0 
6a100000-6a200000 rw-p 00000000 00:00 0 
6a200000-6a201000 r--p 00000000 fc:01 25370560   /usr/lib/R/library/translations/en/LC_MESSAGES/R.mo
6a201000-6a206000 r--s 00068000 fc:05 135962659  /home/gino/.m2/repository/antlr/antlr/2.7.7/antlr-2.7.7.jar
6a206000-6a208000 r--s 0000d000 fc:05 138539091  /home/gino/.m2/repository/org/jboss/logging/jboss-logging/3.1.0.GA/jboss-logging-3.1.0.GA.jar
6a208000-6a20b000 r--s 00015000 fc:05 36839551   /home/gino/.m2/repository/commons-pool/commons-pool/1.5.4/commons-pool-1.5.4.jar
6a20b000-6a20e000 r--s 00025000 fc:05 36839549   /home/gino/.m2/repository/commons-dbcp/commons-dbcp/1.4/commons-dbcp-1.4.jar
6a20e000-6a21b000 r--s 000c2000 fc:05 404305796  /home/gino/.m2/repository/org/jooq/jooq/2.6.0/jooq-2.6.0.jar
6a21b000-6a225000 r--s 00059000 fc:05 136643401  /home/gino/.m2/repository/org/springframework/spring-jdbc/3.1.0.RELEASE/spring-jdbc-3.1.0.RELEASE.jar
6a225000-6a22e000 r--s 00054000 fc:05 404303609  /home/gino/.m2/repository/org/springframework/spring-orm/3.1.0.RELEASE/spring-orm-3.1.0.RELEASE.jar
6a22e000-6a231000 ---p 00000000 00:00 0 
6a231000-6a2af000 rw-p 00000000 00:00 0 
6a2af000-6a2b2000 ---p 00000000 00:00 0 
6a2b2000-6a300000 rw-p 00000000 00:00 0 
6a300000-6a3f6000 rw-p 00000000 00:00 0 
6a3f6000-6a400000 ---p 00000000 00:00 0 
6a400000-6a402000 r--s 00011000 fc:05 136357405  /home/gino/.m2/repository/org/postgis/postgis-jdbc/1.3.3/postgis-jdbc-1.3.3.jar
6a402000-6a408000 r--s 00081000 fc:05 270969539  /home/gino/.m2/repository/postgresql/postgresql/9.1-901-1.jdbc4/postgresql-9.1-901-1.jdbc4.jar
6a408000-6a410000 r--s 00035000 fc:05 402687200  /home/gino/.m2/repository/org/springframework/spring-tx/3.1.0.RELEASE/spring-tx-3.1.0.RELEASE.jar
6a410000-6a415000 r--s 00027000 fc:05 404226976  /home/gino/.m2/repository/org/springframework/spring-expression/3.1.0.RELEASE/spring-expression-3.1.0.RELEASE.jar
6a415000-6a41b000 r--s 000fc000 fc:01 25190827   /usr/lib/jvm/java-6-openjdk-common/jre/lib/resources.jar
6a41b000-6a41e000 r--s 0007f000 fc:01 25188533   /usr/lib/jvm/java-6-openjdk-common/jre/lib/jsse.jar
6a41e000-6a429000 r--s 00062000 fc:05 402832478  /home/gino/.m2/repository/org/springframework/spring-core/3.1.0.RELEASE/spring-core-3.1.0.RELEASE.jar
6a429000-6a435000 r--s 00084000 fc:05 136074270  /home/gino/.m2/repository/org/springframework/spring-beans/3.1.0.RELEASE/spring-beans-3.1.0.RELEASE.jar
6a435000-6a44a000 r--s 000b6000 fc:05 136356716  /home/gino/.m2/repository/org/springframework/spring-context/3.1.0.RELEASE/spring-context-3.1.0.RELEASE.jar
6a44a000-6a44d000 ---p 00000000 00:00 0 
6a44d000-6a49b000 rw-p 00000000 00:00 0 
6a49b000-6a49e000 ---p 00000000 00:00 0 
6a49e000-6a4ec000 rw-p 00000000 00:00 0 
6a4ec000-6a4ed000 ---p 00000000 00:00 0 
6a4ed000-6a56d000 rw-p 00000000 00:00 0 
6a56d000-6a700000 r--s 037db000 fc:01 16844303   /usr/lib/jvm/java-6-openjdk-i386/jre/lib/rt.jar
6a700000-6a7fe000 rw-p 00000000 00:00 0 
6a7fe000-6a800000 ---p 00000000 00:00 0 
6a800000-6a801000 r--s 00001000 fc:05 270969544  /home/gino/.m2/repository/javax/annotation/jsr250-api/1.0/jsr250-api-1.0.jar
6a801000-6a802000 r--s 00003000 fc:05 404303561  /home/gino/.m2/repository/net/sf/opencsv/opencsv/2.0/opencsv-2.0.jar
6a802000-6a803000 r--s 00002000 fc:05 269170072  /home/gino/.m2/repository/org/openforis/commons/commons-io/0.0.3/commons-io-0.0.3.jar
6a803000-6a804000 r--s 00000000 fc:05 2635751    /home/gino/.m2/repository/org/openforis/commons/commons-collections/0.0.3/commons-collections-0.0.3.jar
6a804000-6a815000 r--s 000d2000 fc:05 2562627    /home/gino/.m2/repository/org/liquibase/liquibase-core/2.0.5/liquibase-core-2.0.5.jar
6a815000-6a82e000 r--s 0015f000 fc:05 136048990  /home/gino/.m2/repository/org/apache/lucene/lucene-core/3.6.1/lucene-core-3.6.1.jar
6a82e000-6a831000 ---p 00000000 00:00 0 
6a831000-6a87f000 rw-p 00000000 00:00 0 
6a87f000-6a880000 ---p 00000000 00:00 0 
6a880000-6a900000 rw-p 00000000 00:00 0 
6a900000-6a921000 rw-p 00000000 00:00 0 
6a921000-6aa00000 ---p 00000000 00:00 0 
6aa00000-6aa01000 r--s 0000a000 fc:05 404296235  /home/gino/.m2/repository/net/sf/kxml/kxml2/2.3.0/kxml2-2.3.0.jar
6aa01000-6aa02000 r--s 00000000 fc:05 136643399  /home/gino/.m2/repository/org/postgis/postgis-stubs/1.3.3/postgis-stubs-1.3.3.jar
6aa02000-6aa0a000 r--s 00049000 fc:05 136069744  /home/gino/.m2/repository/org/springframework/spring-aop/3.1.0.RELEASE/spring-aop-3.1.0.RELEASE.jar
6aa0a000-6aa0b000 r--s 00001000 fc:05 270969530  /home/gino/.m2/repository/xmlpull/xmlpull/1.1.3.4a/xmlpull-1.1.3.4a.jar
6aa0b000-6aa0c000 r--s 0000a000 fc:05 136048988  /home/gino/.m2/repository/asm/asm/3.3.1/asm-3.3.1.jar
6aa0c000-6aa13000 r--s 00040000 fc:05 270969528  /home/gino/.m2/repository/cglib/cglib/2.2.2/cglib-2.2.2.jar
6aa13000-6aa1a000 r--s 00051000 fc:05 402832460  /home/gino/.m2/repository/log4j/log4j/1.2.12/log4j-1.2.12.jar
6aa1a000-6aa20000 r--s 00033000 fc:05 36839540   /home/gino/.m2/repository/commons-codec/commons-codec/1.6/commons-codec-1.6.jar
6aa20000-6aa2e000 r--s 0007f000 fc:05 36839539   /home/gino/.m2/repository/commons-collections/commons-collections/3.2.1/commons-collections-3.2.1.jar
6aa2e000-6aa31000 ---p 00000000 00:00 0 
6aa31000-6aa7f000 rw-p 00000000 00:00 0 
6aa7f000-6aa80000 ---p 00000000 00:00 0 
6aa80000-6ab00000 rw-p 00000000 00:00 0 
6ab00000-6abfd000 rw-p 00000000 00:00 0 
6abfd000-6ac00000 ---p 00000000 00:00 0 
6ac00000-6ac02000 r--s 00000000 fc:05 404239869  /home/gino/.m2/repository/aopalliance/aopalliance/1.0/aopalliance-1.0.jar
6ac02000-6ac08000 r--s 00048000 fc:05 136048987  /home/gino/.m2/repository/org/apache/commons/commons-lang3/3.1/commons-lang3-3.1.jar
6ac08000-6ac0a000 r--s 0000d000 fc:05 270969526  /home/gino/.m2/repository/commons-logging/commons-logging/1.1.1/commons-logging-1.1.1.jar
6ac0a000-6ac0d000 r--s 0000a000 fc:05 402832454  /home/gino/.m2/repository/com/dyuproject/protostuff/protostuff-collectionschema/1.0.4/protostuff-collectionschema-1.0.4.jar
6ac0d000-6ac13000 r--s 00038000 fc:05 136048983  /home/gino/.m2/repository/com/dyuproject/protostuff/protostuff-runtime/1.0.4/protostuff-runtime-1.0.4.jar
6ac13000-6ac15000 r--s 0000a000 fc:05 402832449  /home/gino/.m2/repository/com/dyuproject/protostuff/protostuff-core/1.0.4/protostuff-core-1.0.4.jar
6ac15000-6ac17000 r--s 0000a000 fc:05 402832450  /home/gino/.m2/repository/com/dyuproject/protostuff/protostuff-api/1.0.4/protostuff-api-1.0.4.jar
6ac17000-6ac1d000 r--s 00045000 fc:05 404408435  /home/gino/.m2/repository/commons-jxpath/commons-jxpath/1.4-20120215/commons-jxpath-1.4-20120215.jar
6ac1d000-6ac28000 r--s 0006d000 fc:05 49226      /home/gino/.m2/repository/org/openforis/idm/idm-api/3.0-CR1-SNAPSHOT/idm-api-3.0-CR1-SNAPSHOT.jar
6ac28000-6ac2e000 r--s 00046000 fc:05 269113044  /home/gino/.m2/repository/org/openforis/collect/collect-core/3.0-CR1-SNAPSHOT/collect-core-3.0-CR1-SNAPSHOT.jar
6ac2e000-6ac31000 ---p 00000000 00:00 0 
6ac31000-6ac7f000 rw-p 00000000 00:00 0 
6ac7f000-6ac80000 ---p 00000000 00:00 0 
6ac80000-6ad00000 rw-p 00000000 00:00 0 
6ad00000-6adfc000 rw-p 00000000 00:00 0 
6adfc000-6ae00000 ---p 00000000 00:00 0 
6ae00000-6ae01000 r--s 0000c000 fc:05 404192471  /home/gino/.m2/repository/org/springframework/spring-asm/3.1.0.RELEASE/spring-asm-3.1.0.RELEASE.jar
6ae01000-6ae02000 r--s 00002000 fc:05 136034139  /home/gino/.m2/repository/org/openforis/idm/idm-api-protostuff/3.0-CR1-SNAPSHOT/idm-api-protostuff-3.0-CR1-SNAPSHOT.jar
6ae02000-6ae05000 r--s 00024000 fc:05 156413788  /home/gino/.m2/repository/commons-io/commons-io/2.0.1/commons-io-2.0.1.jar
6ae05000-6ae38000 rw-p 00000000 00:00 0 
6ae38000-6ae39000 ---p 00000000 00:00 0 
6ae39000-6aec4000 rw-p 00000000 00:00 0 
6aec4000-6aef9000 rw-p 00000000 00:00 0 
6aef9000-6af0f000 rw-p 00000000 00:00 0 
6af0f000-6b04f000 rw-p 00000000 00:00 0 
6b04f000-6b05a000 rw-p 00000000 00:00 0 
6b05a000-6b08f000 rw-p 00000000 00:00 0 
6b08f000-6b0a5000 rw-p 00000000 00:00 0 
6b0a5000-6b1e4000 rw-p 00000000 00:00 0 
6b1e4000-6b209000 rw-p 00000000 00:00 0 
6b209000-6b28f000 rw-p 00000000 00:00 0 
6b28f000-6c710000 rw-p 00000000 00:00 0 
6c710000-73290000 rw-p 00000000 00:00 0 
73290000-75d40000 rw-p 00000000 00:00 0 
75d40000-9dd40000 rw-p 00000000 00:00 0 
9dd40000-a2540000 rw-p 00000000 00:00 0 
a2540000-b3290000 rw-p 00000000 00:00 0 
b3290000-b3291000 r--s 00007000 fc:01 16929324   /usr/share/java/java-atk-wrapper.jar
b3291000-b3293000 r--s 0000f000 fc:01 25190824   /usr/lib/jvm/java-6-openjdk-common/jre/lib/ext/pulse-java.jar
b3293000-b3295000 r--s 00001000 fc:01 25190823   /usr/lib/jvm/java-6-openjdk-common/jre/lib/ext/dnsns.jar
b3295000-b3298000 r--s 00031000 fc:01 25190822   /usr/lib/jvm/java-6-openjdk-common/jre/lib/ext/sunjce_provider.jar
b3298000-b329b000 r--s 00077000 fc:01 25190821   /usr/lib/jvm/java-6-openjdk-common/jre/lib/ext/localedata.jar
b329b000-b32a4000 rw-p 00000000 00:00 0 
b32a4000-b335b000 rw-p 00000000 00:00 0 
b335b000-b359b000 rwxp 00000000 00:00 0 
b359b000-b635b000 rw-p 00000000 00:00 0 
b635b000-b6366000 r-xp 00000000 fc:00 8428968    /lib/i386-linux-gnu/libnss_files-2.15.so
b6366000-b6367000 r--p 0000a000 fc:00 8428968    /lib/i386-linux-gnu/libnss_files-2.15.so
b6367000-b6368000 rw-p 0000b000 fc:00 8428968    /lib/i386-linux-gnu/libnss_files-2.15.so
b6368000-b6372000 r-xp 00000000 fc:00 8428972    /lib/i386-linux-gnu/libnss_nis-2.15.so
b6372000-b6373000 r--p 00009000 fc:00 8428972    /lib/i386-linux-gnu/libnss_nis-2.15.so
b6373000-b6374000 rw-p 0000a000 fc:00 8428972    /lib/i386-linux-gnu/libnss_nis-2.15.so
b6374000-b638a000 r-xp 00000000 fc:00 8428982    /lib/i386-linux-gnu/libnsl-2.15.so
b638a000-b638b000 r--p 00015000 fc:00 8428982    /lib/i386-linux-gnu/libnsl-2.15.so
b638b000-b638c000 rw-p 00016000 fc:00 8428982    /lib/i386-linux-gnu/libnsl-2.15.so
b638c000-b638e000 rw-p 00000000 00:00 0 
b638e000-b6395000 r-xp 00000000 fc:00 8428966    /lib/i386-linux-gnu/libnss_compat-2.15.so
b6395000-b6396000 r--p 00006000 fc:00 8428966    /lib/i386-linux-gnu/libnss_compat-2.15.so
b6396000-b6397000 rw-p 00007000 fc:00 8428966    /lib/i386-linux-gnu/libnss_compat-2.15.so
b6397000-b6597000 r--p 00000000 fc:01 25172796   /usr/lib/locale/locale-archive
b6597000-b65d5000 r-xp 00000000 fc:01 25190849   /usr/lib/jvm/java-6-openjdk-i386/jre/lib/i386/libjdwp.so
b65d5000-b65d6000 r--p 0003d000 fc:01 25190849   /usr/lib/jvm/java-6-openjdk-i386/jre/lib/i386/libjdwp.so
b65d6000-b65d7000 rw-p 0003e000 fc:01 25190849   /usr/lib/jvm/java-6-openjdk-i386/jre/lib/i386/libjdwp.so
b65d7000-b65fd000 r-xp 00000000 fc:01 25188539   /usr/lib/jvm/java-6-openjdk-i386/jre/lib/i386/libjava.so
b65fd000-b65fe000 r--p 00025000 fc:01 25188539   /usr/lib/jvm/java-6-openjdk-i386/jre/lib/i386/libjava.so
b65fe000-b6600000 rw-p 00026000 fc:01 25188539   /usr/lib/jvm/java-6-openjdk-i386/jre/lib/i386/libjava.so
b6600000-b66fc000 rw-p 00000000 00:00 0 
b66fc000-b6700000 ---p 00000000 00:00 0 
b6700000-b6701000 r--s 00003000 fc:05 136048985  /home/gino/.m2/repository/com/dyuproject/protostuff/protostuff-xml/1.0.4/protostuff-xml-1.0.4.jar
b6701000-b6705000 r--s 00039000 fc:01 25190820   /usr/lib/jvm/java-6-openjdk-common/jre/lib/ext/sunpkcs11.jar
b6705000-b6709000 r-xp 00000000 fc:01 25190848   /usr/lib/jvm/java-6-openjdk-i386/jre/lib/i386/libdt_socket.so
b6709000-b670a000 r--p 00003000 fc:01 25190848   /usr/lib/jvm/java-6-openjdk-i386/jre/lib/i386/libdt_socket.so
b670a000-b670b000 rw-p 00004000 fc:01 25190848   /usr/lib/jvm/java-6-openjdk-i386/jre/lib/i386/libdt_socket.so
b670b000-b6712000 r-xp 00000000 fc:01 25190830   /usr/lib/jvm/java-6-openjdk-i386/jre/lib/i386/libzip.so
b6712000-b6713000 r--p 00006000 fc:01 25190830   /usr/lib/jvm/java-6-openjdk-i386/jre/lib/i386/libzip.so
b6713000-b6714000 rw-p 00007000 fc:01 25190830   /usr/lib/jvm/java-6-openjdk-i386/jre/lib/i386/libzip.so
b6714000-b671c000 rw-s 00000000 fc:04 8388998    /tmp/hsperfdata_gino/8837
b671c000-b6723000 r-xp 00000000 fc:00 8428971    /lib/i386-linux-gnu/librt-2.15.so
b6723000-b6724000 r--p 00006000 fc:00 8428971    /lib/i386-linux-gnu/librt-2.15.so
b6724000-b6725000 rw-p 00007000 fc:00 8428971    /lib/i386-linux-gnu/librt-2.15.so
b6725000-b6728000 ---p 00000000 00:00 0 
b6728000-b6776000 rw-p 00000000 00:00 0 
b6776000-b6792000 r-xp 00000000 fc:00 8429889    /lib/i386-linux-gnu/libgcc_s.so.1
b6792000-b6793000 r--p 0001b000 fc:00 8429889    /lib/i386-linux-gnu/libgcc_s.so.1
b6793000-b6794000 rw-p 0001c000 fc:00 8429889    /lib/i386-linux-gnu/libgcc_s.so.1
b6794000-b67be000 r-xp 00000000 fc:00 8421366    /lib/i386-linux-gnu/libm-2.15.so
b67be000-b67bf000 r--p 00029000 fc:00 8421366    /lib/i386-linux-gnu/libm-2.15.so
b67bf000-b67c0000 rw-p 0002a000 fc:00 8421366    /lib/i386-linux-gnu/libm-2.15.so
b67c0000-b6898000 r-xp 00000000 fc:01 16819594   /usr/lib/i386-linux-gnu/libstdc++.so.6.0.16
b6898000-b6899000 ---p 000d8000 fc:01 16819594   /usr/lib/i386-linux-gnu/libstdc++.so.6.0.16
b6899000-b689d000 r--p 000d8000 fc:01 16819594   /usr/lib/i386-linux-gnu/libstdc++.so.6.0.16
b689d000-b689e000 rw-p 000dc000 fc:01 16819594   /usr/lib/i386-linux-gnu/libstdc++.so.6.0.16
b689e000-b68a5000 rw-p 00000000 00:00 0 
b68a5000-b70c4000 r-xp 00000000 fc:01 25190836   /usr/lib/jvm/java-6-openjdk-i386/jre/lib/i386/server/libjvm.so
b70c4000-b7109000 r--p 0081f000 fc:01 25190836   /usr/lib/jvm/java-6-openjdk-i386/jre/lib/i386/server/libjvm.so
b7109000-b7118000 rw-p 00864000 fc:01 25190836   /usr/lib/jvm/java-6-openjdk-i386/jre/lib/i386/server/libjvm.so
b7118000-b7534000 rw-p 00000000 00:00 0 
b7534000-b7548000 r-xp 00000000 fc:00 8389062    /lib/i386-linux-gnu/libz.so.1.2.3.4
b7548000-b7549000 r--p 00013000 fc:00 8389062    /lib/i386-linux-gnu/libz.so.1.2.3.4
b7549000-b754a000 rw-p 00014000 fc:00 8389062    /lib/i386-linux-gnu/libz.so.1.2.3.4
b754a000-b76ed000 r-xp 00000000 fc:00 8428964    /lib/i386-linux-gnu/libc-2.15.so
b76ed000-b76ef000 r--p 001a3000 fc:00 8428964    /lib/i386-linux-gnu/libc-2.15.so
b76ef000-b76f0000 rw-p 001a5000 fc:00 8428964    /lib/i386-linux-gnu/libc-2.15.so
b76f0000-b76f3000 rw-p 00000000 00:00 0 
b76f3000-b76f6000 r-xp 00000000 fc:00 8428977    /lib/i386-linux-gnu/libdl-2.15.so
b76f6000-b76f7000 r--p 00002000 fc:00 8428977    /lib/i386-linux-gnu/libdl-2.15.so
b76f7000-b76f8000 rw-p 00003000 fc:00 8428977    /lib/i386-linux-gnu/libdl-2.15.so
b76f8000-b76fc000 r-xp 00000000 fc:01 20586      /usr/lib/jvm/java-6-openjdk-i386/jre/lib/i386/jli/libjli.so
b76fc000-b76fd000 r--p 00003000 fc:01 20586      /usr/lib/jvm/java-6-openjdk-i386/jre/lib/i386/jli/libjli.so
b76fd000-b76fe000 rw-p 00004000 fc:01 20586      /usr/lib/jvm/java-6-openjdk-i386/jre/lib/i386/jli/libjli.so
b76fe000-b76ff000 rw-p 00000000 00:00 0 
b76ff000-b7716000 r-xp 00000000 fc:00 8428973    /lib/i386-linux-gnu/libpthread-2.15.so
b7716000-b7717000 r--p 00016000 fc:00 8428973    /lib/i386-linux-gnu/libpthread-2.15.so
b7717000-b7718000 rw-p 00017000 fc:00 8428973    /lib/i386-linux-gnu/libpthread-2.15.so
b7718000-b771a000 rw-p 00000000 00:00 0 
b771a000-b771d000 r-xp 00000000 fc:01 25188538   /usr/lib/jvm/java-6-openjdk-i386/jre/lib/i386/libnpt.so
b771d000-b771e000 r--p 00002000 fc:01 25188538   /usr/lib/jvm/java-6-openjdk-i386/jre/lib/i386/libnpt.so
b771e000-b771f000 rw-p 00003000 fc:01 25188538   /usr/lib/jvm/java-6-openjdk-i386/jre/lib/i386/libnpt.so
b771f000-b7720000 rw-p 00000000 00:00 0 
b7720000-b7721000 r--p 00000000 00:00 0 
b7721000-b772c000 r-xp 00000000 fc:01 25190843   /usr/lib/jvm/java-6-openjdk-i386/jre/lib/i386/libverify.so
b772c000-b772d000 ---p 0000b000 fc:01 25190843   /usr/lib/jvm/java-6-openjdk-i386/jre/lib/i386/libverify.so
b772d000-b772e000 r--p 0000b000 fc:01 25190843   /usr/lib/jvm/java-6-openjdk-i386/jre/lib/i386/libverify.so
b772e000-b772f000 rw-p 0000c000 fc:01 25190843   /usr/lib/jvm/java-6-openjdk-i386/jre/lib/i386/libverify.so
b772f000-b7731000 rw-p 00000000 00:00 0 
b7731000-b7732000 r-xp 00000000 00:00 0          [vdso]
b7732000-b7752000 r-xp 00000000 fc:00 8421369    /lib/i386-linux-gnu/ld-2.15.so
b7752000-b7753000 r--p 0001f000 fc:00 8421369    /lib/i386-linux-gnu/ld-2.15.so
b7753000-b7754000 rw-p 00020000 fc:00 8421369    /lib/i386-linux-gnu/ld-2.15.so
bfc49000-bfc6b000 rw-p 00000000 00:00 0          [stack]

VM Arguments:
jvm_args: -agentlib:jdwp=transport=dt_socket,suspend=y,address=localhost:57721 -Djava.library.path=.:/usr/local/lib/R/site-library/rJava/jri -Dfile.encoding=UTF-8 
java_command: org.openforis.calc.Calc
Launcher Type: SUN_STANDARD

Environment Variables:
PATH=/home/gino/bin:/usr/lib/lightdm/lightdm:/usr/local/sbin:/usr/local/bin:/usr/sbin:/usr/bin:/sbin:/bin:/usr/games
LD_LIBRARY_PATH=/usr/lib/jvm/java-6-openjdk-i386/jre/lib/i386/server:/usr/lib/jvm/java-6-openjdk-i386/jre/lib/i386:/usr/lib/jvm/java-6-openjdk-i386/jre/../lib/i386:/usr/lib/jvm/java-6-openjdk-i386/jre/lib/i386/client:/usr/lib/jvm/java-6-openjdk-i386/jre/lib/i386::@JAVA_LD@
SHELL=/bin/bash
DISPLAY=:0

Signal Handlers:
SIGSEGV: [libjvm.so+0x66b2b0], sa_mask[0]=0x7ffbfeff, sa_flags=0x10000004
SIGBUS: [libjvm.so+0x66b2b0], sa_mask[0]=0x7ffbfeff, sa_flags=0x10000004
SIGFPE: [libjvm.so+0x52e950], sa_mask[0]=0x7ffbfeff, sa_flags=0x10000004
SIGPIPE: [libjvm.so+0x52e950], sa_mask[0]=0x7ffbfeff, sa_flags=0x10000004
SIGXFSZ: [libjvm.so+0x52e950], sa_mask[0]=0x7ffbfeff, sa_flags=0x10000004
SIGILL: [libjvm.so+0x52e950], sa_mask[0]=0x7ffbfeff, sa_flags=0x10000004
SIGUSR1: SIG_DFL, sa_mask[0]=0x00000000, sa_flags=0x00000000
SIGUSR2: [libjvm.so+0x52e7e0], sa_mask[0]=0x00000004, sa_flags=0x10000004
SIGHUP: [libjvm.so+0x531770], sa_mask[0]=0x7ffbfeff, sa_flags=0x10000004
SIGINT: [libjvm.so+0x531770], sa_mask[0]=0x7ffbfeff, sa_flags=0x10000004
SIGTERM: [libjvm.so+0x531770], sa_mask[0]=0x7ffbfeff, sa_flags=0x10000004
SIGQUIT: [libjvm.so+0x531770], sa_mask[0]=0x7ffbfeff, sa_flags=0x10000004


---------------  S Y S T E M  ---------------

OS:Ubuntu 12.04 (precise)
uname:Linux 3.2.0-41-generic-pae #66-Ubuntu SMP Thu Apr 25 03:50:20 UTC 2013 i686
libc:glibc 2.15 NPTL 2.15 
rlimit: STACK 8192k, CORE 0k, NPROC 63432, NOFILE 4096, AS infinity
load average:1.21 0.81 0.79

/proc/meminfo:
MemTotal:        8134976 kB
MemFree:          882552 kB
Buffers:            5504 kB
Cached:          3915328 kB
SwapCached:           44 kB
Active:          4082148 kB
Inactive:        2200000 kB
Active(anon):    2101704 kB
Inactive(anon):   290796 kB
Active(file):    1980444 kB
Inactive(file):  1909204 kB
Unevictable:          48 kB
Mlocked:              48 kB
HighTotal:       7342084 kB
HighFree:         703620 kB
LowTotal:         792892 kB
LowFree:          178932 kB
SwapTotal:      15622140 kB
SwapFree:       15621796 kB
Dirty:               216 kB
Writeback:             0 kB
AnonPages:       2361352 kB
Mapped:           453360 kB
Shmem:             31184 kB
Slab:             377744 kB
SReclaimable:     326952 kB
SUnreclaim:        50792 kB
KernelStack:        5312 kB
PageTables:        21588 kB
NFS_Unstable:          0 kB
Bounce:                0 kB
WritebackTmp:          0 kB
CommitLimit:    19689628 kB
Committed_AS:    5248992 kB
VmallocTotal:     122880 kB
VmallocUsed:       40692 kB
VmallocChunk:      75956 kB
HardwareCorrupted:     0 kB
AnonHugePages:         0 kB
HugePages_Total:       0
HugePages_Free:        0
HugePages_Rsvd:        0
HugePages_Surp:        0
Hugepagesize:       2048 kB
DirectMap4k:        8184 kB
DirectMap2M:      905216 kB


CPU:total 4 (4 cores per cpu, 1 threads per core) family 6 model 23 stepping 10, cmov, cx8, fxsr, mmx, sse, sse2, sse3, ssse3, sse4.1

Memory: 4k page, physical 8134976k(882552k free), swap 15622140k(15621796k free)

vm_info: OpenJDK Server VM (20.0-b12) for linux-x86 JRE (1.6.0_27-b27), built on Apr 25 2013 14:59:06 by "buildd" with gcc 4.6.3

time: Wed Jun 19 09:45:17 2013
elapsed time: 4 seconds

