#
# A fatal error has been detected by the Java Runtime Environment:
#
#  SIGSEGV (0xb) at pc=0x65bad0b4, pid=9120, tid=1759865664
#
# JRE version: 6.0_27-b27
# Java VM: OpenJDK Server VM (20.0-b12 mixed mode linux-x86 )
# Derivative: IcedTea6 1.12.5
# Distribution: Ubuntu 12.04 LTS, package 6b27-1.12.5-0ubuntu0.12.04.1
# Problematic frame:
# C  [libR.so+0xc10b4]  Rf_applyClosure+0x234
#
# If you would like to submit a bug report, please include
# instructions how to reproduce the bug and visit:
#   https://bugs.launchpad.net/ubuntu/+source/openjdk-6/
# The crash happened outside the Java Virtual Machine in native code.
# See problematic frame for where to report the bug.
#

---------------  T H R E A D  ---------------

Current thread (0x6a204400):  JavaThread "Thread-1" [_thread_in_native, id=9149, stack(0x68e06000,0x68e57000)]

siginfo:si_signo=SIGSEGV: si_errno=0, si_code=1 (SEGV_MAPERR), si_addr=0x00000004

Registers:
EAX=0x00000000, EBX=0x65d0eff4, ECX=0x6a436be0, EDX=0x00000000
ESP=0x68e547a0, EBP=0x63afcad4, ESI=0x68e547d0, EDI=0x6a436be0
EIP=0x65bad0b4, EFLAGS=0x00210206, CR2=0x00000004

Top of Stack: (sp=0x68e547a0)
0x68e547a0:   68e547d0 63afcad4 6a4f22e0 6a4f22e0
0x68e547b0:   6a4f2334 63afca80 658a20ec 65bd4c49
0x68e547c0:   6a4f3160 679cf5c4 6a4f330c 63afcad4
0x68e547d0:   00000000 0000000c 63afe394 b763f8b4
0x68e547e0:   64e00000 00000000 00000000 00000065
0x68e547f0:   6a436be0 6a4f2350 65b8ad6b 65d0eff4
0x68e54800:   6a4f3160 679d0478 679ba2a0 65b8d5d5
0x68e54810:   6a4f3160 679cf5c4 00000000 00000000 

Instructions: (pc=0x65bad0b4)
0x65bad094:   0b 89 ca eb b7 8d b4 26 00 00 00 00 8d 74 24 30
0x65bad0a4:   89 34 24 e8 34 44 f5 ff 8b 83 3c fe ff ff 8b 00
0x65bad0b4:   83 78 04 14 0f 84 11 03 00 00 8b 94 24 44 01 00
0x65bad0c4:   00 8b 8c 24 48 01 00 00 8b 84 24 1c 01 00 00 c7 

Register to memory mapping:

EAX=0x00000000 is an unknown value
EBX=0x65d0eff4: <offset 0x222ff4> in /usr/lib/libR.so at 0x65aec000
ECX=0x6a436be0 is an unknown value
EDX=0x00000000 is an unknown value
ESP=0x68e547a0 is pointing into the stack for thread: 0x6a204400
EBP=0x63afcad4 is an unknown value
ESI=0x68e547d0 is pointing into the stack for thread: 0x6a204400
EDI=0x6a436be0 is an unknown value


Stack: [0x68e06000,0x68e57000],  sp=0x68e547a0,  free space=313k
Native frames: (J=compiled Java code, j=interpreted, Vv=VM code, C=native code)
C  [libR.so+0xc10b4]  Rf_applyClosure+0x234

Java frames: (J=compiled Java code, j=interpreted, Vv=VM code)
j  org.rosuda.JRI.Rengine.rniRunMainLoop()V+0
j  org.rosuda.JRI.Rengine.run()V+96
v  ~StubRoutines::call_stub

---------------  P R O C E S S  ---------------

Java Threads: ( => current thread )
  0x63c46c00 JavaThread "Thread-2" [_thread_in_native, id=9150, stack(0x64faf000,0x65000000)]
=>0x6a204400 JavaThread "Thread-1" [_thread_in_native, id=9149, stack(0x68e06000,0x68e57000)]
  0x68519800 JavaThread "SimpleAsyncTaskExecutor-1" [_thread_in_vm, id=9148, stack(0x69c00000,0x69c51000)]
  0xb66d6c00 JavaThread "Low Memory Detector" daemon [_thread_blocked, id=9146, stack(0x6a30d000,0x6a35e000)]
  0xb66d5000 JavaThread "C2 CompilerThread1" daemon [_thread_blocked, id=9145, stack(0x6a0fe000,0x6a17f000)]
  0xb66d3000 JavaThread "C2 CompilerThread0" daemon [_thread_blocked, id=9144, stack(0x6a17f000,0x6a200000)]
  0x6a400800 JavaThread "JDWP Command Reader" daemon [_thread_in_native, id=9139, stack(0x6a35e000,0x6a3af000)]
  0xb66d1400 JavaThread "JDWP Event Helper Thread" daemon [_thread_blocked, id=9138, stack(0x6a517000,0x6a568000)]
  0xb66cec00 JavaThread "JDWP Transport Listener: dt_socket" daemon [_thread_blocked, id=9136, stack(0x6a92e000,0x6a97f000)]
  0xb66c5800 JavaThread "Signal Dispatcher" daemon [_thread_blocked, id=9134, stack(0x6ac2e000,0x6ac7f000)]
  0xb66b6800 JavaThread "Finalizer" daemon [_thread_blocked, id=9133, stack(0x6a3af000,0x6a400000)]
  0xb66b5000 JavaThread "Reference Handler" daemon [_thread_blocked, id=9132, stack(0x6a568000,0x6a5b9000)]
  0xb6609800 JavaThread "main" [_thread_blocked, id=9126, stack(0xb67a4000,0xb67f5000)]

Other Threads:
  0xb66b2400 VMThread [stack: 0x6a5b9000,0x6a63a000] [id=9131]
  0xb66d8c00 WatcherThread [stack: 0x6a07d000,0x6a0fe000] [id=9147]

VM state:not at safepoint (normal execution)

VM Mutex/Monitor currently owned by a thread: None

Heap
 PSYoungGen      total 35584K, used 6530K [0x9ddc0000, 0xa2620000, 0xb3310000)
  eden space 32896K, 11% used [0x9ddc0000,0x9e1811b0,0x9fde0000)
  from space 2688K, 99% used [0x9fde0000,0xa007f670,0xa0080000)
  to   space 4160K, 0% used [0xa2210000,0xa2210000,0xa2620000)
 PSOldGen        total 43712K, used 1373K [0x73310000, 0x75dc0000, 0x9ddc0000)
  object space 43712K, 3% used [0x73310000,0x73467748,0x75dc0000)
 PSPermGen       total 20992K, used 20923K [0x6b310000, 0x6c790000, 0x73310000)
  object space 20992K, 99% used [0x6b310000,0x6c77ed30,0x6c790000)

Code Cache  [0xb33d9000, 0xb3619000, 0xb63d9000)
 total_blobs=450 nmethods=317 adapters=95 free_code_cache=48948288 largest_free_block=12672

Dynamic libraries:
08048000-08051000 r-xp 00000000 fc:01 8435083    /usr/lib/jvm/java-6-openjdk-i386/jre/bin/java
08051000-08052000 r--p 00008000 fc:01 8435083    /usr/lib/jvm/java-6-openjdk-i386/jre/bin/java
08052000-08053000 rw-p 00009000 fc:01 8435083    /usr/lib/jvm/java-6-openjdk-i386/jre/bin/java
08641000-08662000 rw-p 00000000 00:00 0          [heap]
63800000-6385b000 rw-p 00000000 00:00 0 
6385b000-63900000 ---p 00000000 00:00 0 
63a00000-63bbe000 rw-p 00000000 00:00 0 
63bbe000-63c00000 ---p 00000000 00:00 0 
63c00000-63ce5000 rw-p 00000000 00:00 0 
63ce5000-63d00000 ---p 00000000 00:00 0 
63d51000-63e4f000 r-xp 00000000 fc:01 16929333   /usr/lib/i386-linux-gnu/libgfortran.so.3.0.0
63e4f000-63e50000 r--p 000fe000 fc:01 16929333   /usr/lib/i386-linux-gnu/libgfortran.so.3.0.0
63e50000-63e51000 rw-p 000ff000 fc:01 16929333   /usr/lib/i386-linux-gnu/libgfortran.so.3.0.0
63e51000-63e52000 rw-p 00000000 00:00 0 
63e52000-645ef000 r-xp 00000000 fc:01 16930289   /usr/lib/lapack/liblapack.so.3gf.0
645ef000-645f0000 r--p 0079c000 fc:01 16930289   /usr/lib/lapack/liblapack.so.3gf.0
645f0000-645f3000 rw-p 0079d000 fc:01 16930289   /usr/lib/lapack/liblapack.so.3gf.0
645f3000-64700000 rw-p 00000000 00:00 0 
64700000-64771000 rw-p 00000000 00:00 0 
64771000-64800000 ---p 00000000 00:00 0 
648d0000-64a00000 rw-p 00000000 00:00 0 
64a00000-64c00000 rw-p 00000000 00:00 0 
64c00000-64d00000 rw-p 00000000 00:00 0 
64d42000-64d80000 r-xp 00000000 fc:01 8577866    /usr/lib/R/library/grDevices/libs/grDevices.so
64d80000-64d83000 r--p 0003d000 fc:01 8577866    /usr/lib/R/library/grDevices/libs/grDevices.so
64d83000-64d85000 rw-p 00040000 fc:01 8577866    /usr/lib/R/library/grDevices/libs/grDevices.so
64d85000-64d86000 rw-p 00000000 00:00 0 
64e00000-64eeb000 rw-p 00000000 00:00 0 
64eeb000-64f00000 ---p 00000000 00:00 0 
64faf000-64fb2000 ---p 00000000 00:00 0 
64fb2000-65000000 rw-p 00000000 00:00 0 
65000000-650f5000 rw-p 00000000 00:00 0 
650f5000-65100000 ---p 00000000 00:00 0 
65100000-651ca000 rw-p 00000000 00:00 0 
651ca000-65200000 ---p 00000000 00:00 0 
65200000-652fd000 rw-p 00000000 00:00 0 
652fd000-65300000 ---p 00000000 00:00 0 
653f7000-65500000 rw-p 00000000 00:00 0 
65500000-655c2000 rw-p 00000000 00:00 0 
655c2000-65600000 ---p 00000000 00:00 0 
65600000-65700000 rw-p 00000000 00:00 0 
65700000-657ce000 rw-p 00000000 00:00 0 
657ce000-65800000 ---p 00000000 00:00 0 
65800000-658eb000 rw-p 00000000 00:00 0 
658eb000-65900000 ---p 00000000 00:00 0 
65900000-659eb000 rw-p 00000000 00:00 0 
659eb000-65a00000 ---p 00000000 00:00 0 
65aec000-65d0c000 r-xp 00000000 fc:01 25369040   /usr/lib/R/lib/libR.so
65d0c000-65d0f000 r--p 0021f000 fc:01 25369040   /usr/lib/R/lib/libR.so
65d0f000-65d17000 rw-p 00222000 fc:01 25369040   /usr/lib/R/lib/libR.so
65d17000-65e00000 rw-p 00000000 00:00 0 
65e00000-65e85000 rw-p 00000000 00:00 0 
65e85000-65f00000 ---p 00000000 00:00 0 
65f00000-65ffc000 rw-p 00000000 00:00 0 
65ffc000-66000000 ---p 00000000 00:00 0 
66000000-661e0000 rw-p 00000000 00:00 0 
661e0000-66200000 ---p 00000000 00:00 0 
66200000-66300000 rw-p 00000000 00:00 0 
66400000-664eb000 rw-p 00000000 00:00 0 
664eb000-66500000 ---p 00000000 00:00 0 
66500000-665ce000 rw-p 00000000 00:00 0 
665ce000-66600000 ---p 00000000 00:00 0 
66600000-666f8000 rw-p 00000000 00:00 0 
666f8000-66700000 ---p 00000000 00:00 0 
66700000-667f3000 rw-p 00000000 00:00 0 
667f3000-66800000 ---p 00000000 00:00 0 
66800000-668fe000 rw-p 00000000 00:00 0 
668fe000-66900000 ---p 00000000 00:00 0 
66900000-66a00000 rw-p 00000000 00:00 0 
66a00000-66afa000 rw-p 00000000 00:00 0 
66afa000-66b00000 ---p 00000000 00:00 0 
66b00000-66c00000 rw-p 00000000 00:00 0 
66c00000-66cf7000 rw-p 00000000 00:00 0 
66cf7000-66d00000 ---p 00000000 00:00 0 
66d00000-66dff000 rw-p 00000000 00:00 0 
66dff000-66e00000 ---p 00000000 00:00 0 
66e00000-66efa000 rw-p 00000000 00:00 0 
66efa000-66f00000 ---p 00000000 00:00 0 
66f00000-67000000 rw-p 00000000 00:00 0 
67000000-670f9000 rw-p 00000000 00:00 0 
670f9000-67100000 ---p 00000000 00:00 0 
67100000-671ff000 rw-p 00000000 00:00 0 
671ff000-67200000 ---p 00000000 00:00 0 
67200000-672f1000 rw-p 00000000 00:00 0 
672f1000-67300000 ---p 00000000 00:00 0 
67300000-673f1000 rw-p 00000000 00:00 0 
673f1000-67400000 ---p 00000000 00:00 0 
67400000-674fc000 rw-p 00000000 00:00 0 
674fc000-67500000 ---p 00000000 00:00 0 
67500000-675ff000 rw-p 00000000 00:00 0 
675ff000-67600000 ---p 00000000 00:00 0 
67600000-676e7000 rw-p 00000000 00:00 0 
676e7000-67700000 ---p 00000000 00:00 0 
67700000-67800000 rw-p 00000000 00:00 0 
67800000-679f0000 rw-p 00000000 00:00 0 
679f0000-67a00000 ---p 00000000 00:00 0 
67a8c000-67afe000 r-xp 00000000 fc:01 16852581   /usr/lib/i386-linux-gnu/libquadmath.so.0.0.0
67afe000-67aff000 r--p 00071000 fc:01 16852581   /usr/lib/i386-linux-gnu/libquadmath.so.0.0.0
67aff000-67b00000 rw-p 00072000 fc:01 16852581   /usr/lib/i386-linux-gnu/libquadmath.so.0.0.0
67b00000-67bf9000 rw-p 00000000 00:00 0 
67bf9000-67c00000 ---p 00000000 00:00 0 
67c00000-67cff000 rw-p 00000000 00:00 0 
67cff000-67d00000 ---p 00000000 00:00 0 
67d00000-67dff000 rw-p 00000000 00:00 0 
67dff000-67e00000 ---p 00000000 00:00 0 
67e00000-67efc000 rw-p 00000000 00:00 0 
67efc000-67f00000 ---p 00000000 00:00 0 
67f00000-67fff000 rw-p 00000000 00:00 0 
67fff000-68000000 ---p 00000000 00:00 0 
68000000-680f9000 rw-p 00000000 00:00 0 
680f9000-68100000 ---p 00000000 00:00 0 
68100000-68200000 rw-p 00000000 00:00 0 
68200000-68300000 rw-p 00000000 00:00 0 
68300000-683f9000 rw-p 00000000 00:00 0 
683f9000-68400000 ---p 00000000 00:00 0 
68468000-684fe000 r-xp 00000000 fc:01 16972864   /usr/lib/R/library/stats/libs/stats.so
684fe000-684ff000 r--p 00096000 fc:01 16972864   /usr/lib/R/library/stats/libs/stats.so
684ff000-68500000 rw-p 00097000 fc:01 16972864   /usr/lib/R/library/stats/libs/stats.so
68500000-68600000 rw-p 00000000 00:00 0 
68610000-6864e000 r-xp 00000000 fc:01 180946     /usr/lib/R/library/graphics/libs/graphics.so
6864e000-6864f000 r--p 0003d000 fc:01 180946     /usr/lib/R/library/graphics/libs/graphics.so
6864f000-68650000 rw-p 0003e000 fc:01 180946     /usr/lib/R/library/graphics/libs/graphics.so
68650000-68700000 rw-p 00000000 00:00 0 
68700000-687fc000 rw-p 00000000 00:00 0 
687fc000-68800000 ---p 00000000 00:00 0 
68800000-68900000 rw-p 00000000 00:00 0 
68900000-689f9000 rw-p 00000000 00:00 0 
689f9000-68a00000 ---p 00000000 00:00 0 
68a00000-68af9000 rw-p 00000000 00:00 0 
68af9000-68b00000 ---p 00000000 00:00 0 
68b00000-68d00000 rw-p 00000000 00:00 0 
68d00000-68dfd000 rw-p 00000000 00:00 0 
68dfd000-68e00000 ---p 00000000 00:00 0 
68e06000-68e09000 ---p 00000000 00:00 0 
68e09000-68e57000 rw-p 00000000 00:00 0 
68e57000-68e6c000 r-xp 00000000 fc:01 25190851   /usr/lib/jvm/java-6-openjdk-i386/jre/lib/i386/libnet.so
68e6c000-68e6d000 r--p 00014000 fc:01 25190851   /usr/lib/jvm/java-6-openjdk-i386/jre/lib/i386/libnet.so
68e6d000-68e6e000 rw-p 00015000 fc:01 25190851   /usr/lib/jvm/java-6-openjdk-i386/jre/lib/i386/libnet.so
68e74000-68e82000 r-xp 00000000 fc:01 180995     /usr/local/lib/R/site-library/rJava/libs/rJava.so
68e82000-68e83000 r--p 0000d000 fc:01 180995     /usr/local/lib/R/site-library/rJava/libs/rJava.so
68e83000-68e84000 rw-p 0000e000 fc:01 180995     /usr/local/lib/R/site-library/rJava/libs/rJava.so
68e84000-68ea0000 r-xp 00000000 fc:00 8403951    /lib/i386-linux-gnu/libtinfo.so.5.9
68ea0000-68ea2000 r--p 0001b000 fc:00 8403951    /lib/i386-linux-gnu/libtinfo.so.5.9
68ea2000-68ea3000 rw-p 0001d000 fc:00 8403951    /lib/i386-linux-gnu/libtinfo.so.5.9
68ea3000-68eb1000 r-xp 00000000 fc:01 16852035   /usr/lib/i386-linux-gnu/libgomp.so.1.0.0
68eb1000-68eb2000 r--p 0000d000 fc:01 16852035   /usr/lib/i386-linux-gnu/libgomp.so.1.0.0
68eb2000-68eb3000 rw-p 0000e000 fc:01 16852035   /usr/lib/i386-linux-gnu/libgomp.so.1.0.0
68eb3000-68ec2000 r-xp 00000000 fc:00 8388799    /lib/i386-linux-gnu/libbz2.so.1.0.4
68ec2000-68ec3000 r--p 0000e000 fc:00 8388799    /lib/i386-linux-gnu/libbz2.so.1.0.4
68ec3000-68ec4000 rw-p 0000f000 fc:00 8388799    /lib/i386-linux-gnu/libbz2.so.1.0.4
68ec4000-68efe000 r-xp 00000000 fc:00 8388922    /lib/i386-linux-gnu/libpcre.so.3.12.1
68efe000-68eff000 r--p 00039000 fc:00 8388922    /lib/i386-linux-gnu/libpcre.so.3.12.1
68eff000-68f00000 rw-p 0003a000 fc:00 8388922    /lib/i386-linux-gnu/libpcre.so.3.12.1
68f00000-69000000 rw-p 00000000 00:00 0 
6900d000-69032000 r-xp 00000000 fc:01 16818872   /usr/lib/i386-linux-gnu/liblzma.so.5.0.0
69032000-69033000 r--p 00024000 fc:01 16818872   /usr/lib/i386-linux-gnu/liblzma.so.5.0.0
69033000-69034000 rw-p 00025000 fc:01 16818872   /usr/lib/i386-linux-gnu/liblzma.so.5.0.0
69034000-69069000 r-xp 00000000 fc:00 8389077    /lib/i386-linux-gnu/libreadline.so.6.2
69069000-6906a000 r--p 00035000 fc:00 8389077    /lib/i386-linux-gnu/libreadline.so.6.2
6906a000-6906d000 rw-p 00036000 fc:00 8389077    /lib/i386-linux-gnu/libreadline.so.6.2
6906d000-6906e000 rw-p 00000000 00:00 0 
6906e000-690e9000 r-xp 00000000 fc:01 16930255   /usr/lib/libblas/libblas.so.3gf.0
690e9000-690ea000 r--p 0007a000 fc:01 16930255   /usr/lib/libblas/libblas.so.3gf.0
690ea000-690eb000 rw-p 0007b000 fc:01 16930255   /usr/lib/libblas/libblas.so.3gf.0
690eb000-690f2000 r-xp 00000000 fc:01 16972661   /usr/lib/R/library/methods/libs/methods.so
690f2000-690f3000 r--p 00006000 fc:01 16972661   /usr/lib/R/library/methods/libs/methods.so
690f3000-690f4000 rw-p 00007000 fc:01 16972661   /usr/lib/R/library/methods/libs/methods.so
690f4000-690fd000 r-xp 00000000 fc:01 25413588   /usr/lib/R/library/utils/libs/utils.so
690fd000-690fe000 r--p 00009000 fc:01 25413588   /usr/lib/R/library/utils/libs/utils.so
690fe000-690ff000 rw-p 0000a000 fc:01 25413588   /usr/lib/R/library/utils/libs/utils.so
690ff000-69100000 rw-p 00000000 00:00 0 
69100000-691f8000 rw-p 00000000 00:00 0 
691f8000-69200000 ---p 00000000 00:00 0 
69200000-69300000 rw-p 00000000 00:00 0 
69300000-694fa000 rw-p 00000000 00:00 0 
694fa000-69500000 ---p 00000000 00:00 0 
69500000-69600000 rw-p 00000000 00:00 0 
69600000-696f8000 rw-p 00000000 00:00 0 
696f8000-69700000 ---p 00000000 00:00 0 
69700000-697fb000 rw-p 00000000 00:00 0 
697fb000-69800000 ---p 00000000 00:00 0 
69800000-698fd000 rw-p 00000000 00:00 0 
698fd000-69900000 ---p 00000000 00:00 0 
69900000-699ed000 rw-p 00000000 00:00 0 
699ed000-69a00000 ---p 00000000 00:00 0 
69a00000-69af2000 rw-p 00000000 00:00 0 
69af2000-69b00000 ---p 00000000 00:00 0 
69b00000-69c00000 rw-p 00000000 00:00 0 
69c00000-69c03000 ---p 00000000 00:00 0 
69c03000-69c51000 rw-p 00000000 00:00 0 
69c51000-69c64000 r-xp 00000000 fc:00 8428969    /lib/i386-linux-gnu/libresolv-2.15.so
69c64000-69c65000 ---p 00013000 fc:00 8428969    /lib/i386-linux-gnu/libresolv-2.15.so
69c65000-69c66000 r--p 00013000 fc:00 8428969    /lib/i386-linux-gnu/libresolv-2.15.so
69c66000-69c67000 rw-p 00014000 fc:00 8428969    /lib/i386-linux-gnu/libresolv-2.15.so
69c67000-69c69000 rw-p 00000000 00:00 0 
69c69000-69c6b000 r--s 00005000 fc:05 404305821  /home/gino/.m2/repository/org/slf4j/slf4j-api/1.7.5/slf4j-api-1.7.5.jar
69c6b000-69c6d000 r--s 0000e000 fc:05 138801852  /home/gino/.m2/repository/oro/oro/2.0.8/oro-2.0.8.jar
69c6d000-69c6f000 r--s 00005000 fc:05 270969556  /home/gino/.m2/repository/stax/stax-api/1.0.1/stax-api-1.0.1.jar
69c6f000-69c71000 r--s 00005000 fc:05 270969550  /home/gino/.m2/repository/commons-logging/commons-logging-api/1.0.4/commons-logging-api-1.0.4.jar
69c71000-69c75000 r--s 0002f000 fc:05 36880136   /home/gino/.m2/repository/commons-lang/commons-lang/2.1/commons-lang-2.1.jar
69c75000-69c7a000 r--s 00016000 fc:05 404307056  /home/gino/.m2/repository/xml-apis/xml-apis/1.0.b2/xml-apis-1.0.b2.jar
69c7a000-69c7e000 r--s 0001f000 fc:05 270969552  /home/gino/.m2/repository/commons-digester/commons-digester/1.7/commons-digester-1.7.jar
69c7e000-69c82000 r--s 00026000 fc:05 404307053  /home/gino/.m2/repository/commons-beanutils/commons-beanutils-core/1.7.0/commons-beanutils-core-1.7.0.jar
69c82000-69c88000 r--s 00036000 fc:05 36880132   /home/gino/.m2/repository/commons-betwixt/commons-betwixt/0.8/commons-betwixt-0.8.jar
69c88000-69c8d000 r--s 0002a000 fc:05 36880133   /home/gino/.m2/repository/commons-beanutils/commons-beanutils/1.7.0/commons-beanutils-1.7.0.jar
69c8d000-69c93000 r--s 00051000 fc:05 404305850  /home/gino/.m2/repository/org/apache/ddlutils/ddlutils/1.0/ddlutils-1.0.jar
69c93000-69c96000 r--s 00011000 fc:05 17547805   /home/gino/.m2/repository/org/hibernate/common/hibernate-commons-annotations/4.0.1.Final/hibernate-commons-annotations-4.0.1.Final.jar
69c96000-69c9f000 r--s 00096000 fc:05 138539094  /home/gino/.m2/repository/org/javassist/javassist/3.15.0-GA/javassist-3.15.0-GA.jar
69c9f000-69ca4000 r--s 00015000 fc:05 29716548   /home/gino/.m2/repository/org/hibernate/javax/persistence/hibernate-jpa-2.0-api/1.0.1.Final/hibernate-jpa-2.0-api-1.0.1.Final.jar
69ca4000-69ca6000 r--s 00005000 fc:05 271073938  /home/gino/.m2/repository/org/jboss/spec/javax/transaction/jboss-transaction-api_1.1_spec/1.0.1.Final/jboss-transaction-api_1.1_spec-1.0.1.Final.jar
69ca6000-69cab000 r--s 00048000 fc:05 290970     /home/gino/.m2/repository/dom4j/dom4j/1.6.1/dom4j-1.6.1.jar
69cab000-69cb0000 r--s 00068000 fc:05 135962659  /home/gino/.m2/repository/antlr/antlr/2.7.7/antlr-2.7.7.jar
69cb0000-69d00000 r--s 00417000 fc:05 138539093  /home/gino/.m2/repository/org/hibernate/hibernate-core/4.2.1.Final/hibernate-core-4.2.1.Final.jar
69d00000-69e00000 rw-p 00000000 00:00 0 
69e00000-69ef9000 rw-p 00000000 00:00 0 
69ef9000-69f00000 ---p 00000000 00:00 0 
69f00000-6a000000 rw-p 00000000 00:00 0 
6a003000-6a008000 r-xp 00000000 fc:00 8428970    /lib/i386-linux-gnu/libnss_dns-2.15.so
6a008000-6a009000 r--p 00004000 fc:00 8428970    /lib/i386-linux-gnu/libnss_dns-2.15.so
6a009000-6a00a000 rw-p 00005000 fc:00 8428970    /lib/i386-linux-gnu/libnss_dns-2.15.so
6a00e000-6a015000 r--s 00000000 fc:01 25276898   /usr/lib/i386-linux-gnu/gconv/gconv-modules.cache
6a015000-6a01d000 r-xp 00000000 fc:01 8577916    /usr/local/lib/R/site-library/rJava/jri/libjri.so
6a01d000-6a01e000 r--p 00008000 fc:01 8577916    /usr/local/lib/R/site-library/rJava/jri/libjri.so
6a01e000-6a01f000 rw-p 00009000 fc:01 8577916    /usr/local/lib/R/site-library/rJava/jri/libjri.so
6a01f000-6a021000 r--s 0000d000 fc:05 138539091  /home/gino/.m2/repository/org/jboss/logging/jboss-logging/3.1.0.GA/jboss-logging-3.1.0.GA.jar
6a021000-6a02b000 r--s 0006d000 fc:05 138539090  /home/gino/.m2/repository/org/hibernate/hibernate-entitymanager/4.2.1.Final/hibernate-entitymanager-4.2.1.Final.jar
6a02b000-6a02c000 r--s 00001000 fc:05 270969544  /home/gino/.m2/repository/javax/annotation/jsr250-api/1.0/jsr250-api-1.0.jar
6a02c000-6a02d000 r--s 00003000 fc:05 404303561  /home/gino/.m2/repository/net/sf/opencsv/opencsv/2.0/opencsv-2.0.jar
6a02d000-6a02e000 r--s 0000a000 fc:05 404296235  /home/gino/.m2/repository/net/sf/kxml/kxml2/2.3.0/kxml2-2.3.0.jar
6a02e000-6a031000 r--s 00015000 fc:05 36839551   /home/gino/.m2/repository/commons-pool/commons-pool/1.5.4/commons-pool-1.5.4.jar
6a031000-6a034000 r--s 00025000 fc:05 36839549   /home/gino/.m2/repository/commons-dbcp/commons-dbcp/1.4/commons-dbcp-1.4.jar
6a034000-6a035000 r--s 00000000 fc:05 136643399  /home/gino/.m2/repository/org/postgis/postgis-stubs/1.3.3/postgis-stubs-1.3.3.jar
6a035000-6a037000 r--s 00011000 fc:05 136357405  /home/gino/.m2/repository/org/postgis/postgis-jdbc/1.3.3/postgis-jdbc-1.3.3.jar
6a037000-6a03d000 r--s 00081000 fc:05 270969539  /home/gino/.m2/repository/postgresql/postgresql/9.1-901-1.jdbc4/postgresql-9.1-901-1.jdbc4.jar
6a03d000-6a04a000 r--s 000c2000 fc:05 404305796  /home/gino/.m2/repository/org/jooq/jooq/2.6.0/jooq-2.6.0.jar
6a04a000-6a054000 r--s 00059000 fc:05 136643401  /home/gino/.m2/repository/org/springframework/spring-jdbc/3.1.0.RELEASE/spring-jdbc-3.1.0.RELEASE.jar
6a054000-6a05d000 r--s 00054000 fc:05 404303609  /home/gino/.m2/repository/org/springframework/spring-orm/3.1.0.RELEASE/spring-orm-3.1.0.RELEASE.jar
6a05d000-6a05f000 r--s 00000000 fc:05 404239869  /home/gino/.m2/repository/aopalliance/aopalliance/1.0/aopalliance-1.0.jar
6a05f000-6a067000 r--s 00035000 fc:05 402687200  /home/gino/.m2/repository/org/springframework/spring-tx/3.1.0.RELEASE/spring-tx-3.1.0.RELEASE.jar
6a067000-6a06c000 r--s 00027000 fc:05 404226976  /home/gino/.m2/repository/org/springframework/spring-expression/3.1.0.RELEASE/spring-expression-3.1.0.RELEASE.jar
6a06c000-6a072000 r--s 000fc000 fc:01 25190827   /usr/lib/jvm/java-6-openjdk-common/jre/lib/resources.jar
6a072000-6a07d000 r--s 00062000 fc:05 402832478  /home/gino/.m2/repository/org/springframework/spring-core/3.1.0.RELEASE/spring-core-3.1.0.RELEASE.jar
6a07d000-6a07e000 ---p 00000000 00:00 0 
6a07e000-6a0fe000 rw-p 00000000 00:00 0 
6a0fe000-6a101000 ---p 00000000 00:00 0 
6a101000-6a17f000 rw-p 00000000 00:00 0 
6a17f000-6a182000 ---p 00000000 00:00 0 
6a182000-6a200000 rw-p 00000000 00:00 0 
6a200000-6a300000 rw-p 00000000 00:00 0 
6a300000-6a301000 rw-p 00000000 00:00 0 
6a301000-6a30d000 r--s 00084000 fc:05 136074270  /home/gino/.m2/repository/org/springframework/spring-beans/3.1.0.RELEASE/spring-beans-3.1.0.RELEASE.jar
6a30d000-6a310000 ---p 00000000 00:00 0 
6a310000-6a35e000 rw-p 00000000 00:00 0 
6a35e000-6a361000 ---p 00000000 00:00 0 
6a361000-6a3af000 rw-p 00000000 00:00 0 
6a3af000-6a3b2000 ---p 00000000 00:00 0 
6a3b2000-6a400000 rw-p 00000000 00:00 0 
6a400000-6a4f6000 rw-p 00000000 00:00 0 
6a4f6000-6a500000 ---p 00000000 00:00 0 
6a500000-6a501000 rw-p 00000000 00:00 0 
6a501000-6a502000 r--p 00000000 fc:01 25370560   /usr/lib/R/library/translations/en/LC_MESSAGES/R.mo
6a502000-6a517000 r--s 000b6000 fc:05 136356716  /home/gino/.m2/repository/org/springframework/spring-context/3.1.0.RELEASE/spring-context-3.1.0.RELEASE.jar
6a517000-6a51a000 ---p 00000000 00:00 0 
6a51a000-6a568000 rw-p 00000000 00:00 0 
6a568000-6a56b000 ---p 00000000 00:00 0 
6a56b000-6a5b9000 rw-p 00000000 00:00 0 
6a5b9000-6a5ba000 ---p 00000000 00:00 0 
6a5ba000-6a66d000 rw-p 00000000 00:00 0 
6a66d000-6a800000 r--s 037db000 fc:01 16844303   /usr/lib/jvm/java-6-openjdk-i386/jre/lib/rt.jar
6a800000-6a8f6000 rw-p 00000000 00:00 0 
6a8f6000-6a900000 ---p 00000000 00:00 0 
6a900000-6a902000 r-xp 00000000 fc:00 9174       /lib/libnss_mdns4_minimal.so.2
6a902000-6a903000 r--p 00001000 fc:00 9174       /lib/libnss_mdns4_minimal.so.2
6a903000-6a904000 rw-p 00002000 fc:00 9174       /lib/libnss_mdns4_minimal.so.2
6a904000-6a915000 r--s 000d2000 fc:05 2562627    /home/gino/.m2/repository/org/liquibase/liquibase-core/2.0.5/liquibase-core-2.0.5.jar
6a915000-6a92e000 r--s 0015f000 fc:05 136048990  /home/gino/.m2/repository/org/apache/lucene/lucene-core/3.6.1/lucene-core-3.6.1.jar
6a92e000-6a931000 ---p 00000000 00:00 0 
6a931000-6a97f000 rw-p 00000000 00:00 0 
6a97f000-6a980000 ---p 00000000 00:00 0 
6a980000-6aa00000 rw-p 00000000 00:00 0 
6aa00000-6aa21000 rw-p 00000000 00:00 0 
6aa21000-6ab00000 ---p 00000000 00:00 0 
6ab00000-6abfe000 rw-p 00000000 00:00 0 
6abfe000-6ac00000 ---p 00000000 00:00 0 
6ac00000-6ac01000 r--s 00010000 fc:05 402867801  /home/gino/.m2/repository/net/rforge/jri/0.5-5/jri-0.5-5.jar
6ac01000-6ac02000 r--s 00003000 fc:05 17546914   /home/gino/.m2/repository/com/googlecode/json-simple/json-simple/1.1/json-simple-1.1.jar
6ac02000-6ac03000 r--s 0000c000 fc:05 404192471  /home/gino/.m2/repository/org/springframework/spring-asm/3.1.0.RELEASE/spring-asm-3.1.0.RELEASE.jar
6ac03000-6ac06000 r--s 0007f000 fc:01 25188533   /usr/lib/jvm/java-6-openjdk-common/jre/lib/jsse.jar
6ac06000-6ac0e000 r--s 00049000 fc:05 136069744  /home/gino/.m2/repository/org/springframework/spring-aop/3.1.0.RELEASE/spring-aop-3.1.0.RELEASE.jar
6ac0e000-6ac0f000 r--s 00002000 fc:05 269170072  /home/gino/.m2/repository/org/openforis/commons/commons-io/0.0.3/commons-io-0.0.3.jar
6ac0f000-6ac10000 r--s 00000000 fc:05 2635751    /home/gino/.m2/repository/org/openforis/commons/commons-collections/0.0.3/commons-collections-0.0.3.jar
6ac10000-6ac11000 r--s 00001000 fc:05 270969530  /home/gino/.m2/repository/xmlpull/xmlpull/1.1.3.4a/xmlpull-1.1.3.4a.jar
6ac11000-6ac12000 r--s 0000a000 fc:05 136048988  /home/gino/.m2/repository/asm/asm/3.3.1/asm-3.3.1.jar
6ac12000-6ac19000 r--s 00040000 fc:05 270969528  /home/gino/.m2/repository/cglib/cglib/2.2.2/cglib-2.2.2.jar
6ac19000-6ac20000 r--s 00051000 fc:05 402832460  /home/gino/.m2/repository/log4j/log4j/1.2.12/log4j-1.2.12.jar
6ac20000-6ac2e000 r--s 0007f000 fc:05 36839539   /home/gino/.m2/repository/commons-collections/commons-collections/3.2.1/commons-collections-3.2.1.jar
6ac2e000-6ac31000 ---p 00000000 00:00 0 
6ac31000-6ac7f000 rw-p 00000000 00:00 0 
6ac7f000-6ac80000 ---p 00000000 00:00 0 
6ac80000-6ad00000 rw-p 00000000 00:00 0 
6ad00000-6adfa000 rw-p 00000000 00:00 0 
6adfa000-6ae00000 ---p 00000000 00:00 0 
6ae00000-6ae06000 r--s 00033000 fc:05 36839540   /home/gino/.m2/repository/commons-codec/commons-codec/1.6/commons-codec-1.6.jar
6ae06000-6ae0c000 r--s 00048000 fc:05 136048987  /home/gino/.m2/repository/org/apache/commons/commons-lang3/3.1/commons-lang3-3.1.jar
6ae0c000-6ae0e000 r--s 0000d000 fc:05 270969526  /home/gino/.m2/repository/commons-logging/commons-logging/1.1.1/commons-logging-1.1.1.jar
6ae0e000-6ae0f000 r--s 00003000 fc:05 136048985  /home/gino/.m2/repository/com/dyuproject/protostuff/protostuff-xml/1.0.4/protostuff-xml-1.0.4.jar
6ae0f000-6ae12000 r--s 0000a000 fc:05 402832454  /home/gino/.m2/repository/com/dyuproject/protostuff/protostuff-collectionschema/1.0.4/protostuff-collectionschema-1.0.4.jar
6ae12000-6ae18000 r--s 00038000 fc:05 136048983  /home/gino/.m2/repository/com/dyuproject/protostuff/protostuff-runtime/1.0.4/protostuff-runtime-1.0.4.jar
6ae18000-6ae1a000 r--s 0000a000 fc:05 402832449  /home/gino/.m2/repository/com/dyuproject/protostuff/protostuff-core/1.0.4/protostuff-core-1.0.4.jar
6ae1a000-6ae1c000 r--s 0000a000 fc:05 402832450  /home/gino/.m2/repository/com/dyuproject/protostuff/protostuff-api/1.0.4/protostuff-api-1.0.4.jar
6ae1c000-6ae1d000 r--s 00002000 fc:05 136034139  /home/gino/.m2/repository/org/openforis/idm/idm-api-protostuff/3.0-CR1-SNAPSHOT/idm-api-protostuff-3.0-CR1-SNAPSHOT.jar
6ae1d000-6ae20000 r--s 00024000 fc:05 156413788  /home/gino/.m2/repository/commons-io/commons-io/2.0.1/commons-io-2.0.1.jar
6ae20000-6ae26000 r--s 00045000 fc:05 404408435  /home/gino/.m2/repository/commons-jxpath/commons-jxpath/1.4-20120215/commons-jxpath-1.4-20120215.jar
6ae26000-6ae31000 r--s 0006d000 fc:05 49226      /home/gino/.m2/repository/org/openforis/idm/idm-api/3.0-CR1-SNAPSHOT/idm-api-3.0-CR1-SNAPSHOT.jar
6ae31000-6ae37000 r--s 00046000 fc:05 269113044  /home/gino/.m2/repository/org/openforis/collect/collect-core/3.0-CR1-SNAPSHOT/collect-core-3.0-CR1-SNAPSHOT.jar
6ae37000-6ae38000 ---p 00000000 00:00 0 
6ae38000-6aeb8000 rw-p 00000000 00:00 0 
6aeb8000-6aeb9000 ---p 00000000 00:00 0 
6aeb9000-6af44000 rw-p 00000000 00:00 0 
6af44000-6af79000 rw-p 00000000 00:00 0 
6af79000-6af8f000 rw-p 00000000 00:00 0 
6af8f000-6b0cf000 rw-p 00000000 00:00 0 
6b0cf000-6b0da000 rw-p 00000000 00:00 0 
6b0da000-6b10f000 rw-p 00000000 00:00 0 
6b10f000-6b125000 rw-p 00000000 00:00 0 
6b125000-6b264000 rw-p 00000000 00:00 0 
6b264000-6b289000 rw-p 00000000 00:00 0 
6b289000-6b30f000 rw-p 00000000 00:00 0 
6b30f000-6c790000 rw-p 00000000 00:00 0 
6c790000-73310000 rw-p 00000000 00:00 0 
73310000-75dc0000 rw-p 00000000 00:00 0 
75dc0000-9ddc0000 rw-p 00000000 00:00 0 
9ddc0000-a2620000 rw-p 00000000 00:00 0 
a2620000-b3310000 rw-p 00000000 00:00 0 
b3310000-b3311000 r--s 00007000 fc:01 16929324   /usr/share/java/java-atk-wrapper.jar
b3311000-b3313000 r--s 00001000 fc:01 25190823   /usr/lib/jvm/java-6-openjdk-common/jre/lib/ext/dnsns.jar
b3313000-b3316000 r--s 00031000 fc:01 25190822   /usr/lib/jvm/java-6-openjdk-common/jre/lib/ext/sunjce_provider.jar
b3316000-b3319000 r--s 00077000 fc:01 25190821   /usr/lib/jvm/java-6-openjdk-common/jre/lib/ext/localedata.jar
b3319000-b3322000 rw-p 00000000 00:00 0 
b3322000-b33d9000 rw-p 00000000 00:00 0 
b33d9000-b3619000 rwxp 00000000 00:00 0 
b3619000-b63d9000 rw-p 00000000 00:00 0 
b63d9000-b63e4000 r-xp 00000000 fc:00 8428968    /lib/i386-linux-gnu/libnss_files-2.15.so
b63e4000-b63e5000 r--p 0000a000 fc:00 8428968    /lib/i386-linux-gnu/libnss_files-2.15.so
b63e5000-b63e6000 rw-p 0000b000 fc:00 8428968    /lib/i386-linux-gnu/libnss_files-2.15.so
b63e6000-b63fc000 r-xp 00000000 fc:00 8428982    /lib/i386-linux-gnu/libnsl-2.15.so
b63fc000-b63fd000 r--p 00015000 fc:00 8428982    /lib/i386-linux-gnu/libnsl-2.15.so
b63fd000-b63fe000 rw-p 00016000 fc:00 8428982    /lib/i386-linux-gnu/libnsl-2.15.so
b63fe000-b6400000 rw-p 00000000 00:00 0 
b6400000-b6600000 r--p 00000000 fc:01 25172796   /usr/lib/locale/locale-archive
b6600000-b66fc000 rw-p 00000000 00:00 0 
b66fc000-b6700000 ---p 00000000 00:00 0 
b6700000-b6702000 r--s 0000f000 fc:01 25190824   /usr/lib/jvm/java-6-openjdk-common/jre/lib/ext/pulse-java.jar
b6702000-b6706000 r-xp 00000000 fc:01 25190848   /usr/lib/jvm/java-6-openjdk-i386/jre/lib/i386/libdt_socket.so
b6706000-b6707000 r--p 00003000 fc:01 25190848   /usr/lib/jvm/java-6-openjdk-i386/jre/lib/i386/libdt_socket.so
b6707000-b6708000 rw-p 00004000 fc:01 25190848   /usr/lib/jvm/java-6-openjdk-i386/jre/lib/i386/libdt_socket.so
b6708000-b6712000 r-xp 00000000 fc:00 8428972    /lib/i386-linux-gnu/libnss_nis-2.15.so
b6712000-b6713000 r--p 00009000 fc:00 8428972    /lib/i386-linux-gnu/libnss_nis-2.15.so
b6713000-b6714000 rw-p 0000a000 fc:00 8428972    /lib/i386-linux-gnu/libnss_nis-2.15.so
b6714000-b671b000 r-xp 00000000 fc:00 8428966    /lib/i386-linux-gnu/libnss_compat-2.15.so
b671b000-b671c000 r--p 00006000 fc:00 8428966    /lib/i386-linux-gnu/libnss_compat-2.15.so
b671c000-b671d000 rw-p 00007000 fc:00 8428966    /lib/i386-linux-gnu/libnss_compat-2.15.so
b671d000-b6721000 r--s 00039000 fc:01 25190820   /usr/lib/jvm/java-6-openjdk-common/jre/lib/ext/sunpkcs11.jar
b6721000-b6728000 r-xp 00000000 fc:01 25190830   /usr/lib/jvm/java-6-openjdk-i386/jre/lib/i386/libzip.so
b6728000-b6729000 r--p 00006000 fc:01 25190830   /usr/lib/jvm/java-6-openjdk-i386/jre/lib/i386/libzip.so
b6729000-b672a000 rw-p 00007000 fc:01 25190830   /usr/lib/jvm/java-6-openjdk-i386/jre/lib/i386/libzip.so
b672a000-b6732000 rw-s 00000000 fc:04 8389001    /tmp/hsperfdata_gino/9120
b6732000-b6770000 r-xp 00000000 fc:01 25190849   /usr/lib/jvm/java-6-openjdk-i386/jre/lib/i386/libjdwp.so
b6770000-b6771000 r--p 0003d000 fc:01 25190849   /usr/lib/jvm/java-6-openjdk-i386/jre/lib/i386/libjdwp.so
b6771000-b6772000 rw-p 0003e000 fc:01 25190849   /usr/lib/jvm/java-6-openjdk-i386/jre/lib/i386/libjdwp.so
b6772000-b6798000 r-xp 00000000 fc:01 25188539   /usr/lib/jvm/java-6-openjdk-i386/jre/lib/i386/libjava.so
b6798000-b6799000 r--p 00025000 fc:01 25188539   /usr/lib/jvm/java-6-openjdk-i386/jre/lib/i386/libjava.so
b6799000-b679b000 rw-p 00026000 fc:01 25188539   /usr/lib/jvm/java-6-openjdk-i386/jre/lib/i386/libjava.so
b679b000-b67a2000 r-xp 00000000 fc:00 8428971    /lib/i386-linux-gnu/librt-2.15.so
b67a2000-b67a3000 r--p 00006000 fc:00 8428971    /lib/i386-linux-gnu/librt-2.15.so
b67a3000-b67a4000 rw-p 00007000 fc:00 8428971    /lib/i386-linux-gnu/librt-2.15.so
b67a4000-b67a7000 ---p 00000000 00:00 0 
b67a7000-b67f5000 rw-p 00000000 00:00 0 
b67f5000-b6811000 r-xp 00000000 fc:00 8429889    /lib/i386-linux-gnu/libgcc_s.so.1
b6811000-b6812000 r--p 0001b000 fc:00 8429889    /lib/i386-linux-gnu/libgcc_s.so.1
b6812000-b6813000 rw-p 0001c000 fc:00 8429889    /lib/i386-linux-gnu/libgcc_s.so.1
b6813000-b683d000 r-xp 00000000 fc:00 8421366    /lib/i386-linux-gnu/libm-2.15.so
b683d000-b683e000 r--p 00029000 fc:00 8421366    /lib/i386-linux-gnu/libm-2.15.so
b683e000-b683f000 rw-p 0002a000 fc:00 8421366    /lib/i386-linux-gnu/libm-2.15.so
b683f000-b6917000 r-xp 00000000 fc:01 16819594   /usr/lib/i386-linux-gnu/libstdc++.so.6.0.16
b6917000-b6918000 ---p 000d8000 fc:01 16819594   /usr/lib/i386-linux-gnu/libstdc++.so.6.0.16
b6918000-b691c000 r--p 000d8000 fc:01 16819594   /usr/lib/i386-linux-gnu/libstdc++.so.6.0.16
b691c000-b691d000 rw-p 000dc000 fc:01 16819594   /usr/lib/i386-linux-gnu/libstdc++.so.6.0.16
b691d000-b6924000 rw-p 00000000 00:00 0 
b6924000-b7143000 r-xp 00000000 fc:01 25190836   /usr/lib/jvm/java-6-openjdk-i386/jre/lib/i386/server/libjvm.so
b7143000-b7188000 r--p 0081f000 fc:01 25190836   /usr/lib/jvm/java-6-openjdk-i386/jre/lib/i386/server/libjvm.so
b7188000-b7197000 rw-p 00864000 fc:01 25190836   /usr/lib/jvm/java-6-openjdk-i386/jre/lib/i386/server/libjvm.so
b7197000-b75b3000 rw-p 00000000 00:00 0 
b75b3000-b75c7000 r-xp 00000000 fc:00 8389062    /lib/i386-linux-gnu/libz.so.1.2.3.4
b75c7000-b75c8000 r--p 00013000 fc:00 8389062    /lib/i386-linux-gnu/libz.so.1.2.3.4
b75c8000-b75c9000 rw-p 00014000 fc:00 8389062    /lib/i386-linux-gnu/libz.so.1.2.3.4
b75c9000-b776c000 r-xp 00000000 fc:00 8428964    /lib/i386-linux-gnu/libc-2.15.so
b776c000-b776e000 r--p 001a3000 fc:00 8428964    /lib/i386-linux-gnu/libc-2.15.so
b776e000-b776f000 rw-p 001a5000 fc:00 8428964    /lib/i386-linux-gnu/libc-2.15.so
b776f000-b7772000 rw-p 00000000 00:00 0 
b7772000-b7775000 r-xp 00000000 fc:00 8428977    /lib/i386-linux-gnu/libdl-2.15.so
b7775000-b7776000 r--p 00002000 fc:00 8428977    /lib/i386-linux-gnu/libdl-2.15.so
b7776000-b7777000 rw-p 00003000 fc:00 8428977    /lib/i386-linux-gnu/libdl-2.15.so
b7777000-b777b000 r-xp 00000000 fc:01 20586      /usr/lib/jvm/java-6-openjdk-i386/jre/lib/i386/jli/libjli.so
b777b000-b777c000 r--p 00003000 fc:01 20586      /usr/lib/jvm/java-6-openjdk-i386/jre/lib/i386/jli/libjli.so
b777c000-b777d000 rw-p 00004000 fc:01 20586      /usr/lib/jvm/java-6-openjdk-i386/jre/lib/i386/jli/libjli.so
b777d000-b777e000 rw-p 00000000 00:00 0 
b777e000-b7795000 r-xp 00000000 fc:00 8428973    /lib/i386-linux-gnu/libpthread-2.15.so
b7795000-b7796000 r--p 00016000 fc:00 8428973    /lib/i386-linux-gnu/libpthread-2.15.so
b7796000-b7797000 rw-p 00017000 fc:00 8428973    /lib/i386-linux-gnu/libpthread-2.15.so
b7797000-b7799000 rw-p 00000000 00:00 0 
b7799000-b779c000 r-xp 00000000 fc:01 25188538   /usr/lib/jvm/java-6-openjdk-i386/jre/lib/i386/libnpt.so
b779c000-b779d000 r--p 00002000 fc:01 25188538   /usr/lib/jvm/java-6-openjdk-i386/jre/lib/i386/libnpt.so
b779d000-b779e000 rw-p 00003000 fc:01 25188538   /usr/lib/jvm/java-6-openjdk-i386/jre/lib/i386/libnpt.so
b779e000-b779f000 rw-p 00000000 00:00 0 
b779f000-b77a0000 r--p 00000000 00:00 0 
b77a0000-b77ab000 r-xp 00000000 fc:01 25190843   /usr/lib/jvm/java-6-openjdk-i386/jre/lib/i386/libverify.so
b77ab000-b77ac000 ---p 0000b000 fc:01 25190843   /usr/lib/jvm/java-6-openjdk-i386/jre/lib/i386/libverify.so
b77ac000-b77ad000 r--p 0000b000 fc:01 25190843   /usr/lib/jvm/java-6-openjdk-i386/jre/lib/i386/libverify.so
b77ad000-b77ae000 rw-p 0000c000 fc:01 25190843   /usr/lib/jvm/java-6-openjdk-i386/jre/lib/i386/libverify.so
b77ae000-b77b0000 rw-p 00000000 00:00 0 
b77b0000-b77b1000 r-xp 00000000 00:00 0          [vdso]
b77b1000-b77d1000 r-xp 00000000 fc:00 8421369    /lib/i386-linux-gnu/ld-2.15.so
b77d1000-b77d2000 r--p 0001f000 fc:00 8421369    /lib/i386-linux-gnu/ld-2.15.so
b77d2000-b77d3000 rw-p 00020000 fc:00 8421369    /lib/i386-linux-gnu/ld-2.15.so
bf852000-bf874000 rw-p 00000000 00:00 0          [stack]

VM Arguments:
jvm_args: -agentlib:jdwp=transport=dt_socket,suspend=y,address=localhost:51328 -Djava.library.path=.:/usr/local/lib/R/site-library/rJava/jri -Dfile.encoding=UTF-8 
java_command: org.openforis.calc.Calc
Launcher Type: SUN_STANDARD

Environment Variables:
PATH=/home/gino/bin:/usr/lib/lightdm/lightdm:/usr/local/sbin:/usr/local/bin:/usr/sbin:/usr/bin:/sbin:/bin:/usr/games
LD_LIBRARY_PATH=/usr/lib/jvm/java-6-openjdk-i386/jre/lib/i386/server:/usr/lib/jvm/java-6-openjdk-i386/jre/lib/i386:/usr/lib/jvm/java-6-openjdk-i386/jre/../lib/i386:/usr/lib/jvm/java-6-openjdk-i386/jre/lib/i386/client:/usr/lib/jvm/java-6-openjdk-i386/jre/lib/i386::@JAVA_LD@
SHELL=/bin/bash
DISPLAY=:0

Signal Handlers:
SIGSEGV: [libjvm.so+0x66b2b0], sa_mask[0]=0x7ffbfeff, sa_flags=0x10000004
SIGBUS: [libjvm.so+0x66b2b0], sa_mask[0]=0x7ffbfeff, sa_flags=0x10000004
SIGFPE: [libjvm.so+0x52e950], sa_mask[0]=0x7ffbfeff, sa_flags=0x10000004
SIGPIPE: [libjvm.so+0x52e950], sa_mask[0]=0x7ffbfeff, sa_flags=0x10000004
SIGXFSZ: [libjvm.so+0x52e950], sa_mask[0]=0x7ffbfeff, sa_flags=0x10000004
SIGILL: [libjvm.so+0x52e950], sa_mask[0]=0x7ffbfeff, sa_flags=0x10000004
SIGUSR1: SIG_DFL, sa_mask[0]=0x00000000, sa_flags=0x00000000
SIGUSR2: [libjvm.so+0x52e7e0], sa_mask[0]=0x00000004, sa_flags=0x10000004
SIGHUP: [libjvm.so+0x531770], sa_mask[0]=0x7ffbfeff, sa_flags=0x10000004
SIGINT: [libreadline.so.6+0x1f6b0], sa_mask[0]=0x00000000, sa_flags=0x00000000
SIGTERM: [libreadline.so.6+0x1f6b0], sa_mask[0]=0x00000000, sa_flags=0x00000000
SIGQUIT: [libreadline.so.6+0x1f6b0], sa_mask[0]=0x00000000, sa_flags=0x00000000


---------------  S Y S T E M  ---------------

OS:Ubuntu 12.04 (precise)
uname:Linux 3.2.0-41-generic-pae #66-Ubuntu SMP Thu Apr 25 03:50:20 UTC 2013 i686
libc:glibc 2.15 NPTL 2.15 
rlimit: STACK 8192k, CORE 0k, NPROC 63432, NOFILE 4096, AS infinity
load average:1.96 1.21 0.94

/proc/meminfo:
MemTotal:        8134976 kB
MemFree:          658776 kB
Buffers:            5504 kB
Cached:          3916292 kB
SwapCached:           44 kB
Active:          4293688 kB
Inactive:        2200684 kB
Active(anon):    2312964 kB
Inactive(anon):   290796 kB
Active(file):    1980724 kB
Inactive(file):  1909888 kB
Unevictable:          48 kB
Mlocked:              48 kB
HighTotal:       7342084 kB
HighFree:         480172 kB
LowTotal:         792892 kB
LowFree:          178604 kB
SwapTotal:      15622140 kB
SwapFree:       15621796 kB
Dirty:               284 kB
Writeback:             0 kB
AnonPages:       2572604 kB
Mapped:           447412 kB
Shmem:             31184 kB
Slab:             377744 kB
SReclaimable:     327060 kB
SUnreclaim:        50684 kB
KernelStack:        5568 kB
PageTables:        22932 kB
NFS_Unstable:          0 kB
Bounce:                0 kB
WritebackTmp:          0 kB
CommitLimit:    19689628 kB
Committed_AS:    5585196 kB
VmallocTotal:     122880 kB
VmallocUsed:       40692 kB
VmallocChunk:      75956 kB
HardwareCorrupted:     0 kB
AnonHugePages:         0 kB
HugePages_Total:       0
HugePages_Free:        0
HugePages_Rsvd:        0
HugePages_Surp:        0
Hugepagesize:       2048 kB
DirectMap4k:        8184 kB
DirectMap2M:      905216 kB


CPU:total 4 (4 cores per cpu, 1 threads per core) family 6 model 23 stepping 10, cmov, cx8, fxsr, mmx, sse, sse2, sse3, ssse3, sse4.1

Memory: 4k page, physical 8134976k(658776k free), swap 15622140k(15621796k free)

vm_info: OpenJDK Server VM (20.0-b12) for linux-x86 JRE (1.6.0_27-b27), built on Apr 25 2013 14:59:06 by "buildd" with gcc 4.6.3

time: Wed Jun 19 09:49:33 2013
elapsed time: 4 seconds

